Using pre-set license
Built from '2020.3/staging' branch; Version is '2020.3.9f1 (108be757e447) revision 1084391'; Using compiler version '192528614'; Build Type 'Release'
OS: 'Windows 10 Home; OS build 14393.2214; Version 1607; 64bit' Language: 'en' Physical Memory: 12279 MB
BatchMode: 1, IsHumanControllingUs: 0, StartBugReporterOnCrash: 0, Is64bit: 1, IsPro: 0

 COMMAND LINE ARGUMENTS:
C:\Program Files\Unity\Hub\Editor\2020.3.9f1\Editor\Unity.exe
-adb2
-batchMode
-noUpm
-name
AssetImportWorker0
-projectPath
F:/Unity/Projects/RE_Test
-logFile
Logs/AssetImportWorker0.log
-srvPort
54666
Successfully changed project path to: F:/Unity/Projects/RE_Test
F:/Unity/Projects/RE_Test
Using Asset Import Pipeline V2.
Refreshing native plugins compatible for Editor in 77.19 ms, found 0 plugins.
Preloading 0 native plugins for Editor in 0.00 ms.
Initialize engine version: 2020.3.9f1 (108be757e447)
[Subsystems] Discovering subsystems at path C:/Program Files/Unity/Hub/Editor/2020.3.9f1/Editor/Data/Resources/UnitySubsystems
[Subsystems] Discovering subsystems at path F:/Unity/Projects/RE_Test/Assets
GfxDevice: creating device client; threaded=0
Direct3D:
    Version:  Direct3D 11.0 [level 11.1]
    Renderer: AMD Radeon HD 7800 Series (ID=0x6818)
    Vendor:   
    VRAM:     2027 MB
    Driver:   26.20.15029.27017
Initialize mono
Mono path[0] = 'C:/Program Files/Unity/Hub/Editor/2020.3.9f1/Editor/Data/Managed'
Mono path[1] = 'C:/Program Files/Unity/Hub/Editor/2020.3.9f1/Editor/Data/MonoBleedingEdge/lib/mono/unityjit'
Mono config path = 'C:/Program Files/Unity/Hub/Editor/2020.3.9f1/Editor/Data/MonoBleedingEdge/etc'
Using monoOptions --debugger-agent=transport=dt_socket,embedding=1,server=y,suspend=n,address=127.0.0.1:56096
Begin MonoManager ReloadAssembly
Registering precompiled unity dll's ...
Register platform support module: C:/Program Files/Unity/Hub/Editor/2020.3.9f1/Editor/Data/PlaybackEngines/WebGLSupport/UnityEditor.WebGL.Extensions.dll
Register platform support module: C:/Program Files/Unity/Hub/Editor/2020.3.9f1/Editor/Data/PlaybackEngines/WindowsStandaloneSupport/UnityEditor.WindowsStandalone.Extensions.dll
Registered in 0.002918 seconds.
Native extension for WindowsStandalone target not found
Native extension for WebGL target not found
Refreshing native plugins compatible for Editor in 79.26 ms, found 0 plugins.
Preloading 0 native plugins for Editor in 0.00 ms.
Mono: successfully reloaded assembly
- Completed reload, in  3.448 seconds
Platform modules already initialized, skipping
Registering precompiled user dll's ...
Registered in 0.001500 seconds.
Begin MonoManager ReloadAssembly
Native extension for WindowsStandalone target not found
Native extension for WebGL target not found
Refreshing native plugins compatible for Editor in 83.64 ms, found 0 plugins.
Preloading 0 native plugins for Editor in 0.00 ms.
Mono: successfully reloaded assembly
- Completed reload, in  1.541 seconds
Platform modules already initialized, skipping
========================================================================
Worker process is ready to serve import requests
Shader 'Universal Render Pipeline/Particles/Lit': fallback shader 'Universal Render Pipeline/Particles/SimpleLit' not found
Shader 'Universal Render Pipeline/Particles/Lit': fallback shader 'Universal Render Pipeline/Particles/SimpleLit' not found
Launched and connected shader compiler UnityShaderCompiler.exe after 0.05 seconds
Refreshing native plugins compatible for Editor in 0.75 ms, found 0 plugins.
Preloading 0 native plugins for Editor in 0.00 ms.
Unloading 2868 Unused Serialized files (Serialized files now loaded: 0)
System memory in use before: 130.7 MB.
System memory in use after: 128.0 MB.

Unloading 46 unused Assets to reduce memory usage. Loaded Objects now: 3282.
Total: 5.087325 ms (FindLiveObjects: 0.360781 ms CreateObjectMapping: 0.163788 ms MarkObjects: 2.769070 ms  DeleteObjects: 1.791451 ms)

========================================================================
Received Import Request.
  path: Assets/Scripts/PlayerController.cs
  artifactKey: Guid(b1b33040d91236548ab9ac328b398304) Importer(815301076,1909f56bfc062723c751e8b465ee728b)
Start importing Assets/Scripts/PlayerController.cs using Guid(b1b33040d91236548ab9ac328b398304) Importer(815301076,1909f56bfc062723c751e8b465ee728b)  -> (artifact id: 'c924d57bace097b1697e725173b7e93d') in 0.031208 seconds
  Import took 0.036872 seconds .

========================================================================
Received Import Request.
  Time since last request: 54.316184 seconds.
  path: Assets/Scripts/PlayerController.cs
  artifactKey: Guid(b1b33040d91236548ab9ac328b398304) Importer(815301076,1909f56bfc062723c751e8b465ee728b)
Start importing Assets/Scripts/PlayerController.cs using Guid(b1b33040d91236548ab9ac328b398304) Importer(815301076,1909f56bfc062723c751e8b465ee728b)  -> (artifact id: 'd9189f192c331830424577844fc09490') in 0.004030 seconds
  Import took 0.011076 seconds .

========================================================================
Received Import Request.
  Time since last request: 0.001025 seconds.
  path: Assets/Scripts/PlayerController.cs
  artifactKey: Guid(b1b33040d91236548ab9ac328b398304) Importer(815301076,1909f56bfc062723c751e8b465ee728b)
Start importing Assets/Scripts/PlayerController.cs using Guid(b1b33040d91236548ab9ac328b398304) Importer(815301076,1909f56bfc062723c751e8b465ee728b)  -> (artifact id: 'd9189f192c331830424577844fc09490') in 0.002888 seconds
  Import took 0.009664 seconds .

========================================================================
Received Import Request.
  Time since last request: 170.994464 seconds.
  path: Assets/Scripts/PlayerController.cs
  artifactKey: Guid(b1b33040d91236548ab9ac328b398304) Importer(815301076,1909f56bfc062723c751e8b465ee728b)
Start importing Assets/Scripts/PlayerController.cs using Guid(b1b33040d91236548ab9ac328b398304) Importer(815301076,1909f56bfc062723c751e8b465ee728b)  -> (artifact id: '69f7da74fe523af88f86f50ace2d0a24') in 0.002983 seconds
  Import took 0.009267 seconds .

========================================================================
Received Import Request.
  Time since last request: 104.163773 seconds.
  path: Assets/Scripts/PlayerController.cs
  artifactKey: Guid(b1b33040d91236548ab9ac328b398304) Importer(815301076,1909f56bfc062723c751e8b465ee728b)
Start importing Assets/Scripts/PlayerController.cs using Guid(b1b33040d91236548ab9ac328b398304) Importer(815301076,1909f56bfc062723c751e8b465ee728b)  -> (artifact id: '5a0d3cdf11284eb794dfd99bf9e00f31') in 0.003260 seconds
  Import took 0.010645 seconds .

========================================================================
Received Import Request.
  Time since last request: 63.160869 seconds.
  path: Assets/Scripts/PlayerController.cs
  artifactKey: Guid(b1b33040d91236548ab9ac328b398304) Importer(815301076,1909f56bfc062723c751e8b465ee728b)
Start importing Assets/Scripts/PlayerController.cs using Guid(b1b33040d91236548ab9ac328b398304) Importer(815301076,1909f56bfc062723c751e8b465ee728b)  -> (artifact id: 'f7b4f02050a9ec8d5cce4c831d8541ad') in 0.002869 seconds
  Import took 0.009324 seconds .

========================================================================
Received Import Request.
  Time since last request: 0.000342 seconds.
  path: Assets/Scripts/PlayerController.cs
  artifactKey: Guid(b1b33040d91236548ab9ac328b398304) Importer(815301076,1909f56bfc062723c751e8b465ee728b)
Start importing Assets/Scripts/PlayerController.cs using Guid(b1b33040d91236548ab9ac328b398304) Importer(815301076,1909f56bfc062723c751e8b465ee728b)  -> (artifact id: 'f7b4f02050a9ec8d5cce4c831d8541ad') in 0.003541 seconds
  Import took 0.011026 seconds .

========================================================================
Received Prepare
Registering precompiled user dll's ...
Registered in 0.002304 seconds.
Begin MonoManager ReloadAssembly
Native extension for WindowsStandalone target not found
Native extension for WebGL target not found
Refreshing native plugins compatible for Editor in 0.75 ms, found 0 plugins.
Preloading 0 native plugins for Editor in 0.00 ms.
Mono: successfully reloaded assembly
- Completed reload, in  1.452 seconds
Platform modules already initialized, skipping
Shader 'Universal Render Pipeline/Particles/Lit': fallback shader 'Universal Render Pipeline/Particles/SimpleLit' not found
Shader 'Universal Render Pipeline/Particles/Lit': fallback shader 'Universal Render Pipeline/Particles/SimpleLit' not found
Refreshing native plugins compatible for Editor in 0.93 ms, found 0 plugins.
Preloading 0 native plugins for Editor in 0.00 ms.
Unloading 2789 Unused Serialized files (Serialized files now loaded: 0)
System memory in use before: 126.9 MB.
System memory in use after: 124.2 MB.

Unloading 39 unused Assets to reduce memory usage. Loaded Objects now: 3285.
Total: 5.363817 ms (FindLiveObjects: 0.379618 ms CreateObjectMapping: 0.154848 ms MarkObjects: 2.813130 ms  DeleteObjects: 2.014305 ms)

========================================================================
Received Prepare
Registering precompiled user dll's ...
Registered in 0.001724 seconds.
Begin MonoManager ReloadAssembly
Native extension for WindowsStandalone target not found
Native extension for WebGL target not found
Refreshing native plugins compatible for Editor in 0.87 ms, found 0 plugins.
Preloading 0 native plugins for Editor in 0.00 ms.
Mono: successfully reloaded assembly
- Completed reload, in  1.443 seconds
Platform modules already initialized, skipping
Shader 'Universal Render Pipeline/Particles/Lit': fallback shader 'Universal Render Pipeline/Particles/SimpleLit' not found
Shader 'Universal Render Pipeline/Particles/Lit': fallback shader 'Universal Render Pipeline/Particles/SimpleLit' not found
Refreshing native plugins compatible for Editor in 0.91 ms, found 0 plugins.
Preloading 0 native plugins for Editor in 0.00 ms.
Unloading 2789 Unused Serialized files (Serialized files now loaded: 0)
System memory in use before: 127.0 MB.
System memory in use after: 124.2 MB.

Unloading 39 unused Assets to reduce memory usage. Loaded Objects now: 3288.
Total: 5.220462 ms (FindLiveObjects: 0.354714 ms CreateObjectMapping: 0.157402 ms MarkObjects: 2.772263 ms  DeleteObjects: 1.934486 ms)

========================================================================
Received Prepare
Registering precompiled user dll's ...
Registered in 0.001794 seconds.
Begin MonoManager ReloadAssembly
Native extension for WindowsStandalone target not found
Native extension for WebGL target not found
Refreshing native plugins compatible for Editor in 0.76 ms, found 0 plugins.
Preloading 0 native plugins for Editor in 0.00 ms.
Mono: successfully reloaded assembly
- Completed reload, in  1.436 seconds
Platform modules already initialized, skipping
Shader 'Universal Render Pipeline/Particles/Lit': fallback shader 'Universal Render Pipeline/Particles/SimpleLit' not found
Shader 'Universal Render Pipeline/Particles/Lit': fallback shader 'Universal Render Pipeline/Particles/SimpleLit' not found
Refreshing native plugins compatible for Editor in 0.79 ms, found 0 plugins.
Preloading 0 native plugins for Editor in 0.00 ms.
Unloading 2789 Unused Serialized files (Serialized files now loaded: 0)
System memory in use before: 127.0 MB.
System memory in use after: 124.3 MB.

Unloading 39 unused Assets to reduce memory usage. Loaded Objects now: 3291.
Total: 5.364775 ms (FindLiveObjects: 0.351522 ms CreateObjectMapping: 0.161234 ms MarkObjects: 2.851763 ms  DeleteObjects: 1.997064 ms)

========================================================================
Received Import Request.
  Time since last request: 134.841657 seconds.
  path: Assets/Scripts/PlayerController.cs
  artifactKey: Guid(b1b33040d91236548ab9ac328b398304) Importer(815301076,1909f56bfc062723c751e8b465ee728b)
Start importing Assets/Scripts/PlayerController.cs using Guid(b1b33040d91236548ab9ac328b398304) Importer(815301076,1909f56bfc062723c751e8b465ee728b)  -> (artifact id: '60b5f827fd0203732dba2fb953728412') in 0.008239 seconds
  Import took 0.014625 seconds .

========================================================================
Received Import Request.
  Time since last request: 3.047585 seconds.
  path: Assets/Scripts/PlayerController.cs
  artifactKey: Guid(b1b33040d91236548ab9ac328b398304) Importer(815301076,1909f56bfc062723c751e8b465ee728b)
Start importing Assets/Scripts/PlayerController.cs using Guid(b1b33040d91236548ab9ac328b398304) Importer(815301076,1909f56bfc062723c751e8b465ee728b)  -> (artifact id: '60b5f827fd0203732dba2fb953728412') in 0.003677 seconds
  Import took 0.009618 seconds .

========================================================================
Received Prepare
Registering precompiled user dll's ...
Registered in 0.002033 seconds.
Begin MonoManager ReloadAssembly
Native extension for WindowsStandalone target not found
Native extension for WebGL target not found
Refreshing native plugins compatible for Editor in 0.76 ms, found 0 plugins.
Preloading 0 native plugins for Editor in 0.00 ms.
Mono: successfully reloaded assembly
- Completed reload, in  1.432 seconds
Platform modules already initialized, skipping
Shader 'Universal Render Pipeline/Particles/Lit': fallback shader 'Universal Render Pipeline/Particles/SimpleLit' not found
Shader 'Universal Render Pipeline/Particles/Lit': fallback shader 'Universal Render Pipeline/Particles/SimpleLit' not found
Refreshing native plugins compatible for Editor in 0.77 ms, found 0 plugins.
Preloading 0 native plugins for Editor in 0.00 ms.
Unloading 2789 Unused Serialized files (Serialized files now loaded: 0)
System memory in use before: 127.0 MB.
System memory in use after: 124.3 MB.

Unloading 39 unused Assets to reduce memory usage. Loaded Objects now: 3294.
Total: 7.804992 ms (FindLiveObjects: 0.497749 ms CreateObjectMapping: 0.203059 ms MarkObjects: 4.146422 ms  DeleteObjects: 2.954569 ms)

========================================================================
Received Prepare
Registering precompiled user dll's ...
Registered in 0.001721 seconds.
Begin MonoManager ReloadAssembly
Native extension for WindowsStandalone target not found
Native extension for WebGL target not found
Refreshing native plugins compatible for Editor in 0.77 ms, found 0 plugins.
Preloading 0 native plugins for Editor in 0.00 ms.
Mono: successfully reloaded assembly
- Completed reload, in  1.461 seconds
Platform modules already initialized, skipping
Shader 'Universal Render Pipeline/Particles/Lit': fallback shader 'Universal Render Pipeline/Particles/SimpleLit' not found
Shader 'Universal Render Pipeline/Particles/Lit': fallback shader 'Universal Render Pipeline/Particles/SimpleLit' not found
Refreshing native plugins compatible for Editor in 0.84 ms, found 0 plugins.
Preloading 0 native plugins for Editor in 0.00 ms.
Unloading 2789 Unused Serialized files (Serialized files now loaded: 0)
System memory in use before: 127.0 MB.
System memory in use after: 124.3 MB.

Unloading 39 unused Assets to reduce memory usage. Loaded Objects now: 3297.
Total: 9.188091 ms (FindLiveObjects: 0.749977 ms CreateObjectMapping: 0.224450 ms MarkObjects: 5.116379 ms  DeleteObjects: 3.094092 ms)

========================================================================
Received Prepare
Registering precompiled user dll's ...
Registered in 0.001713 seconds.
Begin MonoManager ReloadAssembly
Native extension for WindowsStandalone target not found
Native extension for WebGL target not found
Refreshing native plugins compatible for Editor in 0.82 ms, found 0 plugins.
Preloading 0 native plugins for Editor in 0.00 ms.
Mono: successfully reloaded assembly
- Completed reload, in  1.490 seconds
Platform modules already initialized, skipping
Shader 'Universal Render Pipeline/Particles/Lit': fallback shader 'Universal Render Pipeline/Particles/SimpleLit' not found
Shader 'Universal Render Pipeline/Particles/Lit': fallback shader 'Universal Render Pipeline/Particles/SimpleLit' not found
Refreshing native plugins compatible for Editor in 0.74 ms, found 0 plugins.
Preloading 0 native plugins for Editor in 0.00 ms.
Unloading 2789 Unused Serialized files (Serialized files now loaded: 0)
System memory in use before: 127.0 MB.
System memory in use after: 124.3 MB.

Unloading 39 unused Assets to reduce memory usage. Loaded Objects now: 3300.
Total: 5.333805 ms (FindLiveObjects: 0.350244 ms CreateObjectMapping: 0.157402 ms MarkObjects: 2.844100 ms  DeleteObjects: 1.979504 ms)

========================================================================
Received Prepare
Registering precompiled user dll's ...
Registered in 0.001954 seconds.
Begin MonoManager ReloadAssembly
Native extension for WindowsStandalone target not found
Native extension for WebGL target not found
Refreshing native plugins compatible for Editor in 0.77 ms, found 0 plugins.
Preloading 0 native plugins for Editor in 0.00 ms.
Mono: successfully reloaded assembly
- Completed reload, in  1.447 seconds
Platform modules already initialized, skipping
Shader 'Universal Render Pipeline/Particles/Lit': fallback shader 'Universal Render Pipeline/Particles/SimpleLit' not found
Shader 'Universal Render Pipeline/Particles/Lit': fallback shader 'Universal Render Pipeline/Particles/SimpleLit' not found
Refreshing native plugins compatible for Editor in 0.76 ms, found 0 plugins.
Preloading 0 native plugins for Editor in 0.00 ms.
Unloading 2789 Unused Serialized files (Serialized files now loaded: 0)
System memory in use before: 127.0 MB.
System memory in use after: 124.3 MB.

Unloading 39 unused Assets to reduce memory usage. Loaded Objects now: 3303.
Total: 6.512887 ms (FindLiveObjects: 0.383449 ms CreateObjectMapping: 0.161553 ms MarkObjects: 3.685708 ms  DeleteObjects: 2.279622 ms)

========================================================================
Received Prepare
Registering precompiled user dll's ...
Registered in 0.001751 seconds.
Begin MonoManager ReloadAssembly
Native extension for WindowsStandalone target not found
Native extension for WebGL target not found
Refreshing native plugins compatible for Editor in 0.75 ms, found 0 plugins.
Preloading 0 native plugins for Editor in 0.00 ms.
Mono: successfully reloaded assembly
- Completed reload, in  1.413 seconds
Platform modules already initialized, skipping
Shader 'Universal Render Pipeline/Particles/Lit': fallback shader 'Universal Render Pipeline/Particles/SimpleLit' not found
Shader 'Universal Render Pipeline/Particles/Lit': fallback shader 'Universal Render Pipeline/Particles/SimpleLit' not found
Refreshing native plugins compatible for Editor in 0.92 ms, found 0 plugins.
Preloading 0 native plugins for Editor in 0.00 ms.
Unloading 2789 Unused Serialized files (Serialized files now loaded: 0)
System memory in use before: 127.1 MB.
System memory in use after: 124.3 MB.

Unloading 39 unused Assets to reduce memory usage. Loaded Objects now: 3306.
Total: 5.574219 ms (FindLiveObjects: 0.344498 ms CreateObjectMapping: 0.155168 ms MarkObjects: 2.849528 ms  DeleteObjects: 2.222791 ms)

========================================================================
Received Prepare
Registering precompiled user dll's ...
Registered in 0.001720 seconds.
Begin MonoManager ReloadAssembly
Native extension for WindowsStandalone target not found
Native extension for WebGL target not found
Refreshing native plugins compatible for Editor in 0.82 ms, found 0 plugins.
Preloading 0 native plugins for Editor in 0.00 ms.
Mono: successfully reloaded assembly
- Completed reload, in  1.422 seconds
Platform modules already initialized, skipping
Shader 'Universal Render Pipeline/Particles/Lit': fallback shader 'Universal Render Pipeline/Particles/SimpleLit' not found
Shader 'Universal Render Pipeline/Particles/Lit': fallback shader 'Universal Render Pipeline/Particles/SimpleLit' not found
Refreshing native plugins compatible for Editor in 0.82 ms, found 0 plugins.
Preloading 0 native plugins for Editor in 0.00 ms.
Unloading 2789 Unused Serialized files (Serialized files now loaded: 0)
System memory in use before: 127.1 MB.
System memory in use after: 124.3 MB.

Unloading 39 unused Assets to reduce memory usage. Loaded Objects now: 3309.
Total: 5.270589 ms (FindLiveObjects: 0.341305 ms CreateObjectMapping: 0.161553 ms MarkObjects: 2.760131 ms  DeleteObjects: 2.005684 ms)

========================================================================
Received Import Request.
  Time since last request: 399.493009 seconds.
  path: Assets/StarterAssets/ThirdPersonController/Character/Animations/StarterAssetsThirdPerson.controller
  artifactKey: Guid(40db3173a05ae3242b1c182a09b0a183) Importer(815301076,1909f56bfc062723c751e8b465ee728b)
Start importing Assets/StarterAssets/ThirdPersonController/Character/Animations/StarterAssetsThirdPerson.controller using Guid(40db3173a05ae3242b1c182a09b0a183) Importer(815301076,1909f56bfc062723c751e8b465ee728b)  -> (artifact id: '3d3c30671ed4fb1adb552ad6b1a38c58') in 0.044582 seconds
  Import took 0.052815 seconds .

========================================================================
Received Import Request.
  Time since last request: 405.367756 seconds.
  path: Assets/Animations
  artifactKey: Guid(2ab2ab1208090904a8dba3f043b57ba4) Importer(815301076,1909f56bfc062723c751e8b465ee728b)
Start importing Assets/Animations using Guid(2ab2ab1208090904a8dba3f043b57ba4) Importer(815301076,1909f56bfc062723c751e8b465ee728b)  -> (artifact id: 'b050d6e1b68f8bd0a0349f785250b1a1') in 0.009036 seconds
  Import took 0.015544 seconds .

========================================================================
Received Import Request.
  Time since last request: 1.836147 seconds.
  path: Assets/Animations/xbot@Pistol Idle.fbx
  artifactKey: Guid(0158d56d3f8d468438669a3dc85dd209) Importer(815301076,1909f56bfc062723c751e8b465ee728b)
Start importing Assets/Animations/xbot@Pistol Idle.fbx using Guid(0158d56d3f8d468438669a3dc85dd209) Importer(815301076,1909f56bfc062723c751e8b465ee728b)  -> (artifact id: '613c89096792d82405103352da0db31c') in 0.502895 seconds
  Import took 0.509630 seconds .

========================================================================
Received Import Request.
  Time since last request: 8.148282 seconds.
  path: Assets/Animations/xbot@Pistol Idle.fbx
  artifactKey: Guid(0158d56d3f8d468438669a3dc85dd209) Importer(815301076,1909f56bfc062723c751e8b465ee728b)
Start importing Assets/Animations/xbot@Pistol Idle.fbx using Guid(0158d56d3f8d468438669a3dc85dd209) Importer(815301076,1909f56bfc062723c751e8b465ee728b)  -> (artifact id: '25cc1d589e934c7babc975497683af91') in 0.065105 seconds
  Import took 0.071757 seconds .

========================================================================
Received Import Request.
  Time since last request: 13.628628 seconds.
  path: Assets/Animations/xbot@Pistol Idle.fbx
  artifactKey: Guid(0158d56d3f8d468438669a3dc85dd209) Importer(815301076,1909f56bfc062723c751e8b465ee728b)
Start importing Assets/Animations/xbot@Pistol Idle.fbx using Guid(0158d56d3f8d468438669a3dc85dd209) Importer(815301076,1909f56bfc062723c751e8b465ee728b)  -> (artifact id: '1501c80d1c661f978aa65a1474246c6d') in 0.061510 seconds
  Import took 0.068443 seconds .

========================================================================
Received Import Request.
  Time since last request: 506.881526 seconds.
  path: Assets/Scripts/PlayerAnimation.cs
  artifactKey: Guid(9d422c46b0f7a1b40ab2aaf16e50ce7c) Importer(815301076,1909f56bfc062723c751e8b465ee728b)
Start importing Assets/Scripts/PlayerAnimation.cs using Guid(9d422c46b0f7a1b40ab2aaf16e50ce7c) Importer(815301076,1909f56bfc062723c751e8b465ee728b)  -> (artifact id: '1d6d20b50e715f8f8033fd1ac4fa6ae3') in 0.011014 seconds
  Import took 0.021102 seconds .

========================================================================
Received Prepare
Registering precompiled user dll's ...
Registered in 0.001738 seconds.
Begin MonoManager ReloadAssembly
Native extension for WindowsStandalone target not found
Native extension for WebGL target not found
Refreshing native plugins compatible for Editor in 0.90 ms, found 0 plugins.
Preloading 0 native plugins for Editor in 0.00 ms.
Mono: successfully reloaded assembly
- Completed reload, in  1.663 seconds
Platform modules already initialized, skipping
Shader 'Universal Render Pipeline/Particles/Lit': fallback shader 'Universal Render Pipeline/Particles/SimpleLit' not found
Shader 'Universal Render Pipeline/Particles/Lit': fallback shader 'Universal Render Pipeline/Particles/SimpleLit' not found
Refreshing native plugins compatible for Editor in 0.91 ms, found 0 plugins.
Preloading 0 native plugins for Editor in 0.00 ms.
Unloading 2789 Unused Serialized files (Serialized files now loaded: 0)
System memory in use before: 146.3 MB.
System memory in use after: 143.6 MB.

Unloading 39 unused Assets to reduce memory usage. Loaded Objects now: 3394.
Total: 6.122095 ms (FindLiveObjects: 0.686441 ms CreateObjectMapping: 0.193481 ms MarkObjects: 3.231380 ms  DeleteObjects: 2.007919 ms)

========================================================================
Received Import Request.
  Time since last request: 18.561451 seconds.
  path: Assets/Scripts/PlayerAnimation.cs
  artifactKey: Guid(9d422c46b0f7a1b40ab2aaf16e50ce7c) Importer(815301076,1909f56bfc062723c751e8b465ee728b)
Start importing Assets/Scripts/PlayerAnimation.cs using Guid(9d422c46b0f7a1b40ab2aaf16e50ce7c) Importer(815301076,1909f56bfc062723c751e8b465ee728b)  -> (artifact id: '800e510d117c4668e0f94381a559a1c1') in 0.008921 seconds
  Import took 0.015222 seconds .

========================================================================
Received Import Request.
  Time since last request: 2.424186 seconds.
  path: Assets/Scripts/PlayerAnimation.cs
  artifactKey: Guid(9d422c46b0f7a1b40ab2aaf16e50ce7c) Importer(815301076,1909f56bfc062723c751e8b465ee728b)
Start importing Assets/Scripts/PlayerAnimation.cs using Guid(9d422c46b0f7a1b40ab2aaf16e50ce7c) Importer(815301076,1909f56bfc062723c751e8b465ee728b)  -> (artifact id: '800e510d117c4668e0f94381a559a1c1') in 0.004252 seconds
  Import took 0.011812 seconds .

========================================================================
Received Prepare
Registering precompiled user dll's ...
Registered in 0.002144 seconds.
Begin MonoManager ReloadAssembly
Native extension for WindowsStandalone target not found
Native extension for WebGL target not found
Refreshing native plugins compatible for Editor in 0.78 ms, found 0 plugins.
Preloading 0 native plugins for Editor in 0.00 ms.
Mono: successfully reloaded assembly
- Completed reload, in  1.618 seconds
Platform modules already initialized, skipping
Shader 'Universal Render Pipeline/Particles/Lit': fallback shader 'Universal Render Pipeline/Particles/SimpleLit' not found
Shader 'Universal Render Pipeline/Particles/Lit': fallback shader 'Universal Render Pipeline/Particles/SimpleLit' not found
Refreshing native plugins compatible for Editor in 0.83 ms, found 0 plugins.
Preloading 0 native plugins for Editor in 0.00 ms.
Unloading 2789 Unused Serialized files (Serialized files now loaded: 0)
System memory in use before: 146.3 MB.
System memory in use after: 143.6 MB.

Unloading 39 unused Assets to reduce memory usage. Loaded Objects now: 3397.
Total: 6.773096 ms (FindLiveObjects: 0.388557 ms CreateObjectMapping: 0.157402 ms MarkObjects: 4.093422 ms  DeleteObjects: 2.131159 ms)

========================================================================
Received Prepare
Registering precompiled user dll's ...
Registered in 0.001791 seconds.
Begin MonoManager ReloadAssembly
Native extension for WindowsStandalone target not found
Native extension for WebGL target not found
Refreshing native plugins compatible for Editor in 0.81 ms, found 0 plugins.
Preloading 0 native plugins for Editor in 0.00 ms.
Mono: successfully reloaded assembly
- Completed reload, in  1.699 seconds
Platform modules already initialized, skipping
Shader 'Universal Render Pipeline/Particles/Lit': fallback shader 'Universal Render Pipeline/Particles/SimpleLit' not found
Shader 'Universal Render Pipeline/Particles/Lit': fallback shader 'Universal Render Pipeline/Particles/SimpleLit' not found
Refreshing native plugins compatible for Editor in 0.75 ms, found 0 plugins.
Preloading 0 native plugins for Editor in 0.00 ms.
Unloading 2789 Unused Serialized files (Serialized files now loaded: 0)
System memory in use before: 146.3 MB.
System memory in use after: 143.6 MB.

Unloading 39 unused Assets to reduce memory usage. Loaded Objects now: 3400.
Total: 5.725555 ms (FindLiveObjects: 0.412184 ms CreateObjectMapping: 0.165704 ms MarkObjects: 2.876666 ms  DeleteObjects: 2.268767 ms)

========================================================================
Received Prepare
Registering precompiled user dll's ...
Registered in 0.002880 seconds.
Begin MonoManager ReloadAssembly
Native extension for WindowsStandalone target not found
Native extension for WebGL target not found
Refreshing native plugins compatible for Editor in 0.80 ms, found 0 plugins.
Preloading 0 native plugins for Editor in 0.00 ms.
Mono: successfully reloaded assembly
- Completed reload, in  1.843 seconds
Platform modules already initialized, skipping
Shader 'Universal Render Pipeline/Particles/Lit': fallback shader 'Universal Render Pipeline/Particles/SimpleLit' not found
Shader 'Universal Render Pipeline/Particles/Lit': fallback shader 'Universal Render Pipeline/Particles/SimpleLit' not found
Refreshing native plugins compatible for Editor in 1.87 ms, found 0 plugins.
Preloading 0 native plugins for Editor in 0.00 ms.
Unloading 2789 Unused Serialized files (Serialized files now loaded: 0)
System memory in use before: 146.3 MB.
System memory in use after: 143.6 MB.

Unloading 39 unused Assets to reduce memory usage. Loaded Objects now: 3403.
Total: 9.259927 ms (FindLiveObjects: 0.401967 ms CreateObjectMapping: 0.191884 ms MarkObjects: 4.473998 ms  DeleteObjects: 4.155042 ms)

========================================================================
Received Import Request.
  Time since last request: 495.608437 seconds.
  path: Assets/Animations/xbot@Pistol Idle.fbx
  artifactKey: Guid(0158d56d3f8d468438669a3dc85dd209) Importer(815301076,1909f56bfc062723c751e8b465ee728b)
Start importing Assets/Animations/xbot@Pistol Idle.fbx using Guid(0158d56d3f8d468438669a3dc85dd209) Importer(815301076,1909f56bfc062723c751e8b465ee728b)  -> (artifact id: '4b9c98570a78ba66c7d1e0e798ec1187') in 0.447277 seconds
  Import took 0.455456 seconds .

