Using pre-set license
Built from '2020.3/staging' branch; Version is '2020.3.9f1 (108be757e447) revision 1084391'; Using compiler version '192528614'; Build Type 'Release'
OS: 'Windows 10 Home; OS build 19043.1586; Version 2009; 64bit' Language: 'en' Physical Memory: 8103 MB
BatchMode: 1, IsHumanControllingUs: 0, StartBugReporterOnCrash: 0, Is64bit: 1, IsPro: 0

 COMMAND LINE ARGUMENTS:
C:\Program Files\Unity\2020.3.9f1\Editor\Unity.exe
-adb2
-batchMode
-noUpm
-name
AssetImportWorker0
-projectPath
C:/Users/al_dude360/Documents/GitHub/RE_Test
-logFile
Logs/AssetImportWorker0.log
-srvPort
3729
Successfully changed project path to: C:/Users/al_dude360/Documents/GitHub/RE_Test
C:/Users/al_dude360/Documents/GitHub/RE_Test
Using Asset Import Pipeline V2.
Refreshing native plugins compatible for Editor in 75.06 ms, found 0 plugins.
Preloading 0 native plugins for Editor in 0.00 ms.
Initialize engine version: 2020.3.9f1 (108be757e447)
[Subsystems] Discovering subsystems at path C:/Program Files/Unity/2020.3.9f1/Editor/Data/Resources/UnitySubsystems
[Subsystems] Discovering subsystems at path C:/Users/al_dude360/Documents/GitHub/RE_Test/Assets
GfxDevice: creating device client; threaded=0
Direct3D:
    Version:  Direct3D 11.0 [level 11.0]
    Renderer: NVIDIA GeForce 840M (ID=0x1341)
    Vendor:   
    VRAM:     2010 MB
    Driver:   30.0.14.9729
Shader 'Universal Render Pipeline/Particles/Lit': fallback shader 'Universal Render Pipeline/Particles/SimpleLit' not found
Initialize mono
Mono path[0] = 'C:/Program Files/Unity/2020.3.9f1/Editor/Data/Managed'
Mono path[1] = 'C:/Program Files/Unity/2020.3.9f1/Editor/Data/MonoBleedingEdge/lib/mono/unityjit'
Mono config path = 'C:/Program Files/Unity/2020.3.9f1/Editor/Data/MonoBleedingEdge/etc'
Using monoOptions --debugger-agent=transport=dt_socket,embedding=1,server=y,suspend=n,address=127.0.0.1:56948
Begin MonoManager ReloadAssembly
Registering precompiled unity dll's ...
Register platform support module: C:/Program Files/Unity/2020.3.9f1/Editor/Data/PlaybackEngines/WebGLSupport/UnityEditor.WebGL.Extensions.dll
Register platform support module: C:/Program Files/Unity/2020.3.9f1/Editor/Data/PlaybackEngines/WindowsStandaloneSupport/UnityEditor.WindowsStandalone.Extensions.dll
Registered in 0.006539 seconds.
Native extension for WindowsStandalone target not found
Native extension for WebGL target not found
Refreshing native plugins compatible for Editor in 133.05 ms, found 0 plugins.
Preloading 0 native plugins for Editor in 0.00 ms.
Mono: successfully reloaded assembly
- Completed reload, in  4.367 seconds
Platform modules already initialized, skipping
Registering precompiled user dll's ...
Registered in 0.003811 seconds.
Begin MonoManager ReloadAssembly
Native extension for WindowsStandalone target not found
Native extension for WebGL target not found
Refreshing native plugins compatible for Editor in 127.66 ms, found 0 plugins.
Preloading 0 native plugins for Editor in 0.00 ms.
Mono: successfully reloaded assembly
- Completed reload, in  2.822 seconds
Platform modules already initialized, skipping
========================================================================
Worker process is ready to serve import requests
Shader 'Universal Render Pipeline/Particles/Lit': fallback shader 'Universal Render Pipeline/Particles/SimpleLit' not found
Launched and connected shader compiler UnityShaderCompiler.exe after 0.33 seconds
Refreshing native plugins compatible for Editor in 1.80 ms, found 0 plugins.
Preloading 0 native plugins for Editor in 0.00 ms.
Unloading 3017 Unused Serialized files (Serialized files now loaded: 0)
System memory in use before: 142.0 MB.
System memory in use after: 142.1 MB.

Unloading 12 unused Assets to reduce memory usage. Loaded Objects now: 3468.
Total: 6.726800 ms (FindLiveObjects: 0.609900 ms CreateObjectMapping: 0.364100 ms MarkObjects: 5.539800 ms  DeleteObjects: 0.210400 ms)

========================================================================
Received Import Request.
  path: Assets/Renderer/PixelPostProcess.mat
  artifactKey: Guid(eb37cf0183002fb44a1a53daf77a0962) Importer(815301076,1909f56bfc062723c751e8b465ee728b)
Start importing Assets/Renderer/PixelPostProcess.mat using Guid(eb37cf0183002fb44a1a53daf77a0962) Importer(815301076,1909f56bfc062723c751e8b465ee728b)  -> (artifact id: '427e6248e4fc55d6eec5e62f678aeabf') in 1.386979 seconds
  Import took 1.445402 seconds .

========================================================================
Received Import Request.
  Time since last request: 596.484861 seconds.
  path: Assets/MusicManager.cs
  artifactKey: Guid(565724eadc2516f479f362ff633b86fd) Importer(815301076,1909f56bfc062723c751e8b465ee728b)
Start importing Assets/MusicManager.cs using Guid(565724eadc2516f479f362ff633b86fd) Importer(815301076,1909f56bfc062723c751e8b465ee728b)  -> (artifact id: '93ca4a3be815e53700f51ad8105a64fd') in 0.685423 seconds
  Import took 0.777961 seconds .

========================================================================
Received Prepare
Registering precompiled user dll's ...
Registered in 0.002172 seconds.
Begin MonoManager ReloadAssembly
Native extension for WindowsStandalone target not found
Native extension for WebGL target not found
Refreshing native plugins compatible for Editor in 1.55 ms, found 0 plugins.
Preloading 0 native plugins for Editor in 0.00 ms.
Mono: successfully reloaded assembly
- Completed reload, in  2.530 seconds
Platform modules already initialized, skipping
Shader 'Universal Render Pipeline/Particles/Lit': fallback shader 'Universal Render Pipeline/Particles/SimpleLit' not found
Refreshing native plugins compatible for Editor in 1.19 ms, found 0 plugins.
Preloading 0 native plugins for Editor in 0.00 ms.
Unloading 2863 Unused Serialized files (Serialized files now loaded: 0)
System memory in use before: 136.1 MB.
System memory in use after: 136.3 MB.

Unloading 7 unused Assets to reduce memory usage. Loaded Objects now: 3550.
Total: 38.205200 ms (FindLiveObjects: 1.711600 ms CreateObjectMapping: 1.011000 ms MarkObjects: 35.322700 ms  DeleteObjects: 0.157000 ms)

========================================================================
Received Import Request.
  Time since last request: 4092.952727 seconds.
  path: Assets/MusicManager.cs
  artifactKey: Guid(565724eadc2516f479f362ff633b86fd) Importer(815301076,1909f56bfc062723c751e8b465ee728b)
Start importing Assets/MusicManager.cs using Guid(565724eadc2516f479f362ff633b86fd) Importer(815301076,1909f56bfc062723c751e8b465ee728b)  -> (artifact id: '93749a9831515be978fde2a9a060a899') in 0.012932 seconds
  Import took 0.033103 seconds .

========================================================================
Received Import Request.
  Time since last request: 74.624455 seconds.
  path: Assets/MusicManager.cs
  artifactKey: Guid(565724eadc2516f479f362ff633b86fd) Importer(815301076,1909f56bfc062723c751e8b465ee728b)
Start importing Assets/MusicManager.cs using Guid(565724eadc2516f479f362ff633b86fd) Importer(815301076,1909f56bfc062723c751e8b465ee728b)  -> (artifact id: '3fe2cfe8ab9f2dbe7ac8015912ff1f1f') in 0.010572 seconds
  Import took 0.039466 seconds .

========================================================================
Received Import Request.
  Time since last request: 0.005630 seconds.
  path: Assets/MusicManager.cs
  artifactKey: Guid(565724eadc2516f479f362ff633b86fd) Importer(815301076,1909f56bfc062723c751e8b465ee728b)
Start importing Assets/MusicManager.cs using Guid(565724eadc2516f479f362ff633b86fd) Importer(815301076,1909f56bfc062723c751e8b465ee728b)  -> (artifact id: '3fe2cfe8ab9f2dbe7ac8015912ff1f1f') in 0.009545 seconds
  Import took 0.033442 seconds .

========================================================================
Received Prepare
Registering precompiled user dll's ...
Registered in 0.003441 seconds.
Begin MonoManager ReloadAssembly
Native extension for WindowsStandalone target not found
Native extension for WebGL target not found
Refreshing native plugins compatible for Editor in 1.08 ms, found 0 plugins.
Preloading 0 native plugins for Editor in 0.00 ms.
Mono: successfully reloaded assembly
- Completed reload, in  1.826 seconds
Platform modules already initialized, skipping
Shader 'Universal Render Pipeline/Particles/Lit': fallback shader 'Universal Render Pipeline/Particles/SimpleLit' not found
Refreshing native plugins compatible for Editor in 1.57 ms, found 0 plugins.
Preloading 0 native plugins for Editor in 0.00 ms.
Unloading 2863 Unused Serialized files (Serialized files now loaded: 0)
System memory in use before: 136.1 MB.
System memory in use after: 136.3 MB.

Unloading 7 unused Assets to reduce memory usage. Loaded Objects now: 3553.
Total: 6.651000 ms (FindLiveObjects: 0.608900 ms CreateObjectMapping: 0.318200 ms MarkObjects: 5.605500 ms  DeleteObjects: 0.116400 ms)

