Using pre-set license
Built from '2020.3/staging' branch; Version is '2020.3.9f1 (108be757e447) revision 1084391'; Using compiler version '192528614'; Build Type 'Release'
OS: 'Windows 10 Home; OS build 14393.2214; Version 1607; 64bit' Language: 'en' Physical Memory: 12279 MB
BatchMode: 1, IsHumanControllingUs: 0, StartBugReporterOnCrash: 0, Is64bit: 1, IsPro: 0

 COMMAND LINE ARGUMENTS:
C:\Program Files\Unity\Hub\Editor\2020.3.9f1\Editor\Unity.exe
-adb2
-batchMode
-noUpm
-name
AssetImportWorker2
-projectPath
F:/Unity/Projects/RE_Test
-logFile
Logs/AssetImportWorker2.log
-srvPort
50184
Successfully changed project path to: F:/Unity/Projects/RE_Test
F:/Unity/Projects/RE_Test
Using Asset Import Pipeline V2.
Refreshing native plugins compatible for Editor in 78.72 ms, found 0 plugins.
Preloading 0 native plugins for Editor in 0.00 ms.
Initialize engine version: 2020.3.9f1 (108be757e447)
[Subsystems] Discovering subsystems at path C:/Program Files/Unity/Hub/Editor/2020.3.9f1/Editor/Data/Resources/UnitySubsystems
[Subsystems] Discovering subsystems at path F:/Unity/Projects/RE_Test/Assets
GfxDevice: creating device client; threaded=0
Direct3D:
    Version:  Direct3D 11.0 [level 11.1]
    Renderer: AMD Radeon HD 7800 Series (ID=0x6818)
    Vendor:   
    VRAM:     2027 MB
    Driver:   26.20.15029.27017
Initialize mono
Mono path[0] = 'C:/Program Files/Unity/Hub/Editor/2020.3.9f1/Editor/Data/Managed'
Mono path[1] = 'C:/Program Files/Unity/Hub/Editor/2020.3.9f1/Editor/Data/MonoBleedingEdge/lib/mono/unityjit'
Mono config path = 'C:/Program Files/Unity/Hub/Editor/2020.3.9f1/Editor/Data/MonoBleedingEdge/etc'
Using monoOptions --debugger-agent=transport=dt_socket,embedding=1,server=y,suspend=n,address=127.0.0.1:56348
Begin MonoManager ReloadAssembly
Registering precompiled unity dll's ...
Register platform support module: C:/Program Files/Unity/Hub/Editor/2020.3.9f1/Editor/Data/PlaybackEngines/WebGLSupport/UnityEditor.WebGL.Extensions.dll
Register platform support module: C:/Program Files/Unity/Hub/Editor/2020.3.9f1/Editor/Data/PlaybackEngines/WindowsStandaloneSupport/UnityEditor.WindowsStandalone.Extensions.dll
Registered in 0.002797 seconds.
Native extension for WindowsStandalone target not found
Native extension for WebGL target not found
Refreshing native plugins compatible for Editor in 76.86 ms, found 0 plugins.
Preloading 0 native plugins for Editor in 0.00 ms.
Mono: successfully reloaded assembly
- Completed reload, in  3.223 seconds
Platform modules already initialized, skipping
Registering precompiled user dll's ...
Registered in 0.001356 seconds.
Begin MonoManager ReloadAssembly
Native extension for WindowsStandalone target not found
Native extension for WebGL target not found
Refreshing native plugins compatible for Editor in 85.44 ms, found 0 plugins.
Preloading 0 native plugins for Editor in 0.00 ms.
Mono: successfully reloaded assembly
- Completed reload, in  1.560 seconds
Platform modules already initialized, skipping
========================================================================
Worker process is ready to serve import requests
Shader 'Universal Render Pipeline/Particles/Lit': fallback shader 'Universal Render Pipeline/Particles/SimpleLit' not found
Shader 'Universal Render Pipeline/Particles/Lit': fallback shader 'Universal Render Pipeline/Particles/SimpleLit' not found
Launched and connected shader compiler UnityShaderCompiler.exe after 0.27 seconds
Refreshing native plugins compatible for Editor in 0.98 ms, found 0 plugins.
Preloading 0 native plugins for Editor in 0.00 ms.
Unloading 2880 Unused Serialized files (Serialized files now loaded: 0)
System memory in use before: 132.9 MB.
System memory in use after: 130.2 MB.

Unloading 46 unused Assets to reduce memory usage. Loaded Objects now: 3297.
Total: 5.101042 ms (FindLiveObjects: 0.367484 ms CreateObjectMapping: 0.161233 ms MarkObjects: 2.786944 ms  DeleteObjects: 1.782827 ms)

========================================================================
Received Import Request.
  path: Assets/Renderer/ReColorPostProcess 1.mat
  artifactKey: Guid(a6ef98e4922b60d4d9d5c68cf162115a) Importer(815301076,1909f56bfc062723c751e8b465ee728b)
Start importing Assets/Renderer/ReColorPostProcess 1.mat using Guid(a6ef98e4922b60d4d9d5c68cf162115a) Importer(815301076,1909f56bfc062723c751e8b465ee728b)  -> (artifact id: 'e29a6c1165aee1c46f73ee45f346d82d') in 0.574321 seconds
  Import took 0.580318 seconds .

========================================================================
Received Import Request.
  Time since last request: 0.000216 seconds.
  path: Assets/Renderer/SNESShader.shadergraph
  artifactKey: Guid(53d59ac30c5036649b143d3a87eb52a0) Importer(815301076,1909f56bfc062723c751e8b465ee728b)
Start importing Assets/Renderer/SNESShader.shadergraph using Guid(53d59ac30c5036649b143d3a87eb52a0) Importer(815301076,1909f56bfc062723c751e8b465ee728b)  -> (artifact id: '7a43b9da39b408a46e3da959459f8a45') in 0.009667 seconds
  Import took 0.014887 seconds .

========================================================================
Received Import Request.
  Time since last request: 37.263680 seconds.
  path: Assets/Renderer/SNESShader.shadergraph
  artifactKey: Guid(53d59ac30c5036649b143d3a87eb52a0) Importer(815301076,1909f56bfc062723c751e8b465ee728b)
Start importing Assets/Renderer/SNESShader.shadergraph using Guid(53d59ac30c5036649b143d3a87eb52a0) Importer(815301076,1909f56bfc062723c751e8b465ee728b)  -> (artifact id: 'aafb7517394e00a33f54ef88e4955017') in 0.004091 seconds
  Import took 0.010373 seconds .

========================================================================
Received Import Request.
  Time since last request: 0.222142 seconds.
  path: Assets/Renderer/SNESShader.shadergraph
  artifactKey: Guid(53d59ac30c5036649b143d3a87eb52a0) Importer(815301076,1909f56bfc062723c751e8b465ee728b)
Start importing Assets/Renderer/SNESShader.shadergraph using Guid(53d59ac30c5036649b143d3a87eb52a0) Importer(815301076,1909f56bfc062723c751e8b465ee728b)  -> (artifact id: 'aafb7517394e00a33f54ef88e4955017') in 0.003809 seconds
  Import took 0.009923 seconds .

========================================================================
Received Import Request.
  Time since last request: 473.506677 seconds.
  path: Assets/Renderer/Quantisation.shadersubgraph
  artifactKey: Guid(071f3c12f193960498ca1d406d06a743) Importer(815301076,1909f56bfc062723c751e8b465ee728b)
Start importing Assets/Renderer/Quantisation.shadersubgraph using Guid(071f3c12f193960498ca1d406d06a743) Importer(815301076,1909f56bfc062723c751e8b465ee728b)  -> (artifact id: '8057a25f274d0d08dfc70c1d0c4a1676') in 0.021885 seconds
  Import took 0.031571 seconds .

========================================================================
Received Prepare
Registering precompiled user dll's ...
Registered in 0.001684 seconds.
Begin MonoManager ReloadAssembly
Native extension for WindowsStandalone target not found
Native extension for WebGL target not found
Refreshing native plugins compatible for Editor in 0.69 ms, found 0 plugins.
Preloading 0 native plugins for Editor in 0.00 ms.
Mono: successfully reloaded assembly
- Completed reload, in  1.419 seconds
Platform modules already initialized, skipping
Shader 'Universal Render Pipeline/Particles/Lit': fallback shader 'Universal Render Pipeline/Particles/SimpleLit' not found
Shader 'Universal Render Pipeline/Particles/Lit': fallback shader 'Universal Render Pipeline/Particles/SimpleLit' not found
Refreshing native plugins compatible for Editor in 0.68 ms, found 0 plugins.
Preloading 0 native plugins for Editor in 0.00 ms.
Unloading 2796 Unused Serialized files (Serialized files now loaded: 0)
System memory in use before: 134.2 MB.
System memory in use after: 131.4 MB.

Unloading 39 unused Assets to reduce memory usage. Loaded Objects now: 3381.
Total: 5.143825 ms (FindLiveObjects: 0.339708 ms CreateObjectMapping: 0.155806 ms MarkObjects: 2.854949 ms  DeleteObjects: 1.791128 ms)

========================================================================
Received Import Request.
  Time since last request: 239.005844 seconds.
  path: Assets/Renderer/GameboyShader 1.shadergraph
  artifactKey: Guid(e308167ef3083264da07905074c30bc3) Importer(815301076,1909f56bfc062723c751e8b465ee728b)
Start importing Assets/Renderer/GameboyShader 1.shadergraph using Guid(e308167ef3083264da07905074c30bc3) Importer(815301076,1909f56bfc062723c751e8b465ee728b)  -> (artifact id: '0639d8d22a497d7308954e4f8dcd296f') in 0.024410 seconds
  Import took 0.031048 seconds .

========================================================================
Received Import Request.
  Time since last request: 0.000260 seconds.
  path: Assets/Renderer/ReColorPostProcess 1.mat
  artifactKey: Guid(a6ef98e4922b60d4d9d5c68cf162115a) Importer(815301076,1909f56bfc062723c751e8b465ee728b)
Start importing Assets/Renderer/ReColorPostProcess 1.mat using Guid(a6ef98e4922b60d4d9d5c68cf162115a) Importer(815301076,1909f56bfc062723c751e8b465ee728b)  -> (artifact id: '3c067d7deee43f3e4b4cdbcfdc76180b') in 0.217431 seconds
  Import took 0.223574 seconds .

========================================================================
Received Import Request.
  Time since last request: 0.000194 seconds.
  path: Assets/Renderer/UniversalRenderPipelineAsset_Renderer.asset
  artifactKey: Guid(dfb9a3004f3366d41914d1fdb67f64af) Importer(815301076,1909f56bfc062723c751e8b465ee728b)
Start importing Assets/Renderer/UniversalRenderPipelineAsset_Renderer.asset using Guid(dfb9a3004f3366d41914d1fdb67f64af) Importer(815301076,1909f56bfc062723c751e8b465ee728b)  -> (artifact id: '7f7a35cccbd9cd626f004f21ef8f570b') in 0.010952 seconds
  Import took 0.015971 seconds .

========================================================================
Received Import Request.
  Time since last request: 8.746712 seconds.
  path: Assets/Renderer/GameboyRampShader.shadergraph
  artifactKey: Guid(e308167ef3083264da07905074c30bc3) Importer(815301076,1909f56bfc062723c751e8b465ee728b)
Start importing Assets/Renderer/GameboyRampShader.shadergraph using Guid(e308167ef3083264da07905074c30bc3) Importer(815301076,1909f56bfc062723c751e8b465ee728b)  -> (artifact id: 'd76b21cabab89591c3a9cc4fc3672400') in 0.008442 seconds
  Import took 0.014375 seconds .

========================================================================
Received Import Request.
  Time since last request: 153.065623 seconds.
  path: Assets/Textures/GameBoyRamp.png
  artifactKey: Guid(3e54f74110117b247be4b1066e41a9e0) Importer(815301076,1909f56bfc062723c751e8b465ee728b)
Start importing Assets/Textures/GameBoyRamp.png using Guid(3e54f74110117b247be4b1066e41a9e0) Importer(815301076,1909f56bfc062723c751e8b465ee728b)  -> (artifact id: 'dba98561390f916783dcdc807e44c9c7') in 0.082617 seconds
  Import took 0.089327 seconds .

========================================================================
Received Import Request.
  Time since last request: 0.001459 seconds.
  path: Assets/Textures/GameBoyRamp.png
  artifactKey: Guid(3e54f74110117b247be4b1066e41a9e0) Importer(815301076,1909f56bfc062723c751e8b465ee728b)
Start importing Assets/Textures/GameBoyRamp.png using Guid(3e54f74110117b247be4b1066e41a9e0) Importer(815301076,1909f56bfc062723c751e8b465ee728b)  -> (artifact id: 'dba98561390f916783dcdc807e44c9c7') in 0.006390 seconds
  Import took 0.011752 seconds .

========================================================================
Received Import Request.
  Time since last request: 134.231791 seconds.
  path: Assets/Renderer/GameboyRampShader.shadergraph
  artifactKey: Guid(e308167ef3083264da07905074c30bc3) Importer(815301076,1909f56bfc062723c751e8b465ee728b)
Start importing Assets/Renderer/GameboyRampShader.shadergraph using Guid(e308167ef3083264da07905074c30bc3) Importer(815301076,1909f56bfc062723c751e8b465ee728b)  -> (artifact id: '70732d4ebb2b5278d12f25516eeacd35') in 0.004449 seconds
  Import took 0.010898 seconds .

========================================================================
Received Import Request.
  Time since last request: 0.219174 seconds.
  path: Assets/Renderer/GameboyRampShader.shadergraph
  artifactKey: Guid(e308167ef3083264da07905074c30bc3) Importer(815301076,1909f56bfc062723c751e8b465ee728b)
Start importing Assets/Renderer/GameboyRampShader.shadergraph using Guid(e308167ef3083264da07905074c30bc3) Importer(815301076,1909f56bfc062723c751e8b465ee728b)  -> (artifact id: '70732d4ebb2b5278d12f25516eeacd35') in 0.004361 seconds
  Import took 0.011468 seconds .

========================================================================
Received Prepare
Registering precompiled user dll's ...
Registered in 0.001582 seconds.
Begin MonoManager ReloadAssembly
Native extension for WindowsStandalone target not found
Native extension for WebGL target not found
Refreshing native plugins compatible for Editor in 0.71 ms, found 0 plugins.
Preloading 0 native plugins for Editor in 0.00 ms.
Mono: successfully reloaded assembly
- Completed reload, in  1.493 seconds
Platform modules already initialized, skipping
Shader 'Universal Render Pipeline/Particles/Lit': fallback shader 'Universal Render Pipeline/Particles/SimpleLit' not found
Shader 'Universal Render Pipeline/Particles/Lit': fallback shader 'Universal Render Pipeline/Particles/SimpleLit' not found
Refreshing native plugins compatible for Editor in 0.69 ms, found 0 plugins.
Preloading 0 native plugins for Editor in 0.00 ms.
Unloading 2796 Unused Serialized files (Serialized files now loaded: 0)
System memory in use before: 134.3 MB.
System memory in use after: 131.6 MB.

Unloading 39 unused Assets to reduce memory usage. Loaded Objects now: 3421.
Total: 5.327727 ms (FindLiveObjects: 0.352479 ms CreateObjectMapping: 0.157083 ms MarkObjects: 2.909864 ms  DeleteObjects: 1.906386 ms)

========================================================================
Received Import Request.
  Time since last request: 178.263222 seconds.
  path: Assets/Renderer/GameboyRampShader.shadergraph
  artifactKey: Guid(e308167ef3083264da07905074c30bc3) Importer(815301076,1909f56bfc062723c751e8b465ee728b)
Start importing Assets/Renderer/GameboyRampShader.shadergraph using Guid(e308167ef3083264da07905074c30bc3) Importer(815301076,1909f56bfc062723c751e8b465ee728b)  -> (artifact id: '80a1458089cf404097155ff7e7d44233') in 0.019511 seconds
  Import took 0.045833 seconds .

========================================================================
Received Prepare
Registering precompiled user dll's ...
Registered in 0.001664 seconds.
Begin MonoManager ReloadAssembly
Native extension for WindowsStandalone target not found
Native extension for WebGL target not found
Refreshing native plugins compatible for Editor in 0.69 ms, found 0 plugins.
Preloading 0 native plugins for Editor in 0.00 ms.
Mono: successfully reloaded assembly
- Completed reload, in  1.363 seconds
Platform modules already initialized, skipping
Shader 'Universal Render Pipeline/Particles/Lit': fallback shader 'Universal Render Pipeline/Particles/SimpleLit' not found
Shader 'Universal Render Pipeline/Particles/Lit': fallback shader 'Universal Render Pipeline/Particles/SimpleLit' not found
Refreshing native plugins compatible for Editor in 0.69 ms, found 0 plugins.
Preloading 0 native plugins for Editor in 0.00 ms.
Unloading 2796 Unused Serialized files (Serialized files now loaded: 0)
System memory in use before: 134.4 MB.
System memory in use after: 131.7 MB.

Unloading 39 unused Assets to reduce memory usage. Loaded Objects now: 3424.
Total: 5.437557 ms (FindLiveObjects: 0.348967 ms CreateObjectMapping: 0.156764 ms MarkObjects: 2.994791 ms  DeleteObjects: 1.934801 ms)

========================================================================
Received Import Request.
  Time since last request: 401.818623 seconds.
  path: Assets/Textures/GreenRamp.png
  artifactKey: Guid(b71dec13e3a21ad4981ed52053769eb0) Importer(815301076,1909f56bfc062723c751e8b465ee728b)
Start importing Assets/Textures/GreenRamp.png using Guid(b71dec13e3a21ad4981ed52053769eb0) Importer(815301076,1909f56bfc062723c751e8b465ee728b)  -> (artifact id: 'd2378ecb0c7022061784596baed5e8f8') in 0.061598 seconds
  Import took 0.068610 seconds .

========================================================================
Received Prepare
Registering precompiled user dll's ...
Registered in 0.001650 seconds.
Begin MonoManager ReloadAssembly
Native extension for WindowsStandalone target not found
Native extension for WebGL target not found
Refreshing native plugins compatible for Editor in 0.72 ms, found 0 plugins.
Preloading 0 native plugins for Editor in 0.00 ms.
Mono: successfully reloaded assembly
- Completed reload, in  1.380 seconds
Platform modules already initialized, skipping
Shader 'Universal Render Pipeline/Particles/Lit': fallback shader 'Universal Render Pipeline/Particles/SimpleLit' not found
Shader 'Universal Render Pipeline/Particles/Lit': fallback shader 'Universal Render Pipeline/Particles/SimpleLit' not found
Refreshing native plugins compatible for Editor in 0.80 ms, found 0 plugins.
Preloading 0 native plugins for Editor in 0.00 ms.
Unloading 2796 Unused Serialized files (Serialized files now loaded: 0)
System memory in use before: 134.4 MB.
System memory in use after: 131.7 MB.

Unloading 39 unused Assets to reduce memory usage. Loaded Objects now: 3428.
Total: 7.073518 ms (FindLiveObjects: 0.438363 ms CreateObjectMapping: 0.170812 ms MarkObjects: 4.148648 ms  DeleteObjects: 2.312183 ms)

========================================================================
Received Import Request.
  Time since last request: 63.085361 seconds.
  path: Assets/Textures/BlueRamp.PNG
  artifactKey: Guid(d0793423b70507c42a1f77f917ed7c50) Importer(815301076,1909f56bfc062723c751e8b465ee728b)
Start importing Assets/Textures/BlueRamp.PNG using Guid(d0793423b70507c42a1f77f917ed7c50) Importer(815301076,1909f56bfc062723c751e8b465ee728b)  -> (artifact id: 'b1e2bd3617866e4abcf319a3fe04c450') in 0.061732 seconds
  Import took 0.068025 seconds .

========================================================================
Received Prepare
Registering precompiled user dll's ...
Registered in 0.001716 seconds.
Begin MonoManager ReloadAssembly
Native extension for WindowsStandalone target not found
Native extension for WebGL target not found
Refreshing native plugins compatible for Editor in 0.70 ms, found 0 plugins.
Preloading 0 native plugins for Editor in 0.00 ms.
Mono: successfully reloaded assembly
- Completed reload, in  1.381 seconds
Platform modules already initialized, skipping
Shader 'Universal Render Pipeline/Particles/Lit': fallback shader 'Universal Render Pipeline/Particles/SimpleLit' not found
Shader 'Universal Render Pipeline/Particles/Lit': fallback shader 'Universal Render Pipeline/Particles/SimpleLit' not found
Refreshing native plugins compatible for Editor in 0.68 ms, found 0 plugins.
Preloading 0 native plugins for Editor in 0.00 ms.
Unloading 2796 Unused Serialized files (Serialized files now loaded: 0)
System memory in use before: 134.4 MB.
System memory in use after: 131.7 MB.

Unloading 39 unused Assets to reduce memory usage. Loaded Objects now: 3432.
Total: 5.517056 ms (FindLiveObjects: 0.359183 ms CreateObjectMapping: 0.156444 ms MarkObjects: 2.970207 ms  DeleteObjects: 2.028987 ms)

========================================================================
Received Import Request.
  Time since last request: 133.368098 seconds.
  path: Assets/Textures/RedRamp.PNG
  artifactKey: Guid(6865e7d5c9ebcaa429f6014fbd15c932) Importer(815301076,1909f56bfc062723c751e8b465ee728b)
Start importing Assets/Textures/RedRamp.PNG using Guid(6865e7d5c9ebcaa429f6014fbd15c932) Importer(815301076,1909f56bfc062723c751e8b465ee728b)  -> (artifact id: '36cb17203d4915b6db033b5b1a06a4c8') in 0.062502 seconds
  Import took 0.070044 seconds .

========================================================================
Received Prepare
Registering precompiled user dll's ...
Registered in 0.002414 seconds.
Begin MonoManager ReloadAssembly
Native extension for WindowsStandalone target not found
Native extension for WebGL target not found
Refreshing native plugins compatible for Editor in 0.70 ms, found 0 plugins.
Preloading 0 native plugins for Editor in 0.00 ms.
Mono: successfully reloaded assembly
- Completed reload, in  1.362 seconds
Platform modules already initialized, skipping
Shader 'Universal Render Pipeline/Particles/Lit': fallback shader 'Universal Render Pipeline/Particles/SimpleLit' not found
Shader 'Universal Render Pipeline/Particles/Lit': fallback shader 'Universal Render Pipeline/Particles/SimpleLit' not found
Refreshing native plugins compatible for Editor in 0.70 ms, found 0 plugins.
Preloading 0 native plugins for Editor in 0.00 ms.
Unloading 2796 Unused Serialized files (Serialized files now loaded: 0)
System memory in use before: 134.4 MB.
System memory in use after: 131.7 MB.

Unloading 39 unused Assets to reduce memory usage. Loaded Objects now: 3435.
Total: 5.475232 ms (FindLiveObjects: 0.356629 ms CreateObjectMapping: 0.161872 ms MarkObjects: 2.907948 ms  DeleteObjects: 2.047505 ms)

========================================================================
Received Import Request.
  Time since last request: 110.877814 seconds.
  path: Assets/Textures/Red-GreenRamp.PNG
  artifactKey: Guid(85a451e9f6064064eb1b876ed858fe60) Importer(815301076,1909f56bfc062723c751e8b465ee728b)
Start importing Assets/Textures/Red-GreenRamp.PNG using Guid(85a451e9f6064064eb1b876ed858fe60) Importer(815301076,1909f56bfc062723c751e8b465ee728b)  -> (artifact id: 'aecd1a947d8d81a725e45af5cc89e940') in 0.066563 seconds
  Import took 0.073339 seconds .

========================================================================
Received Prepare
Registering precompiled user dll's ...
Registered in 0.001696 seconds.
Begin MonoManager ReloadAssembly
Native extension for WindowsStandalone target not found
Native extension for WebGL target not found
Refreshing native plugins compatible for Editor in 0.81 ms, found 0 plugins.
Preloading 0 native plugins for Editor in 0.00 ms.
Mono: successfully reloaded assembly
- Completed reload, in  1.409 seconds
Platform modules already initialized, skipping
Shader 'Universal Render Pipeline/Particles/Lit': fallback shader 'Universal Render Pipeline/Particles/SimpleLit' not found
Shader 'Universal Render Pipeline/Particles/Lit': fallback shader 'Universal Render Pipeline/Particles/SimpleLit' not found
Refreshing native plugins compatible for Editor in 0.69 ms, found 0 plugins.
Preloading 0 native plugins for Editor in 0.00 ms.
Unloading 2796 Unused Serialized files (Serialized files now loaded: 0)
System memory in use before: 134.5 MB.
System memory in use after: 131.7 MB.

Unloading 39 unused Assets to reduce memory usage. Loaded Objects now: 3438.
Total: 5.447774 ms (FindLiveObjects: 0.353436 ms CreateObjectMapping: 0.157721 ms MarkObjects: 2.895816 ms  DeleteObjects: 2.038884 ms)

========================================================================
Received Prepare
Registering precompiled user dll's ...
Registered in 0.001595 seconds.
Begin MonoManager ReloadAssembly
Native extension for WindowsStandalone target not found
Native extension for WebGL target not found
Refreshing native plugins compatible for Editor in 0.71 ms, found 0 plugins.
Preloading 0 native plugins for Editor in 0.00 ms.
Mono: successfully reloaded assembly
- Completed reload, in  1.669 seconds
Platform modules already initialized, skipping
Shader 'Universal Render Pipeline/Particles/Lit': fallback shader 'Universal Render Pipeline/Particles/SimpleLit' not found
Shader 'Universal Render Pipeline/Particles/Lit': fallback shader 'Universal Render Pipeline/Particles/SimpleLit' not found
Refreshing native plugins compatible for Editor in 0.73 ms, found 0 plugins.
Preloading 0 native plugins for Editor in 0.00 ms.
Unloading 2796 Unused Serialized files (Serialized files now loaded: 0)
System memory in use before: 134.5 MB.
System memory in use after: 131.7 MB.

Unloading 39 unused Assets to reduce memory usage. Loaded Objects now: 3441.
Total: 7.002958 ms (FindLiveObjects: 0.396538 ms CreateObjectMapping: 0.162830 ms MarkObjects: 4.278273 ms  DeleteObjects: 2.162763 ms)

========================================================================
Received Import Request.
  Time since last request: 342.751513 seconds.
  path: Assets/Textures/GreenRamp2.png
  artifactKey: Guid(1df215aed299bb84ca6954a3eb951d8a) Importer(815301076,1909f56bfc062723c751e8b465ee728b)
Start importing Assets/Textures/GreenRamp2.png using Guid(1df215aed299bb84ca6954a3eb951d8a) Importer(815301076,1909f56bfc062723c751e8b465ee728b)  -> (artifact id: '7c5ecc8a03b5dcf539a08f547996fb84') in 0.060705 seconds
  Import took 0.067236 seconds .

========================================================================
Received Import Request.
  Time since last request: 0.000223 seconds.
  path: Assets/Textures/Red-GreenRamp.PNG
  artifactKey: Guid(85a451e9f6064064eb1b876ed858fe60) Importer(815301076,1909f56bfc062723c751e8b465ee728b)
Start importing Assets/Textures/Red-GreenRamp.PNG using Guid(85a451e9f6064064eb1b876ed858fe60) Importer(815301076,1909f56bfc062723c751e8b465ee728b)  -> (artifact id: '05d941b3b400f63706304db59b0e9a6e') in 0.011703 seconds
  Import took 0.017581 seconds .

========================================================================
Received Prepare
Registering precompiled user dll's ...
Registered in 0.002293 seconds.
Begin MonoManager ReloadAssembly
Native extension for WindowsStandalone target not found
Native extension for WebGL target not found
Refreshing native plugins compatible for Editor in 0.71 ms, found 0 plugins.
Preloading 0 native plugins for Editor in 0.00 ms.
Mono: successfully reloaded assembly
- Completed reload, in  1.343 seconds
Platform modules already initialized, skipping
Shader 'Universal Render Pipeline/Particles/Lit': fallback shader 'Universal Render Pipeline/Particles/SimpleLit' not found
Shader 'Universal Render Pipeline/Particles/Lit': fallback shader 'Universal Render Pipeline/Particles/SimpleLit' not found
Refreshing native plugins compatible for Editor in 0.78 ms, found 0 plugins.
Preloading 0 native plugins for Editor in 0.00 ms.
Unloading 2796 Unused Serialized files (Serialized files now loaded: 0)
System memory in use before: 134.5 MB.
System memory in use after: 131.8 MB.

Unloading 39 unused Assets to reduce memory usage. Loaded Objects now: 3445.
Total: 6.976778 ms (FindLiveObjects: 0.439960 ms CreateObjectMapping: 0.169215 ms MarkObjects: 3.854277 ms  DeleteObjects: 2.510772 ms)

========================================================================
Received Import Request.
  Time since last request: 356.517348 seconds.
  path: Assets/Textures/BlueRamp2.PNG
  artifactKey: Guid(d112c961306b5a34088ecf3ac5711ba1) Importer(815301076,1909f56bfc062723c751e8b465ee728b)
Start importing Assets/Textures/BlueRamp2.PNG using Guid(d112c961306b5a34088ecf3ac5711ba1) Importer(815301076,1909f56bfc062723c751e8b465ee728b)  -> (artifact id: '7d078e0e3a6c1ad1dbf20df479764d0d') in 0.062788 seconds
  Import took 0.070146 seconds .

========================================================================
Received Prepare
Registering precompiled user dll's ...
Registered in 0.001874 seconds.
Begin MonoManager ReloadAssembly
Native extension for WindowsStandalone target not found
Native extension for WebGL target not found
Refreshing native plugins compatible for Editor in 0.71 ms, found 0 plugins.
Preloading 0 native plugins for Editor in 0.00 ms.
Mono: successfully reloaded assembly
- Completed reload, in  1.379 seconds
Platform modules already initialized, skipping
Shader 'Universal Render Pipeline/Particles/Lit': fallback shader 'Universal Render Pipeline/Particles/SimpleLit' not found
Shader 'Universal Render Pipeline/Particles/Lit': fallback shader 'Universal Render Pipeline/Particles/SimpleLit' not found
Refreshing native plugins compatible for Editor in 0.71 ms, found 0 plugins.
Preloading 0 native plugins for Editor in 0.00 ms.
Unloading 2796 Unused Serialized files (Serialized files now loaded: 0)
System memory in use before: 134.5 MB.
System memory in use after: 131.8 MB.

Unloading 39 unused Assets to reduce memory usage. Loaded Objects now: 3448.
Total: 5.464376 ms (FindLiveObjects: 0.355991 ms CreateObjectMapping: 0.159956 ms MarkObjects: 2.926466 ms  DeleteObjects: 2.020366 ms)

========================================================================
Received Import Request.
  Time since last request: 483.649987 seconds.
  path: Assets/Textures
  artifactKey: Guid(b0c4e9da5612db945add190c2ba33229) Importer(815301076,1909f56bfc062723c751e8b465ee728b)
Start importing Assets/Textures using Guid(b0c4e9da5612db945add190c2ba33229) Importer(815301076,1909f56bfc062723c751e8b465ee728b)  -> (artifact id: '908641e251e6feaae92a999ead2da29d') in 0.014864 seconds
  Import took 0.021664 seconds .

========================================================================
Received Import Request.
  Time since last request: 17.769894 seconds.
  path: Assets/Textures/BlueRamp2.PNG
  artifactKey: Guid(d112c961306b5a34088ecf3ac5711ba1) Importer(815301076,1909f56bfc062723c751e8b465ee728b)
Start importing Assets/Textures/BlueRamp2.PNG using Guid(d112c961306b5a34088ecf3ac5711ba1) Importer(815301076,1909f56bfc062723c751e8b465ee728b)  -> (artifact id: '9c3dfae70523fa85e25512040607a45c') in 0.040453 seconds
  Import took 0.046340 seconds .

========================================================================
Received Import Request.
  Time since last request: 43.740604 seconds.
  path: Assets/Textures/BlueRamp2.PNG
  artifactKey: Guid(d112c961306b5a34088ecf3ac5711ba1) Importer(815301076,1909f56bfc062723c751e8b465ee728b)
Start importing Assets/Textures/BlueRamp2.PNG using Guid(d112c961306b5a34088ecf3ac5711ba1) Importer(815301076,1909f56bfc062723c751e8b465ee728b)  -> (artifact id: '2dfacbcccd09d8d840f7abc0f88d265e') in 0.013134 seconds
  Import took 0.019200 seconds .

========================================================================
Received Import Request.
  Time since last request: 29.804523 seconds.
  path: Assets/Textures/BlueRamp2.PNG
  artifactKey: Guid(d112c961306b5a34088ecf3ac5711ba1) Importer(815301076,1909f56bfc062723c751e8b465ee728b)
Start importing Assets/Textures/BlueRamp2.PNG using Guid(d112c961306b5a34088ecf3ac5711ba1) Importer(815301076,1909f56bfc062723c751e8b465ee728b)  -> (artifact id: 'baeedfb97ce851f3a264eeb3e244f765') in 0.011450 seconds
  Import took 0.017894 seconds .

========================================================================
Received Import Request.
  Time since last request: 188.613954 seconds.
  path: Assets/Renderer/GameboyRampShader.shadergraph
  artifactKey: Guid(e308167ef3083264da07905074c30bc3) Importer(815301076,1909f56bfc062723c751e8b465ee728b)
Start importing Assets/Renderer/GameboyRampShader.shadergraph using Guid(e308167ef3083264da07905074c30bc3) Importer(815301076,1909f56bfc062723c751e8b465ee728b)  -> (artifact id: '39bcd12a273b7b1af5ff1a1ba406d926') in 0.009800 seconds
  Import took 0.043101 seconds .

========================================================================
Received Import Request.
  Time since last request: 0.187198 seconds.
  path: Assets/Renderer/GameboyRampShader.shadergraph
  artifactKey: Guid(e308167ef3083264da07905074c30bc3) Importer(815301076,1909f56bfc062723c751e8b465ee728b)
Start importing Assets/Renderer/GameboyRampShader.shadergraph using Guid(e308167ef3083264da07905074c30bc3) Importer(815301076,1909f56bfc062723c751e8b465ee728b)  -> (artifact id: '39bcd12a273b7b1af5ff1a1ba406d926') in 0.003823 seconds
  Import took 0.009735 seconds .

========================================================================
Received Import Request.
  Time since last request: 3.889728 seconds.
  path: Assets/Materials/Skybox_Mat.mat
  artifactKey: Guid(0ffaa0b7117ba8c47a9d05ae701d4b4d) Importer(815301076,1909f56bfc062723c751e8b465ee728b)
Start importing Assets/Materials/Skybox_Mat.mat using Guid(0ffaa0b7117ba8c47a9d05ae701d4b4d) Importer(815301076,1909f56bfc062723c751e8b465ee728b)  -> (artifact id: 'b87853586e51c673c17e5b99b496ba89') in 0.235955 seconds
  Import took 0.244031 seconds .

========================================================================
Received Import Request.
  Time since last request: 15.173669 seconds.
  path: Assets/Materials/BulletTrail.mat
  artifactKey: Guid(8075ab535af5fcb4d84e421344f082b3) Importer(815301076,1909f56bfc062723c751e8b465ee728b)
Start importing Assets/Materials/BulletTrail.mat using Guid(8075ab535af5fcb4d84e421344f082b3) Importer(815301076,1909f56bfc062723c751e8b465ee728b)  -> (artifact id: 'd3a6902c6d94ac3cf66877071da00b01') in 0.034951 seconds
  Import took 0.040831 seconds .

========================================================================
Received Import Request.
  Time since last request: 59.974741 seconds.
  path: Assets/StarterAssets/ThirdPersonController/Character/Materials/Built-in_RP/M_ArmatureColor_Body.mat
  artifactKey: Guid(9564d3bbc73fcb64792156cb4e2758a4) Importer(815301076,1909f56bfc062723c751e8b465ee728b)
Start importing Assets/StarterAssets/ThirdPersonController/Character/Materials/Built-in_RP/M_ArmatureColor_Body.mat using Guid(9564d3bbc73fcb64792156cb4e2758a4) Importer(815301076,1909f56bfc062723c751e8b465ee728b)  -> (artifact id: '5b01e9d68314bee0bf70a186c981553f') in 0.058709 seconds
  Import took 0.065090 seconds .

========================================================================
Received Import Request.
  Time since last request: 0.000251 seconds.
  path: Assets/Renderer/PixelPostProcess.mat
  artifactKey: Guid(eb37cf0183002fb44a1a53daf77a0962) Importer(815301076,1909f56bfc062723c751e8b465ee728b)
Start importing Assets/Renderer/PixelPostProcess.mat using Guid(eb37cf0183002fb44a1a53daf77a0962) Importer(815301076,1909f56bfc062723c751e8b465ee728b)  -> (artifact id: '8dd0c86049bf75d335a6449445260cbc') in 0.044706 seconds
  Import took 0.050286 seconds .

========================================================================
Received Import Request.
  Time since last request: 0.000209 seconds.
  path: Assets/StarterAssets/ThirdPersonController/Character/Materials/Built-in_RP/M_ArmatureColor_Body.mat
  artifactKey: Guid(9564d3bbc73fcb64792156cb4e2758a4) Importer(815301076,1909f56bfc062723c751e8b465ee728b)
Start importing Assets/StarterAssets/ThirdPersonController/Character/Materials/Built-in_RP/M_ArmatureColor_Body.mat using Guid(9564d3bbc73fcb64792156cb4e2758a4) Importer(815301076,1909f56bfc062723c751e8b465ee728b)  -> (artifact id: '5b01e9d68314bee0bf70a186c981553f') in 0.011291 seconds
  Import took 0.017085 seconds .

========================================================================
Received Import Request.
  Time since last request: 0.000208 seconds.
  path: Assets/Renderer/ReColorPostProcess 1.mat
  artifactKey: Guid(a6ef98e4922b60d4d9d5c68cf162115a) Importer(815301076,1909f56bfc062723c751e8b465ee728b)
Start importing Assets/Renderer/ReColorPostProcess 1.mat using Guid(a6ef98e4922b60d4d9d5c68cf162115a) Importer(815301076,1909f56bfc062723c751e8b465ee728b)  -> (artifact id: 'ad8320d3e48908ba56391831ca6308db') in 0.025610 seconds
  Import took 0.073167 seconds .

========================================================================
Received Import Request.
  Time since last request: 0.000236 seconds.
  path: Assets/StarterAssets/ThirdPersonController/Character/Materials/Built-in_RP/M_ArmatureColor_Legs.mat
  artifactKey: Guid(3ffbe936d08df274e97d160a90856750) Importer(815301076,1909f56bfc062723c751e8b465ee728b)
Start importing Assets/StarterAssets/ThirdPersonController/Character/Materials/Built-in_RP/M_ArmatureColor_Legs.mat using Guid(3ffbe936d08df274e97d160a90856750) Importer(815301076,1909f56bfc062723c751e8b465ee728b)  -> (artifact id: '64ad68fb6750ce4e427a27e3d16366c9') in 0.037883 seconds
  Import took 0.043772 seconds .

========================================================================
Received Import Request.
  Time since last request: 0.000206 seconds.
  path: Assets/StarterAssets/Environment/Art/Skybox/SkyboxLiteWarm.mat
  artifactKey: Guid(aeab33f69c199e54794f516d31450ec4) Importer(815301076,1909f56bfc062723c751e8b465ee728b)
Start importing Assets/StarterAssets/Environment/Art/Skybox/SkyboxLiteWarm.mat using Guid(aeab33f69c199e54794f516d31450ec4) Importer(815301076,1909f56bfc062723c751e8b465ee728b)  -> (artifact id: '1a5e3f0c3f7dbe1bab2e44d5c1fba2ba') in 0.035813 seconds
  Import took 0.041813 seconds .

========================================================================
Received Import Request.
  Time since last request: 0.000206 seconds.
  path: Assets/StarterAssets/Environment/Art/Materials/URP_HDRP_ShaderGraph/ShaderGraphGrid_01_Mat.mat
  artifactKey: Guid(4589b87b8508f6e48b8fddb385924b16) Importer(815301076,1909f56bfc062723c751e8b465ee728b)
Start importing Assets/StarterAssets/Environment/Art/Materials/URP_HDRP_ShaderGraph/ShaderGraphGrid_01_Mat.mat using Guid(4589b87b8508f6e48b8fddb385924b16) Importer(815301076,1909f56bfc062723c751e8b465ee728b)  -> (artifact id: '28affe8ce517ac68a6baf29818773256') in 0.095254 seconds
  Import took 0.101060 seconds .

========================================================================
Received Import Request.
  Time since last request: 0.000210 seconds.
  path: Assets/StarterAssets/Environment/Art/Skybox/SkyboxLite.mat
  artifactKey: Guid(f6c51332ac7d92541a38fb263b09d2a8) Importer(815301076,1909f56bfc062723c751e8b465ee728b)
Start importing Assets/StarterAssets/Environment/Art/Skybox/SkyboxLite.mat using Guid(f6c51332ac7d92541a38fb263b09d2a8) Importer(815301076,1909f56bfc062723c751e8b465ee728b)  -> (artifact id: '08050a16fb0ba7c03333695436d3177c') in 0.040562 seconds
  Import took 0.046277 seconds .

========================================================================
Received Import Request.
  Time since last request: 0.000192 seconds.
  path: Assets/StarterAssets/Environment/Art/Models/Ramp_100x100x200_Mesh.fbx
  artifactKey: Guid(bfff06aaff363a847ad37bf592364e6b) Importer(815301076,1909f56bfc062723c751e8b465ee728b)
Start importing Assets/StarterAssets/Environment/Art/Models/Ramp_100x100x200_Mesh.fbx using Guid(bfff06aaff363a847ad37bf592364e6b) Importer(815301076,1909f56bfc062723c751e8b465ee728b)  -> (artifact id: '1e9294eca5b3a152031a5c5b7c747f14') in 0.213213 seconds
  Import took 0.218977 seconds .

========================================================================
Received Import Request.
  Time since last request: 0.000213 seconds.
  path: Assets/StarterAssets/Environment/Art/Skybox/SkyboxLite.mat
  artifactKey: Guid(f6c51332ac7d92541a38fb263b09d2a8) Importer(815301076,1909f56bfc062723c751e8b465ee728b)
Start importing Assets/StarterAssets/Environment/Art/Skybox/SkyboxLite.mat using Guid(f6c51332ac7d92541a38fb263b09d2a8) Importer(815301076,1909f56bfc062723c751e8b465ee728b)  -> (artifact id: '08050a16fb0ba7c03333695436d3177c') in 0.015165 seconds
  Import took 0.020804 seconds .

========================================================================
Received Import Request.
  Time since last request: 0.000230 seconds.
  path: Assets/StarterAssets/Environment/Art/Models/Ramp_100x100x200_Mesh.fbx
  artifactKey: Guid(bfff06aaff363a847ad37bf592364e6b) Importer(815301076,1909f56bfc062723c751e8b465ee728b)
Start importing Assets/StarterAssets/Environment/Art/Models/Ramp_100x100x200_Mesh.fbx using Guid(bfff06aaff363a847ad37bf592364e6b) Importer(815301076,1909f56bfc062723c751e8b465ee728b)  -> (artifact id: '1e9294eca5b3a152031a5c5b7c747f14') in 0.022236 seconds
  Import took 0.027743 seconds .

========================================================================
Received Import Request.
  Time since last request: 3.152761 seconds.
  path: Assets/Materials/Enemy/M_Armature_Body.mat
  artifactKey: Guid(bf70d11712103f04b8dace8650b2c1db) Importer(815301076,1909f56bfc062723c751e8b465ee728b)
Start importing Assets/Materials/Enemy/M_Armature_Body.mat using Guid(bf70d11712103f04b8dace8650b2c1db) Importer(815301076,1909f56bfc062723c751e8b465ee728b)  -> (artifact id: '5bd3f13b5384f4ddd90bc0c5dc3db60d') in 0.352222 seconds
  Import took 0.364363 seconds .

========================================================================
Received Import Request.
  Time since last request: 0.000350 seconds.
  path: Assets/StarterAssets/ThirdPersonController/Character/Materials/M_Armature_Body.mat
  artifactKey: Guid(43714b68324cc2c409d534d9874f2a2b) Importer(815301076,1909f56bfc062723c751e8b465ee728b)
Start importing Assets/StarterAssets/ThirdPersonController/Character/Materials/M_Armature_Body.mat using Guid(43714b68324cc2c409d534d9874f2a2b) Importer(815301076,1909f56bfc062723c751e8b465ee728b)  -> (artifact id: '88a92b16de1d9e868766203816048c14') in 0.057314 seconds
  Import took 0.066412 seconds .

========================================================================
Received Import Request.
  Time since last request: 0.000240 seconds.
  path: Assets/StarterAssets/ThirdPersonController/Character/Materials/M_Armature_Legs.mat
  artifactKey: Guid(8b25e99361ac31d4e9ae83c46aee69ea) Importer(815301076,1909f56bfc062723c751e8b465ee728b)
Start importing Assets/StarterAssets/ThirdPersonController/Character/Materials/M_Armature_Legs.mat using Guid(8b25e99361ac31d4e9ae83c46aee69ea) Importer(815301076,1909f56bfc062723c751e8b465ee728b)  -> (artifact id: 'de4f2f01df77912a0cf3b08a2fcd3295') in 0.392112 seconds
  Import took 0.402071 seconds .

========================================================================
Received Import Request.
  Time since last request: 0.000316 seconds.
  path: Assets/StarterAssets/Environment/Art/Models/Box_350x250x200_Mesh.fbx
  artifactKey: Guid(c6a55ba99e9e99d41b7eef123e311a43) Importer(815301076,1909f56bfc062723c751e8b465ee728b)
Start importing Assets/StarterAssets/Environment/Art/Models/Box_350x250x200_Mesh.fbx using Guid(c6a55ba99e9e99d41b7eef123e311a43) Importer(815301076,1909f56bfc062723c751e8b465ee728b)  -> (artifact id: 'ec32ac5f6791b3f421d1bfe49246b424') in 0.123291 seconds
  Import took 0.130654 seconds .

========================================================================
Received Import Request.
  Time since last request: 0.000192 seconds.
  path: Assets/StarterAssets/Environment/Art/Materials/GridWhite_01_Mat.mat
  artifactKey: Guid(dbf898c9f9c4a2d46aa6336e23caeb61) Importer(815301076,1909f56bfc062723c751e8b465ee728b)
Start importing Assets/StarterAssets/Environment/Art/Materials/GridWhite_01_Mat.mat using Guid(dbf898c9f9c4a2d46aa6336e23caeb61) Importer(815301076,1909f56bfc062723c751e8b465ee728b)  -> (artifact id: 'f4660aca526b5ba795ac4329f3e91381') in 0.081698 seconds
  Import took 0.087045 seconds .

========================================================================
Received Import Request.
  Time since last request: 0.000195 seconds.
  path: Assets/StarterAssets/Environment/Art/Models/Tunnel_Mesh.fbx
  artifactKey: Guid(f712806514868e54699156ec05dcb749) Importer(815301076,1909f56bfc062723c751e8b465ee728b)
Start importing Assets/StarterAssets/Environment/Art/Models/Tunnel_Mesh.fbx using Guid(f712806514868e54699156ec05dcb749) Importer(815301076,1909f56bfc062723c751e8b465ee728b)  -> (artifact id: '6f804a90125f04f65380140e7af8e9c4') in 0.088644 seconds
  Import took 0.094698 seconds .

========================================================================
Received Import Request.
  Time since last request: 0.000327 seconds.
  path: Assets/StarterAssets/Environment/Art/Models/Wall_Mesh.fbx
  artifactKey: Guid(ff02a0a00ab750f48b09459b1cafd1b8) Importer(815301076,1909f56bfc062723c751e8b465ee728b)
Start importing Assets/StarterAssets/Environment/Art/Models/Wall_Mesh.fbx using Guid(ff02a0a00ab750f48b09459b1cafd1b8) Importer(815301076,1909f56bfc062723c751e8b465ee728b)  -> (artifact id: '5612dca18157fe844fc10cce43674a3b') in 0.071988 seconds
  Import took 0.102112 seconds .

========================================================================
Received Import Request.
  Time since last request: 0.000217 seconds.
  path: Assets/StarterAssets/Environment/Art/Materials/GridOrange_01_Mat.mat
  artifactKey: Guid(7ab977a21c92388468ee65ad1c0e5a78) Importer(815301076,1909f56bfc062723c751e8b465ee728b)
Start importing Assets/StarterAssets/Environment/Art/Materials/GridOrange_01_Mat.mat using Guid(7ab977a21c92388468ee65ad1c0e5a78) Importer(815301076,1909f56bfc062723c751e8b465ee728b)  -> (artifact id: '60002767c23095106b4486759aa38fb8') in 0.025608 seconds
  Import took 0.030919 seconds .

========================================================================
Received Import Request.
  Time since last request: 0.000249 seconds.
  path: Assets/StarterAssets/Environment/Art/Models/Box_350x250x300_Mesh.fbx
  artifactKey: Guid(d2f0da3998423f44594868ffed55c3e6) Importer(815301076,1909f56bfc062723c751e8b465ee728b)
Start importing Assets/StarterAssets/Environment/Art/Models/Box_350x250x300_Mesh.fbx using Guid(d2f0da3998423f44594868ffed55c3e6) Importer(815301076,1909f56bfc062723c751e8b465ee728b)  -> (artifact id: '26bd7f88f66ba05731dca43914f7b7e0') in 0.051837 seconds
  Import took 0.058074 seconds .

========================================================================
Received Import Request.
  Time since last request: 0.000226 seconds.
  path: Assets/StarterAssets/ThirdPersonController/Character/Materials/M_Armature_Arms.mat
  artifactKey: Guid(766fd3ff04aab4745a764d33daac86fa) Importer(815301076,1909f56bfc062723c751e8b465ee728b)
Start importing Assets/StarterAssets/ThirdPersonController/Character/Materials/M_Armature_Arms.mat using Guid(766fd3ff04aab4745a764d33daac86fa) Importer(815301076,1909f56bfc062723c751e8b465ee728b)  -> (artifact id: '70a072f3e576b01e31df056c964cfd57') in 0.273539 seconds
  Import took 0.281215 seconds .

========================================================================
Received Import Request.
  Time since last request: 0.000258 seconds.
  path: Assets/StarterAssets/Environment/Art/Materials/GridBlue_01_Mat.mat
  artifactKey: Guid(ff188f58422043f489060e28a5e4e0c0) Importer(815301076,1909f56bfc062723c751e8b465ee728b)
Start importing Assets/StarterAssets/Environment/Art/Materials/GridBlue_01_Mat.mat using Guid(ff188f58422043f489060e28a5e4e0c0) Importer(815301076,1909f56bfc062723c751e8b465ee728b)  -> (artifact id: '86fff5c3e0f74370a21471605d20c0ee') in 0.049561 seconds
  Import took 0.056731 seconds .

========================================================================
Received Import Request.
  Time since last request: 0.000206 seconds.
  path: Assets/StarterAssets/Environment/Art/Models/Stairs_650_400_300_Mesh.fbx
  artifactKey: Guid(7e0223e1d3e1733499accfa5ebffb67e) Importer(815301076,1909f56bfc062723c751e8b465ee728b)
Start importing Assets/StarterAssets/Environment/Art/Models/Stairs_650_400_300_Mesh.fbx using Guid(7e0223e1d3e1733499accfa5ebffb67e) Importer(815301076,1909f56bfc062723c751e8b465ee728b)  -> (artifact id: '63f0621d20589fe85fd46e368ce01946') in 0.062825 seconds
  Import took 0.068617 seconds .

========================================================================
Received Import Request.
  Time since last request: 0.000217 seconds.
  path: Assets/StarterAssets/Environment/Art/Materials/GreyBlue_Mat.mat
  artifactKey: Guid(6b911390c5825014e8377183a7837d3f) Importer(815301076,1909f56bfc062723c751e8b465ee728b)
Start importing Assets/StarterAssets/Environment/Art/Materials/GreyBlue_Mat.mat using Guid(6b911390c5825014e8377183a7837d3f) Importer(815301076,1909f56bfc062723c751e8b465ee728b)  -> (artifact id: '1b014dd6a7d66919aca1201fc084a9d1') in 0.057328 seconds
  Import took 0.077253 seconds .

========================================================================
Received Import Request.
  Time since last request: 0.000198 seconds.
  path: Assets/Materials/Enemy/M_Armature_Arms.mat
  artifactKey: Guid(7a58ae85e0459fd4eab624b146020c76) Importer(815301076,1909f56bfc062723c751e8b465ee728b)
Start importing Assets/Materials/Enemy/M_Armature_Arms.mat using Guid(7a58ae85e0459fd4eab624b146020c76) Importer(815301076,1909f56bfc062723c751e8b465ee728b)  -> (artifact id: 'd2fce31c7e2b9c3a3f345fd51513b532') in 0.061972 seconds
  Import took 0.068187 seconds .

========================================================================
Received Import Request.
  Time since last request: 0.000200 seconds.
  path: Assets/Materials/Debug/glow.mat
  artifactKey: Guid(aef294aaec84e264da317cb70ddcdee1) Importer(815301076,1909f56bfc062723c751e8b465ee728b)
Start importing Assets/Materials/Debug/glow.mat using Guid(aef294aaec84e264da317cb70ddcdee1) Importer(815301076,1909f56bfc062723c751e8b465ee728b)  -> (artifact id: 'af6321a2cca81f6429c4fd03ac6510f3') in 0.045725 seconds
  Import took 0.050951 seconds .

========================================================================
Received Import Request.
  Time since last request: 0.000211 seconds.
  path: Assets/Animations/xbot@Pistol Idle.fbx
  artifactKey: Guid(0158d56d3f8d468438669a3dc85dd209) Importer(815301076,1909f56bfc062723c751e8b465ee728b)
Start importing Assets/Animations/xbot@Pistol Idle.fbx using Guid(0158d56d3f8d468438669a3dc85dd209) Importer(815301076,1909f56bfc062723c751e8b465ee728b)  -> (artifact id: '8a387079cdf5b1d8180f8aada283fbb1') in 0.300043 seconds
  Import took 0.323131 seconds .

========================================================================
Received Import Request.
  Time since last request: 0.000203 seconds.
  path: Assets/Materials/Enemy/M_Armature_Legs.mat
  artifactKey: Guid(f01b1978c29c03a48b8d9b54f0b579f9) Importer(815301076,1909f56bfc062723c751e8b465ee728b)
Start importing Assets/Materials/Enemy/M_Armature_Legs.mat using Guid(f01b1978c29c03a48b8d9b54f0b579f9) Importer(815301076,1909f56bfc062723c751e8b465ee728b)  -> (artifact id: 'c3b6ceb077fcc4f16e661ca4db117c87') in 0.044674 seconds
  Import took 0.065067 seconds .

========================================================================
Received Import Request.
  Time since last request: 0.000222 seconds.
  path: Assets/StarterAssets/ThirdPersonController/Character/Materials/Built-in_RP/M_ArmatureColor_Arms.mat
  artifactKey: Guid(dcce18b7a5cdb7d43a2cdeb041f727a3) Importer(815301076,1909f56bfc062723c751e8b465ee728b)
Start importing Assets/StarterAssets/ThirdPersonController/Character/Materials/Built-in_RP/M_ArmatureColor_Arms.mat using Guid(dcce18b7a5cdb7d43a2cdeb041f727a3) Importer(815301076,1909f56bfc062723c751e8b465ee728b)  -> (artifact id: 'e712c4aff76fb827bc7c4c15353d4d3e') in 0.038749 seconds
  Import took 0.044350 seconds .

========================================================================
Received Import Request.
  Time since last request: 0.000218 seconds.
  path: Assets/Animations/xbot@Pistol Reload.fbx
  artifactKey: Guid(643e2669e77045b4d92c7e166ea81f7a) Importer(815301076,1909f56bfc062723c751e8b465ee728b)
Start importing Assets/Animations/xbot@Pistol Reload.fbx using Guid(643e2669e77045b4d92c7e166ea81f7a) Importer(815301076,1909f56bfc062723c751e8b465ee728b)  -> (artifact id: 'e7f620fbc40c568e7b0adc0b68436662') in 0.142861 seconds
  Import took 0.149493 seconds .

========================================================================
Received Import Request.
  Time since last request: 0.000197 seconds.
  path: Assets/StarterAssets/Environment/Art/Materials/Blue_Mat.mat
  artifactKey: Guid(979aef027a1c86c42a15ce35fce366fa) Importer(815301076,1909f56bfc062723c751e8b465ee728b)
Start importing Assets/StarterAssets/Environment/Art/Materials/Blue_Mat.mat using Guid(979aef027a1c86c42a15ce35fce366fa) Importer(815301076,1909f56bfc062723c751e8b465ee728b)  -> (artifact id: '1127fbc31d011a5206b8db987000c883') in 0.032476 seconds
  Import took 0.037932 seconds .

========================================================================
Received Import Request.
  Time since last request: 0.000207 seconds.
  path: Assets/StarterAssets/Environment/Art/Models/Ground_Mesh.fbx
  artifactKey: Guid(aa38d7b0e367ecc4aac915dcfe957879) Importer(815301076,1909f56bfc062723c751e8b465ee728b)
Start importing Assets/StarterAssets/Environment/Art/Models/Ground_Mesh.fbx using Guid(aa38d7b0e367ecc4aac915dcfe957879) Importer(815301076,1909f56bfc062723c751e8b465ee728b)  -> (artifact id: 'b42dd3182662ce622e3c1c5be9706185') in 0.054229 seconds
  Import took 0.060106 seconds .

========================================================================
Received Import Request.
  Time since last request: 0.000247 seconds.
  path: Assets/StarterAssets/Environment/Art/Materials/Built-in_RP/BuiltInTriplanar_01_Mat.mat
  artifactKey: Guid(3300a5c4710bac244815734e484b3b90) Importer(815301076,1909f56bfc062723c751e8b465ee728b)
Start importing Assets/StarterAssets/Environment/Art/Materials/Built-in_RP/BuiltInTriplanar_01_Mat.mat using Guid(3300a5c4710bac244815734e484b3b90) Importer(815301076,1909f56bfc062723c751e8b465ee728b)  -> (artifact id: '524631cec98696e3173d35ee18e73860') in 0.027618 seconds
  Import took 0.033347 seconds .

========================================================================
Received Import Request.
  Time since last request: 0.000211 seconds.
  path: Assets/StarterAssets/Environment/Art/Models/Structure_Mesh.fbx
  artifactKey: Guid(d0a9bfb4b5f28174884e89dd76563ae8) Importer(815301076,1909f56bfc062723c751e8b465ee728b)
Start importing Assets/StarterAssets/Environment/Art/Models/Structure_Mesh.fbx using Guid(d0a9bfb4b5f28174884e89dd76563ae8) Importer(815301076,1909f56bfc062723c751e8b465ee728b)  -> (artifact id: '0b44f5e8bf78be72621c24d226384dec') in 0.047734 seconds
  Import took 0.053804 seconds .

========================================================================
Received Import Request.
  Time since last request: 0.834978 seconds.
  path: Assets/Prefabs/BulletHitscan.prefab
  artifactKey: Guid(20d2d83a7b445514db78e1f0ff6e9c08) Importer(815301076,1909f56bfc062723c751e8b465ee728b)
Start importing Assets/Prefabs/BulletHitscan.prefab using Guid(20d2d83a7b445514db78e1f0ff6e9c08) Importer(815301076,1909f56bfc062723c751e8b465ee728b)  -> (artifact id: '87745f8ef38673d5ebdc711528b86cf4') in 0.011726 seconds
  Import took 0.018781 seconds .

========================================================================
Received Import Request.
  Time since last request: 43.975689 seconds.
  path: Assets/Animations/xbot@Pistol Shoot.fbx
  artifactKey: Guid(e4834b665458612458bffe4e31778517) Importer(815301076,1909f56bfc062723c751e8b465ee728b)
Start importing Assets/Animations/xbot@Pistol Shoot.fbx using Guid(e4834b665458612458bffe4e31778517) Importer(815301076,1909f56bfc062723c751e8b465ee728b)  -> (artifact id: '372ead58733366c3d9eaa082c34dba46') in 0.160379 seconds
  Import took 0.167694 seconds .

========================================================================
Received Import Request.
  Time since last request: 0.001357 seconds.
  path: Assets/Animations/xbot@Pistol Shoot.fbx
  artifactKey: Guid(e4834b665458612458bffe4e31778517) Importer(815301076,1909f56bfc062723c751e8b465ee728b)
Start importing Assets/Animations/xbot@Pistol Shoot.fbx using Guid(e4834b665458612458bffe4e31778517) Importer(815301076,1909f56bfc062723c751e8b465ee728b)  -> (artifact id: '372ead58733366c3d9eaa082c34dba46') in 0.058768 seconds
  Import took 0.065376 seconds .

========================================================================
Received Prepare
Registering precompiled user dll's ...
Registered in 0.002048 seconds.
Begin MonoManager ReloadAssembly
Native extension for WindowsStandalone target not found
Native extension for WebGL target not found
Refreshing native plugins compatible for Editor in 0.70 ms, found 0 plugins.
Preloading 0 native plugins for Editor in 0.00 ms.
Mono: successfully reloaded assembly
- Completed reload, in  1.365 seconds
Platform modules already initialized, skipping
Shader 'Universal Render Pipeline/Particles/Lit': fallback shader 'Universal Render Pipeline/Particles/SimpleLit' not found
Shader 'Universal Render Pipeline/Particles/Lit': fallback shader 'Universal Render Pipeline/Particles/SimpleLit' not found
Refreshing native plugins compatible for Editor in 0.81 ms, found 0 plugins.
Preloading 0 native plugins for Editor in 0.00 ms.
Unloading 2797 Unused Serialized files (Serialized files now loaded: 0)
System memory in use before: 148.9 MB.
System memory in use after: 146.1 MB.

Unloading 39 unused Assets to reduce memory usage. Loaded Objects now: 3492.
Total: 5.711175 ms (FindLiveObjects: 0.378978 ms CreateObjectMapping: 0.159318 ms MarkObjects: 3.152832 ms  DeleteObjects: 2.017812 ms)

========================================================================
Received Import Request.
  Time since last request: 7.220968 seconds.
  path: Assets/Prefabs/BulletHitscan.prefab
  artifactKey: Guid(20d2d83a7b445514db78e1f0ff6e9c08) Importer(815301076,1909f56bfc062723c751e8b465ee728b)
Start importing Assets/Prefabs/BulletHitscan.prefab using Guid(20d2d83a7b445514db78e1f0ff6e9c08) Importer(815301076,1909f56bfc062723c751e8b465ee728b)  -> (artifact id: '526c36066b9c87df99f04a4b4b37b3e5') in 0.034619 seconds
  Import took 0.040705 seconds .

========================================================================
Received Prepare
Registering precompiled user dll's ...
Registered in 0.001662 seconds.
Begin MonoManager ReloadAssembly
Native extension for WindowsStandalone target not found
Native extension for WebGL target not found
Refreshing native plugins compatible for Editor in 0.70 ms, found 0 plugins.
Preloading 0 native plugins for Editor in 0.00 ms.
Mono: successfully reloaded assembly
- Completed reload, in  1.369 seconds
Platform modules already initialized, skipping
Shader 'Universal Render Pipeline/Particles/Lit': fallback shader 'Universal Render Pipeline/Particles/SimpleLit' not found
Shader 'Universal Render Pipeline/Particles/Lit': fallback shader 'Universal Render Pipeline/Particles/SimpleLit' not found
Refreshing native plugins compatible for Editor in 0.70 ms, found 0 plugins.
Preloading 0 native plugins for Editor in 0.00 ms.
Unloading 2796 Unused Serialized files (Serialized files now loaded: 0)
System memory in use before: 148.7 MB.
System memory in use after: 146.0 MB.

Unloading 39 unused Assets to reduce memory usage. Loaded Objects now: 3495.
Total: 5.596556 ms (FindLiveObjects: 0.375466 ms CreateObjectMapping: 0.162511 ms MarkObjects: 2.997665 ms  DeleteObjects: 2.058999 ms)

========================================================================
Received Prepare
Registering precompiled user dll's ...
Registered in 0.002297 seconds.
Begin MonoManager ReloadAssembly
Native extension for WindowsStandalone target not found
Native extension for WebGL target not found
Refreshing native plugins compatible for Editor in 0.72 ms, found 0 plugins.
Preloading 0 native plugins for Editor in 0.00 ms.
Mono: successfully reloaded assembly
- Completed reload, in  1.376 seconds
Platform modules already initialized, skipping
Shader 'Universal Render Pipeline/Particles/Lit': fallback shader 'Universal Render Pipeline/Particles/SimpleLit' not found
Shader 'Universal Render Pipeline/Particles/Lit': fallback shader 'Universal Render Pipeline/Particles/SimpleLit' not found
Refreshing native plugins compatible for Editor in 0.70 ms, found 0 plugins.
Preloading 0 native plugins for Editor in 0.00 ms.
Unloading 2796 Unused Serialized files (Serialized files now loaded: 0)
System memory in use before: 148.7 MB.
System memory in use after: 146.0 MB.

Unloading 39 unused Assets to reduce memory usage. Loaded Objects now: 3498.
Total: 5.481936 ms (FindLiveObjects: 0.373231 ms CreateObjectMapping: 0.158999 ms MarkObjects: 2.932852 ms  DeleteObjects: 2.015258 ms)

========================================================================
Received Import Request.
  Time since last request: 102.006647 seconds.
  path: Assets/Renderer/DitherShader.shadergraph
  artifactKey: Guid(0b3658e125ead6a43a6eaef44c8ff157) Importer(815301076,1909f56bfc062723c751e8b465ee728b)
Start importing Assets/Renderer/DitherShader.shadergraph using Guid(0b3658e125ead6a43a6eaef44c8ff157) Importer(815301076,1909f56bfc062723c751e8b465ee728b)  -> (artifact id: '0422dc31e15153bea8c971e1b9d96757') in 0.023597 seconds
  Import took 0.029680 seconds .

========================================================================
Received Import Request.
  Time since last request: 0.007785 seconds.
  path: Assets/Renderer/DitherShader.shadergraph
  artifactKey: Guid(0b3658e125ead6a43a6eaef44c8ff157) Importer(815301076,1909f56bfc062723c751e8b465ee728b)
Start importing Assets/Renderer/DitherShader.shadergraph using Guid(0b3658e125ead6a43a6eaef44c8ff157) Importer(815301076,1909f56bfc062723c751e8b465ee728b)  -> (artifact id: '0422dc31e15153bea8c971e1b9d96757') in 0.003677 seconds
  Import took 0.009548 seconds .

========================================================================
Received Import Request.
  Time since last request: 393.397966 seconds.
  path: Assets/Renderer/DitherShader.shadergraph
  artifactKey: Guid(0b3658e125ead6a43a6eaef44c8ff157) Importer(815301076,1909f56bfc062723c751e8b465ee728b)
Start importing Assets/Renderer/DitherShader.shadergraph using Guid(0b3658e125ead6a43a6eaef44c8ff157) Importer(815301076,1909f56bfc062723c751e8b465ee728b)  -> (artifact id: '881a933bd0fd79783a550e34fdf4a234') in 0.004461 seconds
  Import took 0.011389 seconds .

========================================================================
Received Import Request.
  Time since last request: 0.262142 seconds.
  path: Assets/Renderer/DitherShader.shadergraph
  artifactKey: Guid(0b3658e125ead6a43a6eaef44c8ff157) Importer(815301076,1909f56bfc062723c751e8b465ee728b)
Start importing Assets/Renderer/DitherShader.shadergraph using Guid(0b3658e125ead6a43a6eaef44c8ff157) Importer(815301076,1909f56bfc062723c751e8b465ee728b)  -> (artifact id: '881a933bd0fd79783a550e34fdf4a234') in 0.006122 seconds
  Import took 0.012102 seconds .

========================================================================
Received Import Request.
  Time since last request: 11.931654 seconds.
  path: Assets/Renderer/DitherPostProcess 2.mat
  artifactKey: Guid(8ec5101ad04f5154f8059e0e548d0770) Importer(815301076,1909f56bfc062723c751e8b465ee728b)
Start importing Assets/Renderer/DitherPostProcess 2.mat using Guid(8ec5101ad04f5154f8059e0e548d0770) Importer(815301076,1909f56bfc062723c751e8b465ee728b)  -> (artifact id: 'cc0700656db5ee472ce60154e0e2fac6') in 0.235801 seconds
  Import took 0.241894 seconds .

========================================================================
Received Prepare
Registering precompiled user dll's ...
Registered in 0.001955 seconds.
Begin MonoManager ReloadAssembly
Native extension for WindowsStandalone target not found
Native extension for WebGL target not found
Refreshing native plugins compatible for Editor in 0.71 ms, found 0 plugins.
Preloading 0 native plugins for Editor in 0.00 ms.
Mono: successfully reloaded assembly
- Completed reload, in  1.640 seconds
Platform modules already initialized, skipping
Shader 'Universal Render Pipeline/Particles/Lit': fallback shader 'Universal Render Pipeline/Particles/SimpleLit' not found
Shader 'Universal Render Pipeline/Particles/Lit': fallback shader 'Universal Render Pipeline/Particles/SimpleLit' not found
Refreshing native plugins compatible for Editor in 0.69 ms, found 0 plugins.
Preloading 0 native plugins for Editor in 0.00 ms.
Unloading 2796 Unused Serialized files (Serialized files now loaded: 0)
System memory in use before: 148.9 MB.
System memory in use after: 146.2 MB.

Unloading 39 unused Assets to reduce memory usage. Loaded Objects now: 3537.
Total: 6.181785 ms (FindLiveObjects: 0.502218 ms CreateObjectMapping: 0.177516 ms MarkObjects: 3.420703 ms  DeleteObjects: 2.078474 ms)

========================================================================
Received Prepare
Registering precompiled user dll's ...
Registered in 0.001723 seconds.
Begin MonoManager ReloadAssembly
Native extension for WindowsStandalone target not found
Native extension for WebGL target not found
Refreshing native plugins compatible for Editor in 0.78 ms, found 0 plugins.
Preloading 0 native plugins for Editor in 0.00 ms.
Mono: successfully reloaded assembly
- Completed reload, in  1.740 seconds
Platform modules already initialized, skipping
Shader 'Universal Render Pipeline/Particles/Lit': fallback shader 'Universal Render Pipeline/Particles/SimpleLit' not found
Shader 'Universal Render Pipeline/Particles/Lit': fallback shader 'Universal Render Pipeline/Particles/SimpleLit' not found
Refreshing native plugins compatible for Editor in 0.75 ms, found 0 plugins.
Preloading 0 native plugins for Editor in 0.00 ms.
Unloading 2796 Unused Serialized files (Serialized files now loaded: 0)
System memory in use before: 148.9 MB.
System memory in use after: 146.2 MB.

Unloading 39 unused Assets to reduce memory usage. Loaded Objects now: 3540.
Total: 7.236986 ms (FindLiveObjects: 0.430381 ms CreateObjectMapping: 0.186456 ms MarkObjects: 4.193985 ms  DeleteObjects: 2.423610 ms)

========================================================================
Received Import Request.
  Time since last request: 790.662018 seconds.
  path: Assets/Scripts/StopMotion.cs
  artifactKey: Guid(3836b244b1f65da4f8cc57808879ea50) Importer(815301076,1909f56bfc062723c751e8b465ee728b)
Start importing Assets/Scripts/StopMotion.cs using Guid(3836b244b1f65da4f8cc57808879ea50) Importer(815301076,1909f56bfc062723c751e8b465ee728b)  -> (artifact id: '5afb6087676c67520d286008aeed74eb') in 0.097515 seconds
  Import took 0.104284 seconds .

========================================================================
Received Prepare
Registering precompiled user dll's ...
Registered in 0.001607 seconds.
Begin MonoManager ReloadAssembly
Native extension for WindowsStandalone target not found
Native extension for WebGL target not found
Refreshing native plugins compatible for Editor in 0.70 ms, found 0 plugins.
Preloading 0 native plugins for Editor in 0.00 ms.
Mono: successfully reloaded assembly
- Completed reload, in  1.527 seconds
Platform modules already initialized, skipping
Shader 'Universal Render Pipeline/Particles/Lit': fallback shader 'Universal Render Pipeline/Particles/SimpleLit' not found
Shader 'Universal Render Pipeline/Particles/Lit': fallback shader 'Universal Render Pipeline/Particles/SimpleLit' not found
Refreshing native plugins compatible for Editor in 0.75 ms, found 0 plugins.
Preloading 0 native plugins for Editor in 0.00 ms.
Unloading 2797 Unused Serialized files (Serialized files now loaded: 0)
System memory in use before: 148.9 MB.
System memory in use after: 146.2 MB.

Unloading 39 unused Assets to reduce memory usage. Loaded Objects now: 3544.
Total: 6.064611 ms (FindLiveObjects: 0.398773 ms CreateObjectMapping: 0.167938 ms MarkObjects: 3.417191 ms  DeleteObjects: 2.078474 ms)

========================================================================
Received Prepare
Registering precompiled user dll's ...
Registered in 0.001720 seconds.
Begin MonoManager ReloadAssembly
Native extension for WindowsStandalone target not found
Native extension for WebGL target not found
Refreshing native plugins compatible for Editor in 0.71 ms, found 0 plugins.
Preloading 0 native plugins for Editor in 0.00 ms.
Mono: successfully reloaded assembly
- Completed reload, in  2.329 seconds
Platform modules already initialized, skipping
Shader 'Universal Render Pipeline/Particles/Lit': fallback shader 'Universal Render Pipeline/Particles/SimpleLit' not found
Shader 'Universal Render Pipeline/Particles/Lit': fallback shader 'Universal Render Pipeline/Particles/SimpleLit' not found
Refreshing native plugins compatible for Editor in 0.91 ms, found 0 plugins.
Preloading 0 native plugins for Editor in 0.00 ms.
Unloading 2797 Unused Serialized files (Serialized files now loaded: 0)
System memory in use before: 149.0 MB.
System memory in use after: 146.2 MB.

Unloading 39 unused Assets to reduce memory usage. Loaded Objects now: 3547.
Total: 6.984440 ms (FindLiveObjects: 0.432936 ms CreateObjectMapping: 0.188372 ms MarkObjects: 3.839910 ms  DeleteObjects: 2.520669 ms)

========================================================================
Received Import Request.
  Time since last request: 188.254218 seconds.
  path: Assets/Scripts/StopMotion.cs
  artifactKey: Guid(3836b244b1f65da4f8cc57808879ea50) Importer(815301076,1909f56bfc062723c751e8b465ee728b)
Start importing Assets/Scripts/StopMotion.cs using Guid(3836b244b1f65da4f8cc57808879ea50) Importer(815301076,1909f56bfc062723c751e8b465ee728b)  -> (artifact id: 'dd3845273682043f7a3026fbcbb1e592') in 0.012494 seconds
  Import took 0.018629 seconds .

========================================================================
Received Prepare
Registering precompiled user dll's ...
Registered in 0.001699 seconds.
Begin MonoManager ReloadAssembly
Native extension for WindowsStandalone target not found
Native extension for WebGL target not found
Refreshing native plugins compatible for Editor in 0.91 ms, found 0 plugins.
Preloading 0 native plugins for Editor in 0.00 ms.
Mono: successfully reloaded assembly
- Completed reload, in  1.607 seconds
Platform modules already initialized, skipping
Shader 'Universal Render Pipeline/Particles/Lit': fallback shader 'Universal Render Pipeline/Particles/SimpleLit' not found
Shader 'Universal Render Pipeline/Particles/Lit': fallback shader 'Universal Render Pipeline/Particles/SimpleLit' not found
Refreshing native plugins compatible for Editor in 0.83 ms, found 0 plugins.
Preloading 0 native plugins for Editor in 0.00 ms.
Unloading 2797 Unused Serialized files (Serialized files now loaded: 0)
System memory in use before: 148.9 MB.
System memory in use after: 146.3 MB.

Unloading 39 unused Assets to reduce memory usage. Loaded Objects now: 3550.
Total: 5.821325 ms (FindLiveObjects: 0.424954 ms CreateObjectMapping: 0.171450 ms MarkObjects: 3.165283 ms  DeleteObjects: 2.057402 ms)

AssetImportWorkerClient::OnTransportError - code=2 error=End of file
