Using pre-set license
Built from '2020.3/staging' branch; Version is '2020.3.9f1 (108be757e447) revision 1084391'; Using compiler version '192528614'; Build Type 'Release'
OS: 'Windows 10 Home; OS build 19043.1348; Version 2009; 64bit' Language: 'en' Physical Memory: 8103 MB
BatchMode: 1, IsHumanControllingUs: 0, StartBugReporterOnCrash: 0, Is64bit: 1, IsPro: 0

 COMMAND LINE ARGUMENTS:
C:\Program Files\Unity\2020.3.9f1\Editor\Unity.exe
-adb2
-batchMode
-noUpm
-name
AssetImportWorker5
-projectPath
C:/Users/al_dude360/Documents/GitHub/RE_Test
-logFile
Logs/AssetImportWorker5.log
-srvPort
4080
Successfully changed project path to: C:/Users/al_dude360/Documents/GitHub/RE_Test
C:/Users/al_dude360/Documents/GitHub/RE_Test
Using Asset Import Pipeline V2.
Refreshing native plugins compatible for Editor in 791.47 ms, found 0 plugins.
Preloading 0 native plugins for Editor in 0.00 ms.
Initialize engine version: 2020.3.9f1 (108be757e447)
[Subsystems] Discovering subsystems at path C:/Program Files/Unity/2020.3.9f1/Editor/Data/Resources/UnitySubsystems
[Subsystems] Discovering subsystems at path C:/Users/al_dude360/Documents/GitHub/RE_Test/Assets
GfxDevice: creating device client; threaded=0
Direct3D:
    Version:  Direct3D 11.0 [level 11.0]
    Renderer: NVIDIA GeForce 840M (ID=0x1341)
    Vendor:   
    VRAM:     2010 MB
    Driver:   27.21.14.6089
Shader 'Universal Render Pipeline/Particles/Lit': fallback shader 'Universal Render Pipeline/Particles/SimpleLit' not found
Initialize mono
Mono path[0] = 'C:/Program Files/Unity/2020.3.9f1/Editor/Data/Managed'
Mono path[1] = 'C:/Program Files/Unity/2020.3.9f1/Editor/Data/MonoBleedingEdge/lib/mono/unityjit'
Mono config path = 'C:/Program Files/Unity/2020.3.9f1/Editor/Data/MonoBleedingEdge/etc'
Using monoOptions --debugger-agent=transport=dt_socket,embedding=1,server=y,suspend=n,address=127.0.0.1:56108
Begin MonoManager ReloadAssembly
Registering precompiled unity dll's ...
Register platform support module: C:/Program Files/Unity/2020.3.9f1/Editor/Data/PlaybackEngines/WebGLSupport/UnityEditor.WebGL.Extensions.dll
Register platform support module: C:/Program Files/Unity/2020.3.9f1/Editor/Data/PlaybackEngines/WindowsStandaloneSupport/UnityEditor.WindowsStandalone.Extensions.dll
Registered in 0.003836 seconds.
Native extension for WindowsStandalone target not found
Native extension for WebGL target not found
Refreshing native plugins compatible for Editor in 122.02 ms, found 0 plugins.
Preloading 0 native plugins for Editor in 0.00 ms.
Mono: successfully reloaded assembly
- Completed reload, in  4.202 seconds
Platform modules already initialized, skipping
Registering precompiled user dll's ...
Registered in 0.003034 seconds.
Begin MonoManager ReloadAssembly
Native extension for WindowsStandalone target not found
Native extension for WebGL target not found
Refreshing native plugins compatible for Editor in 124.59 ms, found 0 plugins.
Preloading 0 native plugins for Editor in 0.00 ms.
Mono: successfully reloaded assembly
- Completed reload, in  2.855 seconds
Platform modules already initialized, skipping
========================================================================
Worker process is ready to serve import requests
Shader 'Universal Render Pipeline/Particles/Lit': fallback shader 'Universal Render Pipeline/Particles/SimpleLit' not found
Launched and connected shader compiler UnityShaderCompiler.exe after 0.12 seconds
Refreshing native plugins compatible for Editor in 0.96 ms, found 0 plugins.
Preloading 0 native plugins for Editor in 0.00 ms.
Unloading 3270 Unused Serialized files (Serialized files now loaded: 0)
System memory in use before: 149.1 MB.
System memory in use after: 149.2 MB.

Unloading 14 unused Assets to reduce memory usage. Loaded Objects now: 3720.
Total: 4.487800 ms (FindLiveObjects: 1.110200 ms CreateObjectMapping: 0.236200 ms MarkObjects: 2.950300 ms  DeleteObjects: 0.189500 ms)

========================================================================
Received Import Request.
  path: Assets/Scenes/Mall01.unity
  artifactKey: Guid(31bf1d7e280c943429c62fab96252301) Importer(815301076,1909f56bfc062723c751e8b465ee728b)
Start importing Assets/Scenes/Mall01.unity using Guid(31bf1d7e280c943429c62fab96252301) Importer(815301076,1909f56bfc062723c751e8b465ee728b)  -> (artifact id: '27155b80486a80a8b43b873e3753a57e') in 0.149448 seconds
  Import took 0.161266 seconds .

========================================================================
Received Import Request.
  Time since last request: 0.000324 seconds.
  path: Assets/Scenes
  artifactKey: Guid(89e5f9b6a0fcdae4e8ccb4b461925e8c) Importer(815301076,1909f56bfc062723c751e8b465ee728b)
Start importing Assets/Scenes using Guid(89e5f9b6a0fcdae4e8ccb4b461925e8c) Importer(815301076,1909f56bfc062723c751e8b465ee728b)  -> (artifact id: '60e31348525227d2e96db4da3c7eada4') in 0.014774 seconds
  Import took 0.029497 seconds .

========================================================================
Received Import Request.
  Time since last request: 297.042593 seconds.
  path: Assets/Renderer
  artifactKey: Guid(0735c275001a2c84dafdb30deced5d8d) Importer(815301076,1909f56bfc062723c751e8b465ee728b)
Start importing Assets/Renderer using Guid(0735c275001a2c84dafdb30deced5d8d) Importer(815301076,1909f56bfc062723c751e8b465ee728b)  -> (artifact id: 'bcd1ef6c55e4c431790e9659983eec58') in 0.036939 seconds
  Import took 0.051624 seconds .

========================================================================
Received Import Request.
  Time since last request: 0.068904 seconds.
  path: Assets/Renderer/GetLighting.shadersubgraph
  artifactKey: Guid(93cd92ba9cc08a047b9ccbad7ad5cbed) Importer(815301076,1909f56bfc062723c751e8b465ee728b)
Start importing Assets/Renderer/GetLighting.shadersubgraph using Guid(93cd92ba9cc08a047b9ccbad7ad5cbed) Importer(815301076,1909f56bfc062723c751e8b465ee728b)  -> (artifact id: '102720fe4e631371d1a44b58130fed2c') in 0.153118 seconds
  Import took 0.165188 seconds .

========================================================================
Received Import Request.
  Time since last request: 0.000263 seconds.
  path: Assets/Renderer/UniversalRenderPipelineAsset.asset
  artifactKey: Guid(db82712a5cdf6df43a09d60265740b2f) Importer(815301076,1909f56bfc062723c751e8b465ee728b)
Start importing Assets/Renderer/UniversalRenderPipelineAsset.asset using Guid(db82712a5cdf6df43a09d60265740b2f) Importer(815301076,1909f56bfc062723c751e8b465ee728b)  -> (artifact id: '23e31393c7d47679d0a7292bfc96278a') in 0.034730 seconds
  Import took 0.052132 seconds .

========================================================================
Received Import Request.
  Time since last request: 0.000333 seconds.
  path: Assets/Renderer/PixelPostProcess.mat
  artifactKey: Guid(eb37cf0183002fb44a1a53daf77a0962) Importer(815301076,1909f56bfc062723c751e8b465ee728b)
Start importing Assets/Renderer/PixelPostProcess.mat using Guid(eb37cf0183002fb44a1a53daf77a0962) Importer(815301076,1909f56bfc062723c751e8b465ee728b)  -> (artifact id: '2c213a090ffacd8fd1df6b3b8a308276') in 1.180722 seconds
  Import took 1.199894 seconds .

========================================================================
Received Import Request.
  Time since last request: 0.000267 seconds.
  path: Assets/Renderer/ReColorPostProcess 1.mat
  artifactKey: Guid(a6ef98e4922b60d4d9d5c68cf162115a) Importer(815301076,1909f56bfc062723c751e8b465ee728b)
Start importing Assets/Renderer/ReColorPostProcess 1.mat using Guid(a6ef98e4922b60d4d9d5c68cf162115a) Importer(815301076,1909f56bfc062723c751e8b465ee728b)  -> (artifact id: 'd7b400ae4480c8f2952ab1afa76e4d49') in 0.543883 seconds
  Import took 0.557121 seconds .

========================================================================
Received Import Request.
  Time since last request: 0.000369 seconds.
  path: Assets/Renderer/UniversalRenderPipelineAsset_Renderer.asset
  artifactKey: Guid(dfb9a3004f3366d41914d1fdb67f64af) Importer(815301076,1909f56bfc062723c751e8b465ee728b)
Start importing Assets/Renderer/UniversalRenderPipelineAsset_Renderer.asset using Guid(dfb9a3004f3366d41914d1fdb67f64af) Importer(815301076,1909f56bfc062723c751e8b465ee728b)  -> (artifact id: '9501bb6f6b0e5125c7893de51cc31e90') in 0.023105 seconds
  Import took 0.036314 seconds .

========================================================================
Received Import Request.
  Time since last request: 0.000344 seconds.
  path: Assets/Renderer/UniversalRenderPipelineAsset_Renderer 1.asset
  artifactKey: Guid(d18e4411befb8d548b4fd92c39265ea6) Importer(815301076,1909f56bfc062723c751e8b465ee728b)
Start importing Assets/Renderer/UniversalRenderPipelineAsset_Renderer 1.asset using Guid(d18e4411befb8d548b4fd92c39265ea6) Importer(815301076,1909f56bfc062723c751e8b465ee728b)  -> (artifact id: 'f185a52437776ef25239b2b79ae2236e') in 0.038858 seconds
  Import took 0.052392 seconds .

========================================================================
Received Import Request.
  Time since last request: 84.362696 seconds.
  path: Assets/Materials
  artifactKey: Guid(d0234ba368eeec9418390da711bfdad0) Importer(815301076,1909f56bfc062723c751e8b465ee728b)
Start importing Assets/Materials using Guid(d0234ba368eeec9418390da711bfdad0) Importer(815301076,1909f56bfc062723c751e8b465ee728b)  -> (artifact id: 'fa67f7aafba014bdcc74449d8eba51d0') in 0.044216 seconds
  Import took 0.076168 seconds .

========================================================================
Received Import Request.
  Time since last request: 0.000336 seconds.
  path: Assets/Materials/Skybox_Mat.mat
  artifactKey: Guid(0ffaa0b7117ba8c47a9d05ae701d4b4d) Importer(815301076,1909f56bfc062723c751e8b465ee728b)
Start importing Assets/Materials/Skybox_Mat.mat using Guid(0ffaa0b7117ba8c47a9d05ae701d4b4d) Importer(815301076,1909f56bfc062723c751e8b465ee728b)  -> (artifact id: 'eb6b732ac70482b97898e8d5014a754e') in 0.115699 seconds
  Import took 0.132593 seconds .

========================================================================
Received Import Request.
  Time since last request: 1.217037 seconds.
  path: Assets/Materials/Environ
  artifactKey: Guid(4e62700923d98dc4f948515f1e1744a6) Importer(815301076,1909f56bfc062723c751e8b465ee728b)
Start importing Assets/Materials/Environ using Guid(4e62700923d98dc4f948515f1e1744a6) Importer(815301076,1909f56bfc062723c751e8b465ee728b)  -> (artifact id: '9dab68a3c6b6f26a238de184ccf0590b') in 0.034534 seconds
  Import took 0.049770 seconds .

========================================================================
Received Import Request.
  Time since last request: 0.073560 seconds.
  path: Assets/Materials/Environ/glow.mat
  artifactKey: Guid(aef294aaec84e264da317cb70ddcdee1) Importer(815301076,1909f56bfc062723c751e8b465ee728b)
Start importing Assets/Materials/Environ/glow.mat using Guid(aef294aaec84e264da317cb70ddcdee1) Importer(815301076,1909f56bfc062723c751e8b465ee728b)  -> (artifact id: '58bd0bedb0465ba8a8baa703bea3dfb6') in 0.110768 seconds
  Import took 0.124054 seconds .

========================================================================
Received Import Request.
  Time since last request: 0.000321 seconds.
  path: Assets/Materials/Environ/Greybox.mat
  artifactKey: Guid(179a79610bd9e4b44af92fc38aa82d80) Importer(815301076,1909f56bfc062723c751e8b465ee728b)
Start importing Assets/Materials/Environ/Greybox.mat using Guid(179a79610bd9e4b44af92fc38aa82d80) Importer(815301076,1909f56bfc062723c751e8b465ee728b)  -> (artifact id: 'cf62e95c9690e4500d57f328ffa04ded') in 0.081796 seconds
  Import took 0.094749 seconds .

========================================================================
Received Import Request.
  Time since last request: 0.000312 seconds.
  path: Assets/Materials/Environ/Walls.mat
  artifactKey: Guid(b3a3a53d53b575c419f742055775f88c) Importer(815301076,1909f56bfc062723c751e8b465ee728b)
Start importing Assets/Materials/Environ/Walls.mat using Guid(b3a3a53d53b575c419f742055775f88c) Importer(815301076,1909f56bfc062723c751e8b465ee728b)  -> (artifact id: 'a74066838c904b0837e01eaf8732ccda') in 0.069382 seconds
  Import took 0.088480 seconds .

========================================================================
Received Import Request.
  Time since last request: 0.000277 seconds.
  path: Assets/Materials/Environ/UnlitBlack.mat
  artifactKey: Guid(db8e54e897c589a4aa127359f006f640) Importer(815301076,1909f56bfc062723c751e8b465ee728b)
Start importing Assets/Materials/Environ/UnlitBlack.mat using Guid(db8e54e897c589a4aa127359f006f640) Importer(815301076,1909f56bfc062723c751e8b465ee728b)  -> (artifact id: '3216b391f049174052a573fb2bc5a531') in 0.072642 seconds
  Import took 0.081842 seconds .

========================================================================
Received Import Request.
  Time since last request: 0.000366 seconds.
  path: Assets/Materials/Environ/UnlitMid.mat
  artifactKey: Guid(69d72a073fcc78141ae2600210b52872) Importer(815301076,1909f56bfc062723c751e8b465ee728b)
Start importing Assets/Materials/Environ/UnlitMid.mat using Guid(69d72a073fcc78141ae2600210b52872) Importer(815301076,1909f56bfc062723c751e8b465ee728b)  -> (artifact id: '32d77ed0477817cb64a88f851d0c0296') in 0.080735 seconds
  Import took 0.105487 seconds .

========================================================================
Received Import Request.
  Time since last request: 0.000486 seconds.
  path: Assets/Materials/Environ/UnlitLight.mat
  artifactKey: Guid(28fe7ffca40cfe749956019aa3cf9814) Importer(815301076,1909f56bfc062723c751e8b465ee728b)
Start importing Assets/Materials/Environ/UnlitLight.mat using Guid(28fe7ffca40cfe749956019aa3cf9814) Importer(815301076,1909f56bfc062723c751e8b465ee728b)  -> (artifact id: 'e54967d30a8b7a293a5dbfe9ba72ad57') in 0.069167 seconds
  Import took 0.084435 seconds .

========================================================================
Received Import Request.
  Time since last request: 0.002242 seconds.
  path: Assets/Materials/Environ/unlit.mat
  artifactKey: Guid(ee3c5edfaa4896b4a8763ae4506b88e4) Importer(815301076,1909f56bfc062723c751e8b465ee728b)
Start importing Assets/Materials/Environ/unlit.mat using Guid(ee3c5edfaa4896b4a8763ae4506b88e4) Importer(815301076,1909f56bfc062723c751e8b465ee728b)  -> (artifact id: '27a857278bb3df45d7244e94f6d36526') in 0.061763 seconds
  Import took 0.074389 seconds .

========================================================================
Received Import Request.
  Time since last request: 0.000305 seconds.
  path: Assets/Materials/Environ/UnlitDark.mat
  artifactKey: Guid(58153302d281e5e4c85636b47a16178d) Importer(815301076,1909f56bfc062723c751e8b465ee728b)
Start importing Assets/Materials/Environ/UnlitDark.mat using Guid(58153302d281e5e4c85636b47a16178d) Importer(815301076,1909f56bfc062723c751e8b465ee728b)  -> (artifact id: 'e3fe22db907e7c3edf18d7ffea2544ad') in 0.067651 seconds
  Import took 0.094280 seconds .

========================================================================
Received Prepare
Registering precompiled user dll's ...
Registered in 0.003116 seconds.
Begin MonoManager ReloadAssembly
Native extension for WindowsStandalone target not found
Native extension for WebGL target not found
Refreshing native plugins compatible for Editor in 5.97 ms, found 0 plugins.
Preloading 0 native plugins for Editor in 0.00 ms.
Mono: successfully reloaded assembly
- Completed reload, in  8.304 seconds
Platform modules already initialized, skipping
Shader 'Universal Render Pipeline/Particles/Lit': fallback shader 'Universal Render Pipeline/Particles/SimpleLit' not found
Refreshing native plugins compatible for Editor in 1.03 ms, found 0 plugins.
Preloading 0 native plugins for Editor in 0.00 ms.
Unloading 3136 Unused Serialized files (Serialized files now loaded: 0)
System memory in use before: 145.2 MB.
System memory in use after: 145.4 MB.

Unloading 8 unused Assets to reduce memory usage. Loaded Objects now: 3808.
Total: 9.189800 ms (FindLiveObjects: 2.502600 ms CreateObjectMapping: 0.218500 ms MarkObjects: 6.311100 ms  DeleteObjects: 0.155600 ms)

========================================================================
Received Import Request.
  Time since last request: 317.249187 seconds.
  path: Assets/Renderer/ReColorThresholdShader.shadergraph
  artifactKey: Guid(b41f018bc87108145840a647a0c85ef3) Importer(815301076,1909f56bfc062723c751e8b465ee728b)
Start importing Assets/Renderer/ReColorThresholdShader.shadergraph using Guid(b41f018bc87108145840a647a0c85ef3) Importer(815301076,1909f56bfc062723c751e8b465ee728b)  -> (artifact id: '6c4ce4a99a30a625a737fb98d2ecb617') in 0.057169 seconds
  Import took 0.073194 seconds .

========================================================================
Received Import Request.
  Time since last request: 11.677504 seconds.
  path: Assets/Renderer/ReColorThresholdShader.shadergraph
  artifactKey: Guid(b41f018bc87108145840a647a0c85ef3) Importer(815301076,1909f56bfc062723c751e8b465ee728b)
Start importing Assets/Renderer/ReColorThresholdShader.shadergraph using Guid(b41f018bc87108145840a647a0c85ef3) Importer(815301076,1909f56bfc062723c751e8b465ee728b)  -> (artifact id: '6c4ce4a99a30a625a737fb98d2ecb617') in 0.012202 seconds
  Import took 0.052962 seconds .

========================================================================
Received Import Request.
  Time since last request: 415.005970 seconds.
  path: Assets/Renderer/ReColorThresholdShader.shadergraph
  artifactKey: Guid(b41f018bc87108145840a647a0c85ef3) Importer(815301076,1909f56bfc062723c751e8b465ee728b)
Start importing Assets/Renderer/ReColorThresholdShader.shadergraph using Guid(b41f018bc87108145840a647a0c85ef3) Importer(815301076,1909f56bfc062723c751e8b465ee728b)  -> (artifact id: '80fd25ba87cad10fee7dc4157a0ae445') in 0.005362 seconds
  Import took 0.022691 seconds .

========================================================================
Received Import Request.
  Time since last request: 0.410906 seconds.
  path: Assets/Renderer/ReColorThresholdShader.shadergraph
  artifactKey: Guid(b41f018bc87108145840a647a0c85ef3) Importer(815301076,1909f56bfc062723c751e8b465ee728b)
Start importing Assets/Renderer/ReColorThresholdShader.shadergraph using Guid(b41f018bc87108145840a647a0c85ef3) Importer(815301076,1909f56bfc062723c751e8b465ee728b)  -> (artifact id: '80fd25ba87cad10fee7dc4157a0ae445') in 0.052209 seconds
  Import took 0.118917 seconds .

========================================================================
Received Import Request.
  Time since last request: 650.778772 seconds.
  path: Assets/Scenes/Mall01/Lightmap-1_comp_dir.png
  artifactKey: Guid(2178dbd44f62ac4479d5fd5d8b37938f) Importer(815301076,1909f56bfc062723c751e8b465ee728b)
Start importing Assets/Scenes/Mall01/Lightmap-1_comp_dir.png using Guid(2178dbd44f62ac4479d5fd5d8b37938f) Importer(815301076,1909f56bfc062723c751e8b465ee728b)  -> (artifact id: '717c93109c5a61df8a23ddf995d33278') in 1.056004 seconds
  Import took 1.076835 seconds .

========================================================================
Received Import Request.
  Time since last request: 0.001059 seconds.
  path: Assets/Textures/RedRamp.PNG
  artifactKey: Guid(6865e7d5c9ebcaa429f6014fbd15c932) Importer(815301076,1909f56bfc062723c751e8b465ee728b)
Start importing Assets/Textures/RedRamp.PNG using Guid(6865e7d5c9ebcaa429f6014fbd15c932) Importer(815301076,1909f56bfc062723c751e8b465ee728b)  -> (artifact id: 'c6180be9f627f1268bbd775030d57cc7') in 0.144167 seconds
  Import took 0.170293 seconds .

========================================================================
Received Import Request.
  Time since last request: 0.000382 seconds.
  path: Assets/Scenes/Mall01/Lightmap-1_comp_light.exr
  artifactKey: Guid(1721e68cb8c6aa0439a69509adabd4e1) Importer(815301076,1909f56bfc062723c751e8b465ee728b)
Start importing Assets/Scenes/Mall01/Lightmap-1_comp_light.exr using Guid(1721e68cb8c6aa0439a69509adabd4e1) Importer(815301076,1909f56bfc062723c751e8b465ee728b)  -> (artifact id: '3d0629bb38620b882e6feb944a66c296') in 0.248964 seconds
  Import took 0.275003 seconds .

========================================================================
Received Import Request.
  Time since last request: 0.000784 seconds.
  path: Assets/Textures/Red-GreenRamp.PNG
  artifactKey: Guid(85a451e9f6064064eb1b876ed858fe60) Importer(815301076,1909f56bfc062723c751e8b465ee728b)
Start importing Assets/Textures/Red-GreenRamp.PNG using Guid(85a451e9f6064064eb1b876ed858fe60) Importer(815301076,1909f56bfc062723c751e8b465ee728b)  -> (artifact id: 'a8e926e7c34ab58f96644c2fcf92aefa') in 0.068897 seconds
  Import took 0.097945 seconds .

========================================================================
Received Import Request.
  Time since last request: 0.015062 seconds.
  path: Assets/Textures/Red-GreenRamp.PNG
  artifactKey: Guid(85a451e9f6064064eb1b876ed858fe60) Importer(815301076,1909f56bfc062723c751e8b465ee728b)
Start importing Assets/Textures/Red-GreenRamp.PNG using Guid(85a451e9f6064064eb1b876ed858fe60) Importer(815301076,1909f56bfc062723c751e8b465ee728b)  -> (artifact id: 'a8e926e7c34ab58f96644c2fcf92aefa') in 0.031302 seconds
  Import took 0.041723 seconds .

========================================================================
Received Import Request.
  Time since last request: 4.517991 seconds.
  path: Assets/StarterAssets/Environment/Art/Textures/Grid_02_BaseMap.png
  artifactKey: Guid(d9c0dd5cdac07b145be73329e489869a) Importer(815301076,1909f56bfc062723c751e8b465ee728b)
Start importing Assets/StarterAssets/Environment/Art/Textures/Grid_02_BaseMap.png using Guid(d9c0dd5cdac07b145be73329e489869a) Importer(815301076,1909f56bfc062723c751e8b465ee728b)  -> (artifact id: 'ed67749916733b73dbbf2a3a54f274bf') in 0.034278 seconds
  Import took 0.048046 seconds .

========================================================================
Received Import Request.
  Time since last request: 0.000532 seconds.
  path: Assets/Scenes/Mall01/Lightmap-0_comp_light.exr
  artifactKey: Guid(09a7fe3ac8ab5a04ea0d837a0ccd38c4) Importer(815301076,1909f56bfc062723c751e8b465ee728b)
Start importing Assets/Scenes/Mall01/Lightmap-0_comp_light.exr using Guid(09a7fe3ac8ab5a04ea0d837a0ccd38c4) Importer(815301076,1909f56bfc062723c751e8b465ee728b)  -> (artifact id: 'dee83f4f429ebc613a541d05d18309f0') in 0.108807 seconds
  Import took 0.118489 seconds .

========================================================================
Received Import Request.
  Time since last request: 0.000335 seconds.
  path: Assets/Scenes/Mall01/Lightmap-0_comp_dir.png
  artifactKey: Guid(f047bc398fa1a0a498f8b877557bd33c) Importer(815301076,1909f56bfc062723c751e8b465ee728b)
Start importing Assets/Scenes/Mall01/Lightmap-0_comp_dir.png using Guid(f047bc398fa1a0a498f8b877557bd33c) Importer(815301076,1909f56bfc062723c751e8b465ee728b)  -> (artifact id: 'cf5ba1df3e636f6fe858869293ea91e4') in 0.150776 seconds
  Import took 0.173122 seconds .

========================================================================
Received Import Request.
  Time since last request: 1.451102 seconds.
  path: Assets/StarterAssets/Environment/Art/Textures/Grid_01_BaseMap.png
  artifactKey: Guid(d1118dda59970a2449ee890fa247c4c5) Importer(815301076,1909f56bfc062723c751e8b465ee728b)
Start importing Assets/StarterAssets/Environment/Art/Textures/Grid_01_BaseMap.png using Guid(d1118dda59970a2449ee890fa247c4c5) Importer(815301076,1909f56bfc062723c751e8b465ee728b)  -> (artifact id: '988b70d81eacd1dc3df264f3301628b1') in 0.027038 seconds
  Import took 0.039525 seconds .

========================================================================
Received Import Request.
  Time since last request: 0.000284 seconds.
  path: Assets/StarterAssets/Environment/Art/Textures/Grid_01_Emissive.png
  artifactKey: Guid(d4d6919451fe3e24388816386a6d15a4) Importer(815301076,1909f56bfc062723c751e8b465ee728b)
Start importing Assets/StarterAssets/Environment/Art/Textures/Grid_01_Emissive.png using Guid(d4d6919451fe3e24388816386a6d15a4) Importer(815301076,1909f56bfc062723c751e8b465ee728b)  -> (artifact id: 'a6ddcbbb745fea8032899cfbc5e53a68') in 0.112241 seconds
  Import took 0.121939 seconds .

========================================================================
Received Import Request.
  Time since last request: 0.000439 seconds.
  path: Assets/StarterAssets/Environment/Art/Textures/Grid_01_Normal.png
  artifactKey: Guid(c5c221ed57a3bf6488f8eba0db28a004) Importer(815301076,1909f56bfc062723c751e8b465ee728b)
Start importing Assets/StarterAssets/Environment/Art/Textures/Grid_01_Normal.png using Guid(c5c221ed57a3bf6488f8eba0db28a004) Importer(815301076,1909f56bfc062723c751e8b465ee728b)  -> (artifact id: 'ea30c0985248ae7177145f5f5f022903') in 0.115342 seconds
  Import took 0.147102 seconds .

========================================================================
Received Import Request.
  Time since last request: 0.000334 seconds.
  path: Assets/StarterAssets/Environment/Art/Textures/Grid_01_Emissive.png
  artifactKey: Guid(d4d6919451fe3e24388816386a6d15a4) Importer(815301076,1909f56bfc062723c751e8b465ee728b)
Start importing Assets/StarterAssets/Environment/Art/Textures/Grid_01_Emissive.png using Guid(d4d6919451fe3e24388816386a6d15a4) Importer(815301076,1909f56bfc062723c751e8b465ee728b)  -> (artifact id: 'a6ddcbbb745fea8032899cfbc5e53a68') in 0.026585 seconds
  Import took 0.048042 seconds .

========================================================================
Received Import Request.
  Time since last request: 1.977705 seconds.
  path: Assets/Textures/GameBoyRamp.png
  artifactKey: Guid(3e54f74110117b247be4b1066e41a9e0) Importer(815301076,1909f56bfc062723c751e8b465ee728b)
Start importing Assets/Textures/GameBoyRamp.png using Guid(3e54f74110117b247be4b1066e41a9e0) Importer(815301076,1909f56bfc062723c751e8b465ee728b)  -> (artifact id: '5770dedd8474bcca3fedb8360c672aee') in 0.028833 seconds
  Import took 0.047380 seconds .

========================================================================
Received Import Request.
  Time since last request: 0.000341 seconds.
  path: Assets/Textures/GreenRamp.png
  artifactKey: Guid(b71dec13e3a21ad4981ed52053769eb0) Importer(815301076,1909f56bfc062723c751e8b465ee728b)
Start importing Assets/Textures/GreenRamp.png using Guid(b71dec13e3a21ad4981ed52053769eb0) Importer(815301076,1909f56bfc062723c751e8b465ee728b)  -> (artifact id: 'ae79acbfb17816ae9073ffde1b2e6fe9') in 0.069014 seconds
  Import took 0.099329 seconds .

========================================================================
Received Import Request.
  Time since last request: 0.000379 seconds.
  path: Assets/Textures/GreenRamp2.png
  artifactKey: Guid(1df215aed299bb84ca6954a3eb951d8a) Importer(815301076,1909f56bfc062723c751e8b465ee728b)
Start importing Assets/Textures/GreenRamp2.png using Guid(1df215aed299bb84ca6954a3eb951d8a) Importer(815301076,1909f56bfc062723c751e8b465ee728b)  -> (artifact id: 'e453fb3d9d6a62dbbdd274cba6aec9da') in 0.053763 seconds
  Import took 0.073646 seconds .

========================================================================
Received Import Request.
  Time since last request: 0.000516 seconds.
  path: Assets/StarterAssets/ThirdPersonController/Character/Textures/Armature_Legs_RGB.tif
  artifactKey: Guid(64d6bedfd9838e14fb51c78c8e947042) Importer(815301076,1909f56bfc062723c751e8b465ee728b)
Start importing Assets/StarterAssets/ThirdPersonController/Character/Textures/Armature_Legs_RGB.tif using Guid(64d6bedfd9838e14fb51c78c8e947042) Importer(815301076,1909f56bfc062723c751e8b465ee728b)  -> (artifact id: '045ae4df8b0bb99d51b51bb5cbb9b953') in 0.402153 seconds
  Import took 0.421438 seconds .

========================================================================
Received Import Request.
  Time since last request: 0.000268 seconds.
  path: Assets/StarterAssets/ThirdPersonController/Character/Textures/Armature_Legs_MetallicSmoothness.tif
  artifactKey: Guid(1c98c94efa7792645972ecf95e6f86c2) Importer(815301076,1909f56bfc062723c751e8b465ee728b)
Start importing Assets/StarterAssets/ThirdPersonController/Character/Textures/Armature_Legs_MetallicSmoothness.tif using Guid(1c98c94efa7792645972ecf95e6f86c2) Importer(815301076,1909f56bfc062723c751e8b465ee728b)  -> (artifact id: 'ee87bd29e6f5752cdd12d675e750550e') in 0.072084 seconds
  Import took 0.108110 seconds .

========================================================================
Received Import Request.
  Time since last request: 0.000727 seconds.
  path: Assets/StarterAssets/ThirdPersonController/Character/Textures/Armature_Legs_Normal.tif
  artifactKey: Guid(b2c5d9c39850da946ae135dcb57faaea) Importer(815301076,1909f56bfc062723c751e8b465ee728b)
Start importing Assets/StarterAssets/ThirdPersonController/Character/Textures/Armature_Legs_Normal.tif using Guid(b2c5d9c39850da946ae135dcb57faaea) Importer(815301076,1909f56bfc062723c751e8b465ee728b)  -> (artifact id: 'c720b50dc15caaef70be9dd2dec23d61') in 0.092459 seconds
  Import took 0.112367 seconds .

========================================================================
Received Import Request.
  Time since last request: 0.000620 seconds.
  path: Assets/Textures/BlueRamp.PNG
  artifactKey: Guid(d0793423b70507c42a1f77f917ed7c50) Importer(815301076,1909f56bfc062723c751e8b465ee728b)
Start importing Assets/Textures/BlueRamp.PNG using Guid(d0793423b70507c42a1f77f917ed7c50) Importer(815301076,1909f56bfc062723c751e8b465ee728b)  -> (artifact id: 'd26cb99056d17606c6c8f557fe194d60') in 0.063011 seconds
  Import took 0.077926 seconds .

========================================================================
Received Import Request.
  Time since last request: 0.000786 seconds.
  path: Assets/Textures/BlueRamp2.PNG
  artifactKey: Guid(d112c961306b5a34088ecf3ac5711ba1) Importer(815301076,1909f56bfc062723c751e8b465ee728b)
Start importing Assets/Textures/BlueRamp2.PNG using Guid(d112c961306b5a34088ecf3ac5711ba1) Importer(815301076,1909f56bfc062723c751e8b465ee728b)  -> (artifact id: '505325c2c40653e3db0e0ec14ca6d82c') in 0.146470 seconds
  Import took 0.188471 seconds .

========================================================================
Received Import Request.
  Time since last request: 0.000287 seconds.
  path: Assets/StarterAssets/ThirdPersonController/Character/Textures/Armature_Legs_AlbedoTransparency.tif
  artifactKey: Guid(c444e3d02d2fcff4d9fe5211d67652a0) Importer(815301076,1909f56bfc062723c751e8b465ee728b)
Start importing Assets/StarterAssets/ThirdPersonController/Character/Textures/Armature_Legs_AlbedoTransparency.tif using Guid(c444e3d02d2fcff4d9fe5211d67652a0) Importer(815301076,1909f56bfc062723c751e8b465ee728b)  -> (artifact id: '6aa2b6bfd1477b35d9a4e349e28b9fc9') in 0.068966 seconds
  Import took 0.085558 seconds .

========================================================================
Received Import Request.
  Time since last request: 1.196296 seconds.
  path: Assets/StarterAssets/ThirdPersonController/Character/Textures/Armature_Body_MetallicSmoothness.tif
  artifactKey: Guid(e73adacd5e8f6fc45a491dbd62e71ead) Importer(815301076,1909f56bfc062723c751e8b465ee728b)
Start importing Assets/StarterAssets/ThirdPersonController/Character/Textures/Armature_Body_MetallicSmoothness.tif using Guid(e73adacd5e8f6fc45a491dbd62e71ead) Importer(815301076,1909f56bfc062723c751e8b465ee728b)  -> (artifact id: '366d4cdb5873daf8ad14674a9d34b2a1') in 0.167987 seconds
  Import took 0.182317 seconds .

========================================================================
Received Import Request.
  Time since last request: 0.000833 seconds.
  path: Assets/StarterAssets/ThirdPersonController/Character/Textures/Armature_Body_RGB.tif
  artifactKey: Guid(a95378e0fd5828442a6ed903fb3b0bf7) Importer(815301076,1909f56bfc062723c751e8b465ee728b)
Start importing Assets/StarterAssets/ThirdPersonController/Character/Textures/Armature_Body_RGB.tif using Guid(a95378e0fd5828442a6ed903fb3b0bf7) Importer(815301076,1909f56bfc062723c751e8b465ee728b)  -> (artifact id: '858205e07af3e9b74170421a9bd439d2') in 0.104313 seconds
  Import took 0.125254 seconds .

========================================================================
Received Import Request.
  Time since last request: 0.000556 seconds.
  path: Assets/StarterAssets/ThirdPersonController/Character/Textures/Armature_Body_Normal.tif
  artifactKey: Guid(2a3daea46c599324e873f935ab08000a) Importer(815301076,1909f56bfc062723c751e8b465ee728b)
Start importing Assets/StarterAssets/ThirdPersonController/Character/Textures/Armature_Body_Normal.tif using Guid(2a3daea46c599324e873f935ab08000a) Importer(815301076,1909f56bfc062723c751e8b465ee728b)  -> (artifact id: '53c121573d88839fc0090530d9ef0781') in 0.085063 seconds
  Import took 0.116080 seconds .

========================================================================
Received Import Request.
  Time since last request: 0.007500 seconds.
  path: Assets/StarterAssets/ThirdPersonController/Character/Textures/Armature_Body_Normal.tif
  artifactKey: Guid(2a3daea46c599324e873f935ab08000a) Importer(815301076,1909f56bfc062723c751e8b465ee728b)
Start importing Assets/StarterAssets/ThirdPersonController/Character/Textures/Armature_Body_Normal.tif using Guid(2a3daea46c599324e873f935ab08000a) Importer(815301076,1909f56bfc062723c751e8b465ee728b)  -> (artifact id: '53c121573d88839fc0090530d9ef0781') in 0.055978 seconds
  Import took 0.081993 seconds .

========================================================================
Received Import Request.
  Time since last request: 0.346656 seconds.
  path: Assets/StarterAssets/ThirdPersonController/Character/Textures/Armature_Arms_Normal.tif
  artifactKey: Guid(104a45460231b8d4783e0bb2223be28c) Importer(815301076,1909f56bfc062723c751e8b465ee728b)
Start importing Assets/StarterAssets/ThirdPersonController/Character/Textures/Armature_Arms_Normal.tif using Guid(104a45460231b8d4783e0bb2223be28c) Importer(815301076,1909f56bfc062723c751e8b465ee728b)  -> (artifact id: '3850e819fab488319e6455d9027242e9') in 0.066159 seconds
  Import took 0.086611 seconds .

========================================================================
Received Import Request.
  Time since last request: 0.000506 seconds.
  path: Assets/StarterAssets/ThirdPersonController/Character/Textures/Armature_Body_AlbedoTransparency.tif
  artifactKey: Guid(28d78c5517421f047b88352f3b18e8e7) Importer(815301076,1909f56bfc062723c751e8b465ee728b)
Start importing Assets/StarterAssets/ThirdPersonController/Character/Textures/Armature_Body_AlbedoTransparency.tif using Guid(28d78c5517421f047b88352f3b18e8e7) Importer(815301076,1909f56bfc062723c751e8b465ee728b)  -> (artifact id: '6cf0a876cebbceda056657e0ac3fa54a') in 0.069045 seconds
  Import took 0.089010 seconds .

========================================================================
Received Import Request.
  Time since last request: 0.002503 seconds.
  path: Assets/StarterAssets/ThirdPersonController/Character/Textures/Armature_Arms_RGB.tif
  artifactKey: Guid(9b46b2c2f21deb843b7ac9242d5f13e6) Importer(815301076,1909f56bfc062723c751e8b465ee728b)
Start importing Assets/StarterAssets/ThirdPersonController/Character/Textures/Armature_Arms_RGB.tif using Guid(9b46b2c2f21deb843b7ac9242d5f13e6) Importer(815301076,1909f56bfc062723c751e8b465ee728b)  -> (artifact id: '6cccaca3917f18e1fc24b03de68ab276') in 0.138971 seconds
  Import took 0.155515 seconds .

========================================================================
Received Import Request.
  Time since last request: 2.024922 seconds.
  path: Assets/StarterAssets/ThirdPersonController/Character/Textures/Armature_Arms_AlbedoTransparency.tif
  artifactKey: Guid(c6dc62700fa06274b9608a9fce8ed21b) Importer(815301076,1909f56bfc062723c751e8b465ee728b)
Start importing Assets/StarterAssets/ThirdPersonController/Character/Textures/Armature_Arms_AlbedoTransparency.tif using Guid(c6dc62700fa06274b9608a9fce8ed21b) Importer(815301076,1909f56bfc062723c751e8b465ee728b)  -> (artifact id: '8bafec55d95f72948160076c84ab75e5') in 0.128114 seconds
  Import took 0.154389 seconds .

========================================================================
Received Import Request.
  Time since last request: 0.000359 seconds.
  path: Assets/StarterAssets/ThirdPersonController/Character/Textures/Armature_Arms_MetallicSmoothness.tif
  artifactKey: Guid(b41d630ccc344454bb1f27587f9acd70) Importer(815301076,1909f56bfc062723c751e8b465ee728b)
Start importing Assets/StarterAssets/ThirdPersonController/Character/Textures/Armature_Arms_MetallicSmoothness.tif using Guid(b41d630ccc344454bb1f27587f9acd70) Importer(815301076,1909f56bfc062723c751e8b465ee728b)  -> (artifact id: '3f82225b3e74ff10a5dc7fc428d26c59') in 0.066291 seconds
  Import took 0.087086 seconds .

========================================================================
Received Prepare
Registering precompiled user dll's ...
Registered in 0.001985 seconds.
Begin MonoManager ReloadAssembly
Native extension for WindowsStandalone target not found
Native extension for WebGL target not found
Refreshing native plugins compatible for Editor in 1.22 ms, found 0 plugins.
Preloading 0 native plugins for Editor in 0.00 ms.
Mono: successfully reloaded assembly
- Completed reload, in  1.894 seconds
Platform modules already initialized, skipping
Shader 'Universal Render Pipeline/Particles/Lit': fallback shader 'Universal Render Pipeline/Particles/SimpleLit' not found
Refreshing native plugins compatible for Editor in 0.89 ms, found 0 plugins.
Preloading 0 native plugins for Editor in 0.00 ms.
Unloading 3131 Unused Serialized files (Serialized files now loaded: 0)
System memory in use before: 145.3 MB.
System memory in use after: 145.5 MB.

Unloading 7 unused Assets to reduce memory usage. Loaded Objects now: 3821.
Total: 15.163200 ms (FindLiveObjects: 3.358700 ms CreateObjectMapping: 0.537000 ms MarkObjects: 10.885000 ms  DeleteObjects: 0.379000 ms)

========================================================================
Received Prepare
Registering precompiled user dll's ...
Registered in 0.002353 seconds.
Begin MonoManager ReloadAssembly
Native extension for WindowsStandalone target not found
Native extension for WebGL target not found
Refreshing native plugins compatible for Editor in 0.71 ms, found 0 plugins.
Preloading 0 native plugins for Editor in 0.00 ms.
Mono: successfully reloaded assembly
- Completed reload, in  1.434 seconds
Platform modules already initialized, skipping
Shader 'Universal Render Pipeline/Particles/Lit': fallback shader 'Universal Render Pipeline/Particles/SimpleLit' not found
Refreshing native plugins compatible for Editor in 0.63 ms, found 0 plugins.
Preloading 0 native plugins for Editor in 0.00 ms.
Unloading 3131 Unused Serialized files (Serialized files now loaded: 0)
System memory in use before: 145.3 MB.
System memory in use after: 145.5 MB.

Unloading 7 unused Assets to reduce memory usage. Loaded Objects now: 3824.
Total: 3.127600 ms (FindLiveObjects: 0.346700 ms CreateObjectMapping: 0.148400 ms MarkObjects: 2.529800 ms  DeleteObjects: 0.101300 ms)

========================================================================
Received Import Request.
  Time since last request: 2021.336500 seconds.
  path: Assets/Materials/Environ/Greybox.mat
  artifactKey: Guid(179a79610bd9e4b44af92fc38aa82d80) Importer(815301076,1909f56bfc062723c751e8b465ee728b)
Start importing Assets/Materials/Environ/Greybox.mat using Guid(179a79610bd9e4b44af92fc38aa82d80) Importer(815301076,1909f56bfc062723c751e8b465ee728b)  -> (artifact id: '36a876a4035a37fe8e5ed05c223f1434') in 0.291238 seconds
  Import took 0.302143 seconds .

========================================================================
Received Import Request.
  Time since last request: 0.000367 seconds.
  path: Assets/Materials/Environ/UnlitMid.mat
  artifactKey: Guid(69d72a073fcc78141ae2600210b52872) Importer(815301076,1909f56bfc062723c751e8b465ee728b)
Start importing Assets/Materials/Environ/UnlitMid.mat using Guid(69d72a073fcc78141ae2600210b52872) Importer(815301076,1909f56bfc062723c751e8b465ee728b)  -> (artifact id: '067cd5c392f9ede8f7ec21cd1b45ac85') in 0.030079 seconds
  Import took 0.040279 seconds .

========================================================================
Received Import Request.
  Time since last request: 0.000343 seconds.
  path: Assets/Materials/Environ/UnlitLight.mat
  artifactKey: Guid(28fe7ffca40cfe749956019aa3cf9814) Importer(815301076,1909f56bfc062723c751e8b465ee728b)
Start importing Assets/Materials/Environ/UnlitLight.mat using Guid(28fe7ffca40cfe749956019aa3cf9814) Importer(815301076,1909f56bfc062723c751e8b465ee728b)  -> (artifact id: '4c678216da6cca71afac528d98e42045') in 0.029803 seconds
  Import took 0.037815 seconds .

========================================================================
Received Import Request.
  Time since last request: 0.000320 seconds.
  path: Assets/Materials/Environ/UnlitDark.mat
  artifactKey: Guid(58153302d281e5e4c85636b47a16178d) Importer(815301076,1909f56bfc062723c751e8b465ee728b)
Start importing Assets/Materials/Environ/UnlitDark.mat using Guid(58153302d281e5e4c85636b47a16178d) Importer(815301076,1909f56bfc062723c751e8b465ee728b)  -> (artifact id: '71f8507e6933111ddebd83b36a6d8e11') in 0.029787 seconds
  Import took 0.042082 seconds .

========================================================================
Received Import Request.
  Time since last request: 0.005966 seconds.
  path: Assets/Materials/Environ/UnlitLight.mat
  artifactKey: Guid(28fe7ffca40cfe749956019aa3cf9814) Importer(815301076,1909f56bfc062723c751e8b465ee728b)
Start importing Assets/Materials/Environ/UnlitLight.mat using Guid(28fe7ffca40cfe749956019aa3cf9814) Importer(815301076,1909f56bfc062723c751e8b465ee728b)  -> (artifact id: '4c678216da6cca71afac528d98e42045') in 0.043438 seconds
  Import took 0.059176 seconds .

AssetImportWorkerClient::OnTransportError - code=2 error=End of file
