Using pre-set license
Built from '2020.3/staging' branch; Version is '2020.3.9f1 (108be757e447) revision 1084391'; Using compiler version '192528614'; Build Type 'Release'
OS: 'Windows 10 Home; OS build 19043.1348; Version 2009; 64bit' Language: 'en' Physical Memory: 8103 MB
BatchMode: 1, IsHumanControllingUs: 0, StartBugReporterOnCrash: 0, Is64bit: 1, IsPro: 0

 COMMAND LINE ARGUMENTS:
C:\Program Files\Unity\2020.3.9f1\Editor\Unity.exe
-adb2
-batchMode
-noUpm
-name
AssetImportWorker2
-projectPath
C:/Users/al_dude360/Documents/GitHub/RE_Test
-logFile
Logs/AssetImportWorker2.log
-srvPort
22867
Successfully changed project path to: C:/Users/al_dude360/Documents/GitHub/RE_Test
C:/Users/al_dude360/Documents/GitHub/RE_Test
Using Asset Import Pipeline V2.
Refreshing native plugins compatible for Editor in 93.79 ms, found 0 plugins.
Preloading 0 native plugins for Editor in 0.00 ms.
Initialize engine version: 2020.3.9f1 (108be757e447)
[Subsystems] Discovering subsystems at path C:/Program Files/Unity/2020.3.9f1/Editor/Data/Resources/UnitySubsystems
[Subsystems] Discovering subsystems at path C:/Users/al_dude360/Documents/GitHub/RE_Test/Assets
GfxDevice: creating device client; threaded=0
Direct3D:
    Version:  Direct3D 11.0 [level 11.0]
    Renderer: NVIDIA GeForce 840M (ID=0x1341)
    Vendor:   
    VRAM:     2010 MB
    Driver:   27.21.14.6089
Shader 'Universal Render Pipeline/Particles/Lit': fallback shader 'Universal Render Pipeline/Particles/SimpleLit' not found
Initialize mono
Mono path[0] = 'C:/Program Files/Unity/2020.3.9f1/Editor/Data/Managed'
Mono path[1] = 'C:/Program Files/Unity/2020.3.9f1/Editor/Data/MonoBleedingEdge/lib/mono/unityjit'
Mono config path = 'C:/Program Files/Unity/2020.3.9f1/Editor/Data/MonoBleedingEdge/etc'
Using monoOptions --debugger-agent=transport=dt_socket,embedding=1,server=y,suspend=n,address=127.0.0.1:56272
Begin MonoManager ReloadAssembly
Registering precompiled unity dll's ...
Register platform support module: C:/Program Files/Unity/2020.3.9f1/Editor/Data/PlaybackEngines/WebGLSupport/UnityEditor.WebGL.Extensions.dll
Register platform support module: C:/Program Files/Unity/2020.3.9f1/Editor/Data/PlaybackEngines/WindowsStandaloneSupport/UnityEditor.WindowsStandalone.Extensions.dll
Registered in 0.004838 seconds.
Native extension for WindowsStandalone target not found
Native extension for WebGL target not found
Refreshing native plugins compatible for Editor in 88.37 ms, found 0 plugins.
Preloading 0 native plugins for Editor in 0.00 ms.
Mono: successfully reloaded assembly
- Completed reload, in  3.280 seconds
Platform modules already initialized, skipping
Registering precompiled user dll's ...
Registered in 0.002097 seconds.
Begin MonoManager ReloadAssembly
Native extension for WindowsStandalone target not found
Native extension for WebGL target not found
Refreshing native plugins compatible for Editor in 100.10 ms, found 0 plugins.
Preloading 0 native plugins for Editor in 0.00 ms.
Mono: successfully reloaded assembly
- Completed reload, in  2.039 seconds
Platform modules already initialized, skipping
========================================================================
Worker process is ready to serve import requests
Shader 'Universal Render Pipeline/Particles/Lit': fallback shader 'Universal Render Pipeline/Particles/SimpleLit' not found
Launched and connected shader compiler UnityShaderCompiler.exe after 4.22 seconds
Refreshing native plugins compatible for Editor in 0.77 ms, found 0 plugins.
Preloading 0 native plugins for Editor in 0.00 ms.
Unloading 3270 Unused Serialized files (Serialized files now loaded: 0)
System memory in use before: 149.4 MB.
System memory in use after: 149.5 MB.

Unloading 14 unused Assets to reduce memory usage. Loaded Objects now: 3722.
Total: 4.154600 ms (FindLiveObjects: 0.474800 ms CreateObjectMapping: 0.405000 ms MarkObjects: 3.134300 ms  DeleteObjects: 0.138900 ms)

========================================================================
Received Import Request.
  path: Assets/Models/Pistol.fbx
  artifactKey: Guid(2789a1ee5bdf7c64f86145919b21dcd6) Importer(815301076,1909f56bfc062723c751e8b465ee728b)
Start importing Assets/Models/Pistol.fbx using Guid(2789a1ee5bdf7c64f86145919b21dcd6) Importer(815301076,1909f56bfc062723c751e8b465ee728b)  -> (artifact id: 'd291d7fb0e3a9a0ff6888a3e8be2a1e4') in 6.881233 seconds
  Import took 7.013389 seconds .

========================================================================
Received Import Request.
  Time since last request: 0.000765 seconds.
  path: Assets/Animations
  artifactKey: Guid(2ab2ab1208090904a8dba3f043b57ba4) Importer(815301076,1909f56bfc062723c751e8b465ee728b)
Start importing Assets/Animations using Guid(2ab2ab1208090904a8dba3f043b57ba4) Importer(815301076,1909f56bfc062723c751e8b465ee728b)  -> (artifact id: '87c426be0a0977517a431aaa335d4f0b') in 0.017177 seconds
  Import took 0.164426 seconds .

========================================================================
Received Import Request.
  Time since last request: 0.000403 seconds.
  path: Assets/Models/Mannequin.fbx
  artifactKey: Guid(4e441219344399443b1cff023d4214ca) Importer(815301076,1909f56bfc062723c751e8b465ee728b)
Start importing Assets/Models/Mannequin.fbx using Guid(4e441219344399443b1cff023d4214ca) Importer(815301076,1909f56bfc062723c751e8b465ee728b)  -> (artifact id: '4114ea7f489972f437a2d025419fc1b3') in 1.396143 seconds
  Import took 1.495131 seconds .

========================================================================
Received Import Request.
  Time since last request: 0.000381 seconds.
  path: Assets/Animations/Enemy/EnemyAnimCont.controller
  artifactKey: Guid(41de5c1c669f13c43a8b9c2b6d418041) Importer(815301076,1909f56bfc062723c751e8b465ee728b)
Start importing Assets/Animations/Enemy/EnemyAnimCont.controller using Guid(41de5c1c669f13c43a8b9c2b6d418041) Importer(815301076,1909f56bfc062723c751e8b465ee728b)  -> (artifact id: 'bbfdc6f33dd9cc971dadaeab1d37e6f1') in 0.144172 seconds
  Import took 0.203889 seconds .

========================================================================
Received Import Request.
  Time since last request: 0.000343 seconds.
  path: Assets/Animations/Enemy
  artifactKey: Guid(1612660506b76014ca0995697389ac69) Importer(815301076,1909f56bfc062723c751e8b465ee728b)
Start importing Assets/Animations/Enemy using Guid(1612660506b76014ca0995697389ac69) Importer(815301076,1909f56bfc062723c751e8b465ee728b)  -> (artifact id: 'd4528b6e7c49257e213dfb8ec68ce3d1') in 0.029846 seconds
  Import took 0.058438 seconds .

========================================================================
Received Import Request.
  Time since last request: 0.000337 seconds.
  path: Assets/Models
  artifactKey: Guid(1d081d60b680af748b87d1f608e11388) Importer(815301076,1909f56bfc062723c751e8b465ee728b)
Start importing Assets/Models using Guid(1d081d60b680af748b87d1f608e11388) Importer(815301076,1909f56bfc062723c751e8b465ee728b)  -> (artifact id: 'bcc1426a84a8686c7e168c2ab12159d3') in 0.008821 seconds
  Import took 0.029201 seconds .

========================================================================
Received Prepare
Shader 'Universal Render Pipeline/Particles/Lit': fallback shader 'Universal Render Pipeline/Particles/SimpleLit' not found
Refreshing native plugins compatible for Editor in 2.51 ms, found 0 plugins.
Preloading 0 native plugins for Editor in 0.00 ms.
Unloading 4 Unused Serialized files (Serialized files now loaded: 0)
System memory in use before: 96.5 MB.
System memory in use after: 96.7 MB.

Unloading 4 unused Assets to reduce memory usage. Loaded Objects now: 3856.
Total: 82.921400 ms (FindLiveObjects: 1.232100 ms CreateObjectMapping: 0.657400 ms MarkObjects: 80.825200 ms  DeleteObjects: 0.204700 ms)

========================================================================
Received Import Request.
  Time since last request: 4794.610437 seconds.
  path: Assets/Animations/Enemy/walk_attack.fbx
  artifactKey: Guid(021d2779a2a3aae4ba6863a20ad1f2ec) Importer(815301076,1909f56bfc062723c751e8b465ee728b)
Start importing Assets/Animations/Enemy/walk_attack.fbx using Guid(021d2779a2a3aae4ba6863a20ad1f2ec) Importer(815301076,1909f56bfc062723c751e8b465ee728b)  -> (artifact id: 'dd1fe358ce1d4aee2329d5f11387325c') in 0.135860 seconds
  Import took 0.214187 seconds .

========================================================================
Received Import Request.
  Time since last request: 35.147766 seconds.
  path: Assets/Models/Mannequin.fbx
  artifactKey: Guid(4e441219344399443b1cff023d4214ca) Importer(815301076,1909f56bfc062723c751e8b465ee728b)
Start importing Assets/Models/Mannequin.fbx using Guid(4e441219344399443b1cff023d4214ca) Importer(815301076,1909f56bfc062723c751e8b465ee728b)  -> (artifact id: 'b03f443c220e553393777437af7003a5') in 0.069606 seconds
  Import took 0.103134 seconds .

========================================================================
Received Import Request.
  Time since last request: 20.098565 seconds.
  path: Assets/Animations/Enemy/walk_attack.fbx
  artifactKey: Guid(021d2779a2a3aae4ba6863a20ad1f2ec) Importer(815301076,1909f56bfc062723c751e8b465ee728b)
Start importing Assets/Animations/Enemy/walk_attack.fbx using Guid(021d2779a2a3aae4ba6863a20ad1f2ec) Importer(815301076,1909f56bfc062723c751e8b465ee728b)  -> (artifact id: '841e8b41dee27283eb498dd713fef541') in 0.059769 seconds
  Import took 0.095218 seconds .

========================================================================
Received Import Request.
  Time since last request: 46.371229 seconds.
  path: Assets/Animations/Enemy/walk_attack.fbx
  artifactKey: Guid(021d2779a2a3aae4ba6863a20ad1f2ec) Importer(815301076,1909f56bfc062723c751e8b465ee728b)
Start importing Assets/Animations/Enemy/walk_attack.fbx using Guid(021d2779a2a3aae4ba6863a20ad1f2ec) Importer(815301076,1909f56bfc062723c751e8b465ee728b)  -> (artifact id: 'dab8b382a07aa769c55fac0a5b8726ee') in 0.145248 seconds
  Import took 0.160962 seconds .

========================================================================
Received Import Request.
  Time since last request: 38.369416 seconds.
  path: Assets/Animations/Enemy/walk_attack.fbx
  artifactKey: Guid(021d2779a2a3aae4ba6863a20ad1f2ec) Importer(815301076,1909f56bfc062723c751e8b465ee728b)
Start importing Assets/Animations/Enemy/walk_attack.fbx using Guid(021d2779a2a3aae4ba6863a20ad1f2ec) Importer(815301076,1909f56bfc062723c751e8b465ee728b)  -> (artifact id: '755a971eb5296fa8f11168ecce06ad69') in 0.064813 seconds
  Import took 0.094971 seconds .

========================================================================
Received Import Request.
  Time since last request: 298.446545 seconds.
  path: Assets/Animations/Enemy/walk_attack.fbx
  artifactKey: Guid(021d2779a2a3aae4ba6863a20ad1f2ec) Importer(815301076,1909f56bfc062723c751e8b465ee728b)
Start importing Assets/Animations/Enemy/walk_attack.fbx using Guid(021d2779a2a3aae4ba6863a20ad1f2ec) Importer(815301076,1909f56bfc062723c751e8b465ee728b)  -> (artifact id: 'd282bd447eca054b02784ceef91516b9') in 0.073743 seconds
  Import took 0.085387 seconds .

========================================================================
Received Prepare
Registering precompiled user dll's ...
Registered in 0.002447 seconds.
Begin MonoManager ReloadAssembly
Native extension for WindowsStandalone target not found
Native extension for WebGL target not found
Refreshing native plugins compatible for Editor in 0.66 ms, found 0 plugins.
Preloading 0 native plugins for Editor in 0.00 ms.
Mono: successfully reloaded assembly
- Completed reload, in  1.783 seconds
Platform modules already initialized, skipping
Shader 'Universal Render Pipeline/Particles/Lit': fallback shader 'Universal Render Pipeline/Particles/SimpleLit' not found
Refreshing native plugins compatible for Editor in 0.77 ms, found 0 plugins.
Preloading 0 native plugins for Editor in 0.00 ms.
Unloading 3131 Unused Serialized files (Serialized files now loaded: 0)
System memory in use before: 159.0 MB.
System memory in use after: 159.2 MB.

Unloading 7 unused Assets to reduce memory usage. Loaded Objects now: 3807.
Total: 3.381500 ms (FindLiveObjects: 0.441700 ms CreateObjectMapping: 0.157600 ms MarkObjects: 2.682100 ms  DeleteObjects: 0.098900 ms)

========================================================================
Received Import Request.
  Time since last request: 1496.752613 seconds.
  path: Assets/Scripts
  artifactKey: Guid(02a3527b6b33a924e8ec66aa805ea717) Importer(815301076,1909f56bfc062723c751e8b465ee728b)
Start importing Assets/Scripts using Guid(02a3527b6b33a924e8ec66aa805ea717) Importer(815301076,1909f56bfc062723c751e8b465ee728b)  -> (artifact id: '3d22bec3b2937c29cd085e1506c06094') in 0.015121 seconds
  Import took 0.084851 seconds .

========================================================================
Received Import Request.
  Time since last request: 2.371338 seconds.
  path: Assets/Scripts/Enemy
  artifactKey: Guid(053f44f22a2fe7f4887c415cbecf01a1) Importer(815301076,1909f56bfc062723c751e8b465ee728b)
Start importing Assets/Scripts/Enemy using Guid(053f44f22a2fe7f4887c415cbecf01a1) Importer(815301076,1909f56bfc062723c751e8b465ee728b)  -> (artifact id: '3a28302bfc0a23751d8cfd1104ea1550') in 0.009886 seconds
  Import took 0.035567 seconds .

========================================================================
Received Import Request.
  Time since last request: 33.549256 seconds.
  path: Assets/Scripts/ConfigurableJointExtensions.cs
  artifactKey: Guid(d83466d0db63227479e87ec7b36b8660) Importer(815301076,1909f56bfc062723c751e8b465ee728b)
Start importing Assets/Scripts/ConfigurableJointExtensions.cs using Guid(d83466d0db63227479e87ec7b36b8660) Importer(815301076,1909f56bfc062723c751e8b465ee728b)  -> (artifact id: 'c00db13b4ec384bf315e23ba4a727500') in 0.094831 seconds
  Import took 0.147269 seconds .

========================================================================
Received Prepare
Registering precompiled user dll's ...
Registered in 0.002505 seconds.
Begin MonoManager ReloadAssembly
Native extension for WindowsStandalone target not found
Native extension for WebGL target not found
Refreshing native plugins compatible for Editor in 0.66 ms, found 0 plugins.
Preloading 0 native plugins for Editor in 0.00 ms.
Mono: successfully reloaded assembly
- Completed reload, in  1.708 seconds
Platform modules already initialized, skipping
Shader 'Universal Render Pipeline/Particles/Lit': fallback shader 'Universal Render Pipeline/Particles/SimpleLit' not found
Refreshing native plugins compatible for Editor in 0.83 ms, found 0 plugins.
Preloading 0 native plugins for Editor in 0.00 ms.
Unloading 3132 Unused Serialized files (Serialized files now loaded: 0)
System memory in use before: 159.1 MB.
System memory in use after: 159.3 MB.

Unloading 7 unused Assets to reduce memory usage. Loaded Objects now: 3811.
Total: 4.084700 ms (FindLiveObjects: 0.497100 ms CreateObjectMapping: 0.329600 ms MarkObjects: 3.147500 ms  DeleteObjects: 0.109100 ms)

========================================================================
Received Prepare
Registering precompiled user dll's ...
Registered in 0.002025 seconds.
Begin MonoManager ReloadAssembly
Native extension for WindowsStandalone target not found
Native extension for WebGL target not found
Refreshing native plugins compatible for Editor in 0.67 ms, found 0 plugins.
Preloading 0 native plugins for Editor in 0.00 ms.
Mono: successfully reloaded assembly
- Completed reload, in  2.287 seconds
Platform modules already initialized, skipping
Shader 'Universal Render Pipeline/Particles/Lit': fallback shader 'Universal Render Pipeline/Particles/SimpleLit' not found
Refreshing native plugins compatible for Editor in 1.00 ms, found 0 plugins.
Preloading 0 native plugins for Editor in 0.00 ms.
Unloading 3132 Unused Serialized files (Serialized files now loaded: 0)
System memory in use before: 159.2 MB.
System memory in use after: 159.3 MB.

Unloading 7 unused Assets to reduce memory usage. Loaded Objects now: 3814.
Total: 3.770600 ms (FindLiveObjects: 0.401400 ms CreateObjectMapping: 0.172000 ms MarkObjects: 3.069100 ms  DeleteObjects: 0.126400 ms)

========================================================================
Received Import Request.
  Time since last request: 638.263812 seconds.
  path: Assets/Scripts/ConfigurableJointExtensions.cs
  artifactKey: Guid(d83466d0db63227479e87ec7b36b8660) Importer(815301076,1909f56bfc062723c751e8b465ee728b)
Start importing Assets/Scripts/ConfigurableJointExtensions.cs using Guid(d83466d0db63227479e87ec7b36b8660) Importer(815301076,1909f56bfc062723c751e8b465ee728b)  -> (artifact id: '1970d925b5af9c5db6353a10b653ec37') in 0.017890 seconds
  Import took 0.102648 seconds .

========================================================================
Received Import Request.
  Time since last request: 10.324671 seconds.
  path: Assets/Scripts/Ragdoll
  artifactKey: Guid(1451606e58657ec41949c841b5e615b1) Importer(815301076,1909f56bfc062723c751e8b465ee728b)
Start importing Assets/Scripts/Ragdoll using Guid(1451606e58657ec41949c841b5e615b1) Importer(815301076,1909f56bfc062723c751e8b465ee728b)  -> (artifact id: '112e578017f250fecc235a6f87bf870b') in 0.020794 seconds
  Import took 0.033369 seconds .

========================================================================
Received Prepare
Registering precompiled user dll's ...
Registered in 0.002166 seconds.
Begin MonoManager ReloadAssembly
Native extension for WindowsStandalone target not found
Native extension for WebGL target not found
Refreshing native plugins compatible for Editor in 1.01 ms, found 0 plugins.
Preloading 0 native plugins for Editor in 0.00 ms.
Mono: successfully reloaded assembly
- Completed reload, in  1.882 seconds
Platform modules already initialized, skipping
Shader 'Universal Render Pipeline/Particles/Lit': fallback shader 'Universal Render Pipeline/Particles/SimpleLit' not found
Refreshing native plugins compatible for Editor in 0.81 ms, found 0 plugins.
Preloading 0 native plugins for Editor in 0.00 ms.
Unloading 3132 Unused Serialized files (Serialized files now loaded: 0)
System memory in use before: 159.2 MB.
System memory in use after: 159.4 MB.

Unloading 7 unused Assets to reduce memory usage. Loaded Objects now: 3817.
Total: 4.102800 ms (FindLiveObjects: 0.407000 ms CreateObjectMapping: 0.152800 ms MarkObjects: 3.421000 ms  DeleteObjects: 0.120400 ms)

========================================================================
Received Import Request.
  Time since last request: 24.349401 seconds.
  path: Assets/Scripts/Ragdoll/ActiveRagdoll.cs
  artifactKey: Guid(fe930df9411a4654d86f32711e74819e) Importer(815301076,1909f56bfc062723c751e8b465ee728b)
Start importing Assets/Scripts/Ragdoll/ActiveRagdoll.cs using Guid(fe930df9411a4654d86f32711e74819e) Importer(815301076,1909f56bfc062723c751e8b465ee728b)  -> (artifact id: 'cd50c83bbbf8f041b0f0f8a18d04ddbf') in 0.022493 seconds
  Import took 0.092276 seconds .

========================================================================
Received Prepare
Registering precompiled user dll's ...
Registered in 0.002237 seconds.
Begin MonoManager ReloadAssembly
Native extension for WindowsStandalone target not found
Native extension for WebGL target not found
Refreshing native plugins compatible for Editor in 0.68 ms, found 0 plugins.
Preloading 0 native plugins for Editor in 0.00 ms.
Mono: successfully reloaded assembly
- Completed reload, in  2.255 seconds
Platform modules already initialized, skipping
Shader 'Universal Render Pipeline/Particles/Lit': fallback shader 'Universal Render Pipeline/Particles/SimpleLit' not found
Refreshing native plugins compatible for Editor in 1.01 ms, found 0 plugins.
Preloading 0 native plugins for Editor in 0.00 ms.
Unloading 3133 Unused Serialized files (Serialized files now loaded: 0)
System memory in use before: 159.2 MB.
System memory in use after: 159.4 MB.

Unloading 7 unused Assets to reduce memory usage. Loaded Objects now: 3821.
Total: 3.518800 ms (FindLiveObjects: 0.340300 ms CreateObjectMapping: 0.140900 ms MarkObjects: 2.924000 ms  DeleteObjects: 0.112400 ms)

========================================================================
Received Prepare
Registering precompiled user dll's ...
Registered in 0.003321 seconds.
Begin MonoManager ReloadAssembly
Native extension for WindowsStandalone target not found
Native extension for WebGL target not found
Refreshing native plugins compatible for Editor in 0.70 ms, found 0 plugins.
Preloading 0 native plugins for Editor in 0.00 ms.
Mono: successfully reloaded assembly
- Completed reload, in  2.179 seconds
Platform modules already initialized, skipping
Shader 'Universal Render Pipeline/Particles/Lit': fallback shader 'Universal Render Pipeline/Particles/SimpleLit' not found
Refreshing native plugins compatible for Editor in 0.90 ms, found 0 plugins.
Preloading 0 native plugins for Editor in 0.00 ms.
Unloading 3133 Unused Serialized files (Serialized files now loaded: 0)
System memory in use before: 159.2 MB.
System memory in use after: 159.4 MB.

Unloading 7 unused Assets to reduce memory usage. Loaded Objects now: 3824.
Total: 3.674300 ms (FindLiveObjects: 0.394300 ms CreateObjectMapping: 0.147900 ms MarkObjects: 3.029200 ms  DeleteObjects: 0.101600 ms)

========================================================================
Received Import Request.
  Time since last request: 327.902970 seconds.
  path: Assets/Scripts/Ragdoll/ActiveRagdoll.cs
  artifactKey: Guid(fe930df9411a4654d86f32711e74819e) Importer(815301076,1909f56bfc062723c751e8b465ee728b)
Start importing Assets/Scripts/Ragdoll/ActiveRagdoll.cs using Guid(fe930df9411a4654d86f32711e74819e) Importer(815301076,1909f56bfc062723c751e8b465ee728b)  -> (artifact id: '212c61720eaa577fdec860f4604b8045') in 0.010139 seconds
  Import took 0.066757 seconds .

========================================================================
Received Prepare
Registering precompiled user dll's ...
Registered in 0.002126 seconds.
Begin MonoManager ReloadAssembly
Native extension for WindowsStandalone target not found
Native extension for WebGL target not found
Refreshing native plugins compatible for Editor in 1.84 ms, found 0 plugins.
Preloading 0 native plugins for Editor in 0.00 ms.
Mono: successfully reloaded assembly
- Completed reload, in  1.772 seconds
Platform modules already initialized, skipping
Shader 'Universal Render Pipeline/Particles/Lit': fallback shader 'Universal Render Pipeline/Particles/SimpleLit' not found
Refreshing native plugins compatible for Editor in 0.75 ms, found 0 plugins.
Preloading 0 native plugins for Editor in 0.00 ms.
Unloading 3133 Unused Serialized files (Serialized files now loaded: 0)
System memory in use before: 159.2 MB.
System memory in use after: 159.4 MB.

Unloading 7 unused Assets to reduce memory usage. Loaded Objects now: 3827.
Total: 3.485400 ms (FindLiveObjects: 0.468300 ms CreateObjectMapping: 0.162200 ms MarkObjects: 2.749900 ms  DeleteObjects: 0.103700 ms)

========================================================================
Received Prepare
Registering precompiled user dll's ...
Registered in 0.002589 seconds.
Begin MonoManager ReloadAssembly
Native extension for WindowsStandalone target not found
Native extension for WebGL target not found
Refreshing native plugins compatible for Editor in 0.67 ms, found 0 plugins.
Preloading 0 native plugins for Editor in 0.00 ms.
Mono: successfully reloaded assembly
- Completed reload, in  1.822 seconds
Platform modules already initialized, skipping
Shader 'Universal Render Pipeline/Particles/Lit': fallback shader 'Universal Render Pipeline/Particles/SimpleLit' not found
Refreshing native plugins compatible for Editor in 1.32 ms, found 0 plugins.
Preloading 0 native plugins for Editor in 0.00 ms.
Unloading 3133 Unused Serialized files (Serialized files now loaded: 0)
System memory in use before: 159.3 MB.
System memory in use after: 159.4 MB.

Unloading 7 unused Assets to reduce memory usage. Loaded Objects now: 3830.
Total: 6.644800 ms (FindLiveObjects: 0.899100 ms CreateObjectMapping: 0.292200 ms MarkObjects: 5.305800 ms  DeleteObjects: 0.145100 ms)

========================================================================
Received Prepare
Registering precompiled user dll's ...
Registered in 0.002366 seconds.
Begin MonoManager ReloadAssembly
Native extension for WindowsStandalone target not found
Native extension for WebGL target not found
Refreshing native plugins compatible for Editor in 0.69 ms, found 0 plugins.
Preloading 0 native plugins for Editor in 0.00 ms.
Mono: successfully reloaded assembly
- Completed reload, in  2.210 seconds
Platform modules already initialized, skipping
Shader 'Universal Render Pipeline/Particles/Lit': fallback shader 'Universal Render Pipeline/Particles/SimpleLit' not found
Refreshing native plugins compatible for Editor in 0.83 ms, found 0 plugins.
Preloading 0 native plugins for Editor in 0.00 ms.
Unloading 3133 Unused Serialized files (Serialized files now loaded: 0)
System memory in use before: 159.3 MB.
System memory in use after: 159.4 MB.

Unloading 7 unused Assets to reduce memory usage. Loaded Objects now: 3833.
Total: 13.859200 ms (FindLiveObjects: 0.847100 ms CreateObjectMapping: 0.382400 ms MarkObjects: 12.460300 ms  DeleteObjects: 0.167200 ms)

========================================================================
Received Prepare
Registering precompiled user dll's ...
Registered in 0.007527 seconds.
Begin MonoManager ReloadAssembly
Native extension for WindowsStandalone target not found
Native extension for WebGL target not found
Refreshing native plugins compatible for Editor in 0.79 ms, found 0 plugins.
Preloading 0 native plugins for Editor in 0.00 ms.
Mono: successfully reloaded assembly
- Completed reload, in  2.096 seconds
Platform modules already initialized, skipping
Shader 'Universal Render Pipeline/Particles/Lit': fallback shader 'Universal Render Pipeline/Particles/SimpleLit' not found
Refreshing native plugins compatible for Editor in 1.44 ms, found 0 plugins.
Preloading 0 native plugins for Editor in 0.00 ms.
Unloading 3133 Unused Serialized files (Serialized files now loaded: 0)
System memory in use before: 159.3 MB.
System memory in use after: 159.5 MB.

Unloading 7 unused Assets to reduce memory usage. Loaded Objects now: 3836.
Total: 3.509200 ms (FindLiveObjects: 0.455800 ms CreateObjectMapping: 0.160600 ms MarkObjects: 2.782700 ms  DeleteObjects: 0.108200 ms)

========================================================================
Received Prepare
Registering precompiled user dll's ...
Registered in 0.002205 seconds.
Begin MonoManager ReloadAssembly
Native extension for WindowsStandalone target not found
Native extension for WebGL target not found
Refreshing native plugins compatible for Editor in 0.63 ms, found 0 plugins.
Preloading 0 native plugins for Editor in 0.00 ms.
Mono: successfully reloaded assembly
- Completed reload, in  2.225 seconds
Platform modules already initialized, skipping
Shader 'Universal Render Pipeline/Particles/Lit': fallback shader 'Universal Render Pipeline/Particles/SimpleLit' not found
Refreshing native plugins compatible for Editor in 0.72 ms, found 0 plugins.
Preloading 0 native plugins for Editor in 0.00 ms.
Unloading 3133 Unused Serialized files (Serialized files now loaded: 0)
System memory in use before: 159.3 MB.
System memory in use after: 159.5 MB.

Unloading 7 unused Assets to reduce memory usage. Loaded Objects now: 3839.
Total: 14.055500 ms (FindLiveObjects: 2.083900 ms CreateObjectMapping: 0.448500 ms MarkObjects: 11.347700 ms  DeleteObjects: 0.172400 ms)

========================================================================
Received Prepare
Registering precompiled user dll's ...
Registered in 0.003742 seconds.
Begin MonoManager ReloadAssembly
Native extension for WindowsStandalone target not found
Native extension for WebGL target not found
Refreshing native plugins compatible for Editor in 0.81 ms, found 0 plugins.
Preloading 0 native plugins for Editor in 0.00 ms.
Mono: successfully reloaded assembly
- Completed reload, in  2.697 seconds
Platform modules already initialized, skipping
Shader 'Universal Render Pipeline/Particles/Lit': fallback shader 'Universal Render Pipeline/Particles/SimpleLit' not found
Refreshing native plugins compatible for Editor in 0.83 ms, found 0 plugins.
Preloading 0 native plugins for Editor in 0.00 ms.
Unloading 3133 Unused Serialized files (Serialized files now loaded: 0)
System memory in use before: 159.3 MB.
System memory in use after: 159.5 MB.

Unloading 7 unused Assets to reduce memory usage. Loaded Objects now: 3842.
Total: 3.874100 ms (FindLiveObjects: 0.520800 ms CreateObjectMapping: 0.325700 ms MarkObjects: 2.915900 ms  DeleteObjects: 0.110200 ms)

========================================================================
Received Prepare
Registering precompiled user dll's ...
Registered in 0.002501 seconds.
Begin MonoManager ReloadAssembly
Native extension for WindowsStandalone target not found
Native extension for WebGL target not found
Refreshing native plugins compatible for Editor in 0.74 ms, found 0 plugins.
Preloading 0 native plugins for Editor in 0.00 ms.
Mono: successfully reloaded assembly
- Completed reload, in  1.638 seconds
Platform modules already initialized, skipping
Shader 'Universal Render Pipeline/Particles/Lit': fallback shader 'Universal Render Pipeline/Particles/SimpleLit' not found
Refreshing native plugins compatible for Editor in 0.73 ms, found 0 plugins.
Preloading 0 native plugins for Editor in 0.00 ms.
Unloading 3133 Unused Serialized files (Serialized files now loaded: 0)
System memory in use before: 159.3 MB.
System memory in use after: 159.5 MB.

Unloading 7 unused Assets to reduce memory usage. Loaded Objects now: 3845.
Total: 3.506100 ms (FindLiveObjects: 0.367000 ms CreateObjectMapping: 0.187700 ms MarkObjects: 2.812700 ms  DeleteObjects: 0.137600 ms)

AssetImportWorkerClient::OnTransportError - code=2 error=End of file
