Using pre-set license
Built from '2020.3/staging' branch; Version is '2020.3.9f1 (108be757e447) revision 1084391'; Using compiler version '192528614'; Build Type 'Release'
OS: 'Windows 10 Home; OS build 19043.1348; Version 2009; 64bit' Language: 'en' Physical Memory: 8103 MB
BatchMode: 1, IsHumanControllingUs: 0, StartBugReporterOnCrash: 0, Is64bit: 1, IsPro: 0

 COMMAND LINE ARGUMENTS:
C:\Program Files\Unity\2020.3.9f1\Editor\Unity.exe
-adb2
-batchMode
-noUpm
-name
AssetImportWorker9
-projectPath
C:/Users/al_dude360/Documents/GitHub/RE_Test
-logFile
Logs/AssetImportWorker9.log
-srvPort
34040
Successfully changed project path to: C:/Users/al_dude360/Documents/GitHub/RE_Test
C:/Users/al_dude360/Documents/GitHub/RE_Test
Using Asset Import Pipeline V2.
Refreshing native plugins compatible for Editor in 115.62 ms, found 0 plugins.
Preloading 0 native plugins for Editor in 0.00 ms.
Initialize engine version: 2020.3.9f1 (108be757e447)
[Subsystems] Discovering subsystems at path C:/Program Files/Unity/2020.3.9f1/Editor/Data/Resources/UnitySubsystems
[Subsystems] Discovering subsystems at path C:/Users/al_dude360/Documents/GitHub/RE_Test/Assets
GfxDevice: creating device client; threaded=0
Direct3D:
    Version:  Direct3D 11.0 [level 11.0]
    Renderer: NVIDIA GeForce 840M (ID=0x1341)
    Vendor:   
    VRAM:     2010 MB
    Driver:   27.21.14.6089
Shader 'Universal Render Pipeline/Particles/Lit': fallback shader 'Universal Render Pipeline/Particles/SimpleLit' not found
Initialize mono
Mono path[0] = 'C:/Program Files/Unity/2020.3.9f1/Editor/Data/Managed'
Mono path[1] = 'C:/Program Files/Unity/2020.3.9f1/Editor/Data/MonoBleedingEdge/lib/mono/unityjit'
Mono config path = 'C:/Program Files/Unity/2020.3.9f1/Editor/Data/MonoBleedingEdge/etc'
Using monoOptions --debugger-agent=transport=dt_socket,embedding=1,server=y,suspend=n,address=127.0.0.1:56748
Begin MonoManager ReloadAssembly
Registering precompiled unity dll's ...
Register platform support module: C:/Program Files/Unity/2020.3.9f1/Editor/Data/PlaybackEngines/WebGLSupport/UnityEditor.WebGL.Extensions.dll
Register platform support module: C:/Program Files/Unity/2020.3.9f1/Editor/Data/PlaybackEngines/WindowsStandaloneSupport/UnityEditor.WindowsStandalone.Extensions.dll
Registered in 0.003218 seconds.
Native extension for WindowsStandalone target not found
Native extension for WebGL target not found
Refreshing native plugins compatible for Editor in 100.31 ms, found 0 plugins.
Preloading 0 native plugins for Editor in 0.00 ms.
Mono: successfully reloaded assembly
- Completed reload, in  3.247 seconds
Platform modules already initialized, skipping
Registering precompiled user dll's ...
Registered in 0.002192 seconds.
Begin MonoManager ReloadAssembly
Native extension for WindowsStandalone target not found
Native extension for WebGL target not found
Refreshing native plugins compatible for Editor in 100.97 ms, found 0 plugins.
Preloading 0 native plugins for Editor in 0.00 ms.
Mono: successfully reloaded assembly
- Completed reload, in  3.527 seconds
Platform modules already initialized, skipping
========================================================================
Worker process is ready to serve import requests
Shader 'Universal Render Pipeline/Particles/Lit': fallback shader 'Universal Render Pipeline/Particles/SimpleLit' not found
Launched and connected shader compiler UnityShaderCompiler.exe after 0.38 seconds
Refreshing native plugins compatible for Editor in 2.34 ms, found 0 plugins.
Preloading 0 native plugins for Editor in 0.00 ms.
Unloading 3002 Unused Serialized files (Serialized files now loaded: 0)
System memory in use before: 140.4 MB.
System memory in use after: 140.5 MB.

Unloading 12 unused Assets to reduce memory usage. Loaded Objects now: 3453.
Total: 5.644700 ms (FindLiveObjects: 0.496200 ms CreateObjectMapping: 0.219000 ms MarkObjects: 4.790200 ms  DeleteObjects: 0.137600 ms)

========================================================================
Received Import Request.
  path: Assets/Textures/Sprites/Bullet.png
  artifactKey: Guid(327849ee02009bc4280e6c80d0826bac) Importer(815301076,1909f56bfc062723c751e8b465ee728b)
Start importing Assets/Textures/Sprites/Bullet.png using Guid(327849ee02009bc4280e6c80d0826bac) Importer(815301076,1909f56bfc062723c751e8b465ee728b)  -> (artifact id: '276d12afb8ff8c9c6223a569d84a148e') in 0.588291 seconds
  Import took 0.625953 seconds .

========================================================================
Received Import Request.
  Time since last request: 256.912635 seconds.
  path: Assets/Textures/Sprites
  artifactKey: Guid(ff36eaf3baf0c1f4f94a976447d7f02f) Importer(815301076,1909f56bfc062723c751e8b465ee728b)
Start importing Assets/Textures/Sprites using Guid(ff36eaf3baf0c1f4f94a976447d7f02f) Importer(815301076,1909f56bfc062723c751e8b465ee728b)  -> (artifact id: '4facd1f0fa76f80b12014db20e289740') in 0.045454 seconds
  Import took 0.138636 seconds .

========================================================================
Received Import Request.
  Time since last request: 45.841158 seconds.
  path: Assets/Textures/Sprites/NewUnlitShader.shader
  artifactKey: Guid(83c5bcb8f3e6f31458ff30d698e8a453) Importer(815301076,1909f56bfc062723c751e8b465ee728b)
Start importing Assets/Textures/Sprites/NewUnlitShader.shader using Guid(83c5bcb8f3e6f31458ff30d698e8a453) Importer(815301076,1909f56bfc062723c751e8b465ee728b)  -> (artifact id: '6bba9019a45cd757a3b7089c23656fa4') in 0.353614 seconds
  Import took 0.429765 seconds .

========================================================================
Received Import Request.
  Time since last request: 1.012852 seconds.
  path: Assets/Textures/Sprites/NewUnlitShader.shader
  artifactKey: Guid(83c5bcb8f3e6f31458ff30d698e8a453) Importer(815301076,1909f56bfc062723c751e8b465ee728b)
Start importing Assets/Textures/Sprites/NewUnlitShader.shader using Guid(83c5bcb8f3e6f31458ff30d698e8a453) Importer(815301076,1909f56bfc062723c751e8b465ee728b)  -> (artifact id: '6bba9019a45cd757a3b7089c23656fa4') in 0.006704 seconds
  Import took 0.021355 seconds .

========================================================================
Received Import Request.
  Time since last request: 45.551834 seconds.
  path: Assets/Scripts/Pickup.cs
  artifactKey: Guid(c1044dac4fff2064ea50199cd2593561) Importer(815301076,1909f56bfc062723c751e8b465ee728b)
Start importing Assets/Scripts/Pickup.cs using Guid(c1044dac4fff2064ea50199cd2593561) Importer(815301076,1909f56bfc062723c751e8b465ee728b)  -> (artifact id: 'dc2ccea2574aa04eeed85d942268ceac') in 0.157730 seconds
  Import took 0.187062 seconds .

========================================================================
Received Import Request.
  Time since last request: 200.508116 seconds.
  path: Assets/Scripts/Billboard.cs
  artifactKey: Guid(117746e67f0cce043bc26148cec0a3b7) Importer(815301076,1909f56bfc062723c751e8b465ee728b)
Start importing Assets/Scripts/Billboard.cs using Guid(117746e67f0cce043bc26148cec0a3b7) Importer(815301076,1909f56bfc062723c751e8b465ee728b)  -> (artifact id: '5c63d1b4dd8ec6ff1007f0277296db69') in 0.143038 seconds
  Import took 0.251561 seconds .

========================================================================
Received Prepare
Registering precompiled user dll's ...
Registered in 0.203314 seconds.
Begin MonoManager ReloadAssembly
Native extension for WindowsStandalone target not found
Native extension for WebGL target not found
Refreshing native plugins compatible for Editor in 1.02 ms, found 0 plugins.
Preloading 0 native plugins for Editor in 0.00 ms.
Mono: successfully reloaded assembly
- Completed reload, in  6.051 seconds
Platform modules already initialized, skipping
Shader 'Universal Render Pipeline/Particles/Lit': fallback shader 'Universal Render Pipeline/Particles/SimpleLit' not found
Refreshing native plugins compatible for Editor in 2.10 ms, found 0 plugins.
Preloading 0 native plugins for Editor in 0.00 ms.
Unloading 2849 Unused Serialized files (Serialized files now loaded: 0)
System memory in use before: 132.2 MB.
System memory in use after: 132.4 MB.

Unloading 7 unused Assets to reduce memory usage. Loaded Objects now: 3463.
Total: 8.174500 ms (FindLiveObjects: 1.030900 ms CreateObjectMapping: 0.555700 ms MarkObjects: 6.433800 ms  DeleteObjects: 0.151300 ms)

========================================================================
Received Prepare
Registering precompiled user dll's ...
Registered in 0.002890 seconds.
Begin MonoManager ReloadAssembly
Native extension for WindowsStandalone target not found
Native extension for WebGL target not found
Refreshing native plugins compatible for Editor in 0.77 ms, found 0 plugins.
Preloading 0 native plugins for Editor in 0.00 ms.
Mono: successfully reloaded assembly
- Completed reload, in  2.966 seconds
Platform modules already initialized, skipping
Shader 'Universal Render Pipeline/Particles/Lit': fallback shader 'Universal Render Pipeline/Particles/SimpleLit' not found
Refreshing native plugins compatible for Editor in 0.89 ms, found 0 plugins.
Preloading 0 native plugins for Editor in 0.00 ms.
Unloading 2849 Unused Serialized files (Serialized files now loaded: 0)
System memory in use before: 132.2 MB.
System memory in use after: 132.4 MB.

Unloading 7 unused Assets to reduce memory usage. Loaded Objects now: 3466.
Total: 10.074200 ms (FindLiveObjects: 0.392700 ms CreateObjectMapping: 0.158400 ms MarkObjects: 9.353000 ms  DeleteObjects: 0.167800 ms)

========================================================================
Received Prepare
Registering precompiled user dll's ...
Registered in 0.002235 seconds.
Begin MonoManager ReloadAssembly
Native extension for WindowsStandalone target not found
Native extension for WebGL target not found
Refreshing native plugins compatible for Editor in 1.15 ms, found 0 plugins.
Preloading 0 native plugins for Editor in 0.00 ms.
Mono: successfully reloaded assembly
- Completed reload, in  6.370 seconds
Platform modules already initialized, skipping
Shader 'Universal Render Pipeline/Particles/Lit': fallback shader 'Universal Render Pipeline/Particles/SimpleLit' not found
Refreshing native plugins compatible for Editor in 0.62 ms, found 0 plugins.
Preloading 0 native plugins for Editor in 0.00 ms.
Unloading 2849 Unused Serialized files (Serialized files now loaded: 0)
System memory in use before: 132.3 MB.
System memory in use after: 132.4 MB.

Unloading 7 unused Assets to reduce memory usage. Loaded Objects now: 3469.
Total: 48.906100 ms (FindLiveObjects: 0.547000 ms CreateObjectMapping: 0.382700 ms MarkObjects: 47.872700 ms  DeleteObjects: 0.101700 ms)

========================================================================
Received Prepare
Registering precompiled user dll's ...
Registered in 0.002227 seconds.
Begin MonoManager ReloadAssembly
Native extension for WindowsStandalone target not found
Native extension for WebGL target not found
Refreshing native plugins compatible for Editor in 0.70 ms, found 0 plugins.
Preloading 0 native plugins for Editor in 0.00 ms.
Mono: successfully reloaded assembly
- Completed reload, in  2.115 seconds
Platform modules already initialized, skipping
Shader 'Universal Render Pipeline/Particles/Lit': fallback shader 'Universal Render Pipeline/Particles/SimpleLit' not found
Refreshing native plugins compatible for Editor in 0.75 ms, found 0 plugins.
Preloading 0 native plugins for Editor in 0.00 ms.
Unloading 2849 Unused Serialized files (Serialized files now loaded: 0)
System memory in use before: 132.3 MB.
System memory in use after: 132.5 MB.

Unloading 7 unused Assets to reduce memory usage. Loaded Objects now: 3472.
Total: 5.189800 ms (FindLiveObjects: 0.451800 ms CreateObjectMapping: 0.283400 ms MarkObjects: 4.303400 ms  DeleteObjects: 0.148900 ms)

========================================================================
Received Prepare
Registering precompiled user dll's ...
Registered in 0.076464 seconds.
Begin MonoManager ReloadAssembly
Native extension for WindowsStandalone target not found
Native extension for WebGL target not found
Refreshing native plugins compatible for Editor in 0.81 ms, found 0 plugins.
Preloading 0 native plugins for Editor in 0.00 ms.
Mono: successfully reloaded assembly
- Completed reload, in  3.303 seconds
Platform modules already initialized, skipping
Shader 'Universal Render Pipeline/Particles/Lit': fallback shader 'Universal Render Pipeline/Particles/SimpleLit' not found
Refreshing native plugins compatible for Editor in 1.77 ms, found 0 plugins.
Preloading 0 native plugins for Editor in 0.00 ms.
Unloading 2849 Unused Serialized files (Serialized files now loaded: 0)
System memory in use before: 132.3 MB.
System memory in use after: 132.5 MB.

Unloading 7 unused Assets to reduce memory usage. Loaded Objects now: 3475.
Total: 5.405300 ms (FindLiveObjects: 0.566400 ms CreateObjectMapping: 0.393200 ms MarkObjects: 4.262000 ms  DeleteObjects: 0.180400 ms)

AssetImportWorkerClient::OnTransportError - code=2 error=End of file
